[2025-04-14T07:25:51.461+0000] {taskinstance.py:1171} INFO - Dependencies all met for <TaskInstance: M3_GA_pipeline.data_cleaning manual__2025-04-14T07:25:40.783711+00:00 [queued]>
[2025-04-14T07:25:51.478+0000] {taskinstance.py:1171} INFO - Dependencies all met for <TaskInstance: M3_GA_pipeline.data_cleaning manual__2025-04-14T07:25:40.783711+00:00 [queued]>
[2025-04-14T07:25:51.478+0000] {taskinstance.py:1368} INFO - 
--------------------------------------------------------------------------------
[2025-04-14T07:25:51.479+0000] {taskinstance.py:1369} INFO - Starting attempt 1 of 1
[2025-04-14T07:25:51.479+0000] {taskinstance.py:1370} INFO - 
--------------------------------------------------------------------------------
[2025-04-14T07:25:51.502+0000] {taskinstance.py:1389} INFO - Executing <Task(PythonOperator): data_cleaning> on 2025-04-14 07:25:40.783711+00:00
[2025-04-14T07:25:51.512+0000] {standard_task_runner.py:52} INFO - Started process 1377 to run task
[2025-04-14T07:25:51.517+0000] {standard_task_runner.py:79} INFO - Running: ['***', 'tasks', 'run', 'M3_GA_pipeline', 'data_cleaning', 'manual__2025-04-14T07:25:40.783711+00:00', '--job-id', '48', '--raw', '--subdir', 'DAGS_FOLDER/P2M3_galuh_alifani_DAG.py', '--cfg-path', '/tmp/tmprv84kkop', '--error-file', '/tmp/tmplqo_l54_']
[2025-04-14T07:25:51.519+0000] {standard_task_runner.py:80} INFO - Job 48: Subtask data_cleaning
[2025-04-14T07:25:51.718+0000] {task_command.py:371} INFO - Running <TaskInstance: M3_GA_pipeline.data_cleaning manual__2025-04-14T07:25:40.783711+00:00 [running]> on host b652548eb1f7
[2025-04-14T07:25:51.928+0000] {taskinstance.py:1583} INFO - Exporting the following env vars:
AIRFLOW_CTX_DAG_OWNER=Galuh
AIRFLOW_CTX_DAG_ID=M3_GA_pipeline
AIRFLOW_CTX_TASK_ID=data_cleaning
AIRFLOW_CTX_EXECUTION_DATE=2025-04-14T07:25:40.783711+00:00
AIRFLOW_CTX_TRY_NUMBER=1
AIRFLOW_CTX_DAG_RUN_ID=manual__2025-04-14T07:25:40.783711+00:00
[2025-04-14T07:26:03.222+0000] {logging_mixin.py:115} INFO - data has been cleaned
[2025-04-14T07:26:03.355+0000] {python.py:173} INFO - Done. Returned value was: None
[2025-04-14T07:26:03.393+0000] {taskinstance.py:1412} INFO - Marking task as SUCCESS. dag_id=M3_GA_pipeline, task_id=data_cleaning, execution_date=20250414T072540, start_date=20250414T072551, end_date=20250414T072603
[2025-04-14T07:26:03.443+0000] {local_task_job.py:156} INFO - Task exited with return code 0
[2025-04-14T07:26:03.545+0000] {local_task_job.py:279} INFO - 1 downstream tasks scheduled from follow-on schedule check
