[2025-04-11T17:56:00.970+0000] {taskinstance.py:1171} INFO - Dependencies all met for <TaskInstance: M3_GA_pipeline.post_to_elasticsearch manual__2025-04-11T17:55:12.050671+00:00 [queued]>
[2025-04-11T17:56:01.027+0000] {taskinstance.py:1171} INFO - Dependencies all met for <TaskInstance: M3_GA_pipeline.post_to_elasticsearch manual__2025-04-11T17:55:12.050671+00:00 [queued]>
[2025-04-11T17:56:01.029+0000] {taskinstance.py:1368} INFO - 
--------------------------------------------------------------------------------
[2025-04-11T17:56:01.031+0000] {taskinstance.py:1369} INFO - Starting attempt 1 of 1
[2025-04-11T17:56:01.032+0000] {taskinstance.py:1370} INFO - 
--------------------------------------------------------------------------------
[2025-04-11T17:56:01.130+0000] {taskinstance.py:1389} INFO - Executing <Task(PythonOperator): post_to_elasticsearch> on 2025-04-11 17:55:12.050671+00:00
[2025-04-11T17:56:01.150+0000] {standard_task_runner.py:52} INFO - Started process 236 to run task
[2025-04-11T17:56:01.167+0000] {standard_task_runner.py:79} INFO - Running: ['***', 'tasks', 'run', 'M3_GA_pipeline', 'post_to_elasticsearch', 'manual__2025-04-11T17:55:12.050671+00:00', '--job-id', '15', '--raw', '--subdir', 'DAGS_FOLDER/P2M3_galuh_alifani_DAG.py', '--cfg-path', '/tmp/tmpnpetxuhw', '--error-file', '/tmp/tmp6z1gd2cy']
[2025-04-11T17:56:01.174+0000] {standard_task_runner.py:80} INFO - Job 15: Subtask post_to_elasticsearch
[2025-04-11T17:56:01.722+0000] {task_command.py:371} INFO - Running <TaskInstance: M3_GA_pipeline.post_to_elasticsearch manual__2025-04-11T17:55:12.050671+00:00 [running]> on host cc0ee192f301
[2025-04-11T17:56:02.008+0000] {taskinstance.py:1583} INFO - Exporting the following env vars:
AIRFLOW_CTX_DAG_OWNER=Galuh
AIRFLOW_CTX_DAG_ID=M3_GA_pipeline
AIRFLOW_CTX_TASK_ID=post_to_elasticsearch
AIRFLOW_CTX_EXECUTION_DATE=2025-04-11T17:55:12.050671+00:00
AIRFLOW_CTX_TRY_NUMBER=1
AIRFLOW_CTX_DAG_RUN_ID=manual__2025-04-11T17:55:12.050671+00:00
[2025-04-11T17:56:28.346+0000] {base.py:271} INFO - POST http://elasticsearch:9200/_bulk [status:200 request:1.202s]
[2025-04-11T17:56:29.272+0000] {base.py:271} INFO - POST http://elasticsearch:9200/_bulk [status:200 request:0.858s]
[2025-04-11T17:56:30.306+0000] {base.py:271} INFO - POST http://elasticsearch:9200/_bulk [status:200 request:0.949s]
[2025-04-11T17:56:31.127+0000] {base.py:271} INFO - POST http://elasticsearch:9200/_bulk [status:200 request:0.740s]
[2025-04-11T17:56:31.688+0000] {base.py:271} INFO - POST http://elasticsearch:9200/_bulk [status:200 request:0.505s]
[2025-04-11T17:56:32.340+0000] {base.py:271} INFO - POST http://elasticsearch:9200/_bulk [status:200 request:0.307s]
[2025-04-11T17:56:33.107+0000] {base.py:271} INFO - POST http://elasticsearch:9200/_bulk [status:200 request:0.629s]
[2025-04-11T17:56:33.639+0000] {base.py:271} INFO - POST http://elasticsearch:9200/_bulk [status:200 request:0.443s]
[2025-04-11T17:56:34.096+0000] {base.py:271} INFO - POST http://elasticsearch:9200/_bulk [status:200 request:0.365s]
[2025-04-11T17:56:34.917+0000] {base.py:271} INFO - POST http://elasticsearch:9200/_bulk [status:200 request:0.725s]
[2025-04-11T17:56:35.359+0000] {base.py:271} INFO - POST http://elasticsearch:9200/_bulk [status:200 request:0.361s]
[2025-04-11T17:56:35.878+0000] {base.py:271} INFO - POST http://elasticsearch:9200/_bulk [status:200 request:0.429s]
[2025-04-11T17:56:36.263+0000] {base.py:271} INFO - POST http://elasticsearch:9200/_bulk [status:200 request:0.288s]
[2025-04-11T17:56:36.905+0000] {base.py:271} INFO - POST http://elasticsearch:9200/_bulk [status:200 request:0.582s]
[2025-04-11T17:56:37.985+0000] {base.py:271} INFO - POST http://elasticsearch:9200/_bulk [status:200 request:0.948s]
[2025-04-11T17:56:38.910+0000] {base.py:271} INFO - POST http://elasticsearch:9200/_bulk [status:200 request:0.729s]
[2025-04-11T17:56:39.303+0000] {base.py:271} INFO - POST http://elasticsearch:9200/_bulk [status:200 request:0.294s]
[2025-04-11T17:56:39.804+0000] {base.py:271} INFO - POST http://elasticsearch:9200/_bulk [status:200 request:0.418s]
[2025-04-11T17:56:40.295+0000] {base.py:271} INFO - POST http://elasticsearch:9200/_bulk [status:200 request:0.401s]
[2025-04-11T17:56:41.905+0000] {base.py:271} INFO - POST http://elasticsearch:9200/_bulk [status:200 request:1.389s]
[2025-04-11T17:56:42.687+0000] {base.py:271} INFO - POST http://elasticsearch:9200/_bulk [status:200 request:0.614s]
[2025-04-11T17:56:43.091+0000] {base.py:271} INFO - POST http://elasticsearch:9200/_bulk [status:200 request:0.307s]
[2025-04-11T17:56:43.648+0000] {base.py:271} INFO - POST http://elasticsearch:9200/_bulk [status:200 request:0.470s]
[2025-04-11T17:56:43.944+0000] {base.py:271} INFO - POST http://elasticsearch:9200/_bulk [status:200 request:0.229s]
[2025-04-11T17:56:44.352+0000] {base.py:271} INFO - POST http://elasticsearch:9200/_bulk [status:200 request:0.292s]
[2025-04-11T17:56:44.719+0000] {base.py:271} INFO - POST http://elasticsearch:9200/_bulk [status:200 request:0.305s]
[2025-04-11T17:56:45.116+0000] {base.py:271} INFO - POST http://elasticsearch:9200/_bulk [status:200 request:0.307s]
[2025-04-11T17:56:45.751+0000] {base.py:271} INFO - POST http://elasticsearch:9200/_bulk [status:200 request:0.533s]
[2025-04-11T17:56:46.068+0000] {base.py:271} INFO - POST http://elasticsearch:9200/_bulk [status:200 request:0.235s]
[2025-04-11T17:56:46.347+0000] {base.py:271} INFO - POST http://elasticsearch:9200/_bulk [status:200 request:0.201s]
[2025-04-11T17:56:46.674+0000] {base.py:271} INFO - POST http://elasticsearch:9200/_bulk [status:200 request:0.246s]
[2025-04-11T17:56:47.090+0000] {base.py:271} INFO - POST http://elasticsearch:9200/_bulk [status:200 request:0.343s]
[2025-04-11T17:56:47.442+0000] {base.py:271} INFO - POST http://elasticsearch:9200/_bulk [status:200 request:0.285s]
[2025-04-11T17:56:47.850+0000] {base.py:271} INFO - POST http://elasticsearch:9200/_bulk [status:200 request:0.290s]
[2025-04-11T17:56:48.240+0000] {base.py:271} INFO - POST http://elasticsearch:9200/_bulk [status:200 request:0.301s]
[2025-04-11T17:56:48.562+0000] {base.py:271} INFO - POST http://elasticsearch:9200/_bulk [status:200 request:0.250s]
[2025-04-11T17:56:48.842+0000] {base.py:271} INFO - POST http://elasticsearch:9200/_bulk [status:200 request:0.196s]
[2025-04-11T17:56:49.145+0000] {base.py:271} INFO - POST http://elasticsearch:9200/_bulk [status:200 request:0.234s]
[2025-04-11T17:56:49.543+0000] {base.py:271} INFO - POST http://elasticsearch:9200/_bulk [status:200 request:0.305s]
[2025-04-11T17:56:49.921+0000] {base.py:271} INFO - POST http://elasticsearch:9200/_bulk [status:200 request:0.246s]
[2025-04-11T17:56:50.197+0000] {base.py:271} INFO - POST http://elasticsearch:9200/_bulk [status:200 request:0.187s]
[2025-04-11T17:56:50.539+0000] {base.py:271} INFO - POST http://elasticsearch:9200/_bulk [status:200 request:0.255s]
[2025-04-11T17:56:50.799+0000] {base.py:271} INFO - POST http://elasticsearch:9200/_bulk [status:200 request:0.179s]
[2025-04-11T17:56:51.099+0000] {base.py:271} INFO - POST http://elasticsearch:9200/_bulk [status:200 request:0.224s]
[2025-04-11T17:56:51.598+0000] {base.py:271} INFO - POST http://elasticsearch:9200/_bulk [status:200 request:0.412s]
[2025-04-11T17:56:52.032+0000] {base.py:271} INFO - POST http://elasticsearch:9200/_bulk [status:200 request:0.357s]
[2025-04-11T17:56:52.629+0000] {base.py:271} INFO - POST http://elasticsearch:9200/_bulk [status:200 request:0.539s]
[2025-04-11T17:56:54.356+0000] {base.py:271} INFO - POST http://elasticsearch:9200/_bulk [status:200 request:1.543s]
[2025-04-11T17:56:55.018+0000] {base.py:271} INFO - POST http://elasticsearch:9200/_bulk [status:200 request:0.508s]
[2025-04-11T17:56:55.590+0000] {base.py:271} INFO - POST http://elasticsearch:9200/_bulk [status:200 request:0.495s]
[2025-04-11T17:56:55.983+0000] {base.py:271} INFO - POST http://elasticsearch:9200/_bulk [status:200 request:0.335s]
[2025-04-11T17:56:56.744+0000] {base.py:271} INFO - POST http://elasticsearch:9200/_bulk [status:200 request:0.697s]
[2025-04-11T17:56:57.036+0000] {base.py:271} INFO - POST http://elasticsearch:9200/_bulk [status:200 request:0.210s]
[2025-04-11T17:56:57.457+0000] {base.py:271} INFO - POST http://elasticsearch:9200/_bulk [status:200 request:0.369s]
[2025-04-11T17:56:57.883+0000] {base.py:271} INFO - POST http://elasticsearch:9200/_bulk [status:200 request:0.345s]
[2025-04-11T17:56:58.225+0000] {base.py:271} INFO - POST http://elasticsearch:9200/_bulk [status:200 request:0.271s]
[2025-04-11T17:56:58.600+0000] {base.py:271} INFO - POST http://elasticsearch:9200/_bulk [status:200 request:0.304s]
[2025-04-11T17:56:58.942+0000] {base.py:271} INFO - POST http://elasticsearch:9200/_bulk [status:200 request:0.280s]
[2025-04-11T17:56:59.238+0000] {base.py:271} INFO - POST http://elasticsearch:9200/_bulk [status:200 request:0.245s]
[2025-04-11T17:56:59.557+0000] {base.py:271} INFO - POST http://elasticsearch:9200/_bulk [status:200 request:0.274s]
[2025-04-11T17:56:59.911+0000] {base.py:271} INFO - POST http://elasticsearch:9200/_bulk [status:200 request:0.319s]
[2025-04-11T17:57:00.277+0000] {base.py:271} INFO - POST http://elasticsearch:9200/_bulk [status:200 request:0.292s]
[2025-04-11T17:57:00.597+0000] {base.py:271} INFO - POST http://elasticsearch:9200/_bulk [status:200 request:0.288s]
[2025-04-11T17:57:01.277+0000] {base.py:271} INFO - POST http://elasticsearch:9200/_bulk [status:200 request:0.583s]
[2025-04-11T17:57:01.634+0000] {base.py:271} INFO - POST http://elasticsearch:9200/_bulk [status:200 request:0.303s]
[2025-04-11T17:57:01.980+0000] {base.py:271} INFO - POST http://elasticsearch:9200/_bulk [status:200 request:0.305s]
[2025-04-11T17:57:02.496+0000] {base.py:271} INFO - POST http://elasticsearch:9200/_bulk [status:200 request:0.424s]
[2025-04-11T17:57:02.965+0000] {base.py:271} INFO - POST http://elasticsearch:9200/_bulk [status:200 request:0.417s]
[2025-04-11T17:57:03.588+0000] {base.py:271} INFO - POST http://elasticsearch:9200/_bulk [status:200 request:0.516s]
[2025-04-11T17:57:03.935+0000] {base.py:271} INFO - POST http://elasticsearch:9200/_bulk [status:200 request:0.267s]
[2025-04-11T17:57:04.286+0000] {base.py:271} INFO - POST http://elasticsearch:9200/_bulk [status:200 request:0.293s]
[2025-04-11T17:57:04.558+0000] {base.py:271} INFO - POST http://elasticsearch:9200/_bulk [status:200 request:0.241s]
[2025-04-11T17:57:04.955+0000] {base.py:271} INFO - POST http://elasticsearch:9200/_bulk [status:200 request:0.348s]
[2025-04-11T17:57:05.496+0000] {base.py:271} INFO - POST http://elasticsearch:9200/_bulk [status:200 request:0.467s]
[2025-04-11T17:57:06.052+0000] {base.py:271} INFO - POST http://elasticsearch:9200/_bulk [status:200 request:0.416s]
[2025-04-11T17:57:06.421+0000] {base.py:271} INFO - POST http://elasticsearch:9200/_bulk [status:200 request:0.312s]
[2025-04-11T17:57:07.020+0000] {base.py:271} INFO - POST http://elasticsearch:9200/_bulk [status:200 request:0.533s]
[2025-04-11T17:57:07.503+0000] {base.py:271} INFO - POST http://elasticsearch:9200/_bulk [status:200 request:0.432s]
[2025-04-11T17:57:08.109+0000] {base.py:271} INFO - POST http://elasticsearch:9200/_bulk [status:200 request:0.498s]
[2025-04-11T17:57:08.596+0000] {base.py:271} INFO - POST http://elasticsearch:9200/_bulk [status:200 request:0.420s]
[2025-04-11T17:57:09.065+0000] {base.py:271} INFO - POST http://elasticsearch:9200/_bulk [status:200 request:0.408s]
[2025-04-11T17:57:09.385+0000] {base.py:271} INFO - POST http://elasticsearch:9200/_bulk [status:200 request:0.270s]
[2025-04-11T17:57:10.034+0000] {base.py:271} INFO - POST http://elasticsearch:9200/_bulk [status:200 request:0.560s]
[2025-04-11T17:57:10.464+0000] {base.py:271} INFO - POST http://elasticsearch:9200/_bulk [status:200 request:0.368s]
[2025-04-11T17:57:10.969+0000] {base.py:271} INFO - POST http://elasticsearch:9200/_bulk [status:200 request:0.427s]
[2025-04-11T17:57:11.506+0000] {base.py:271} INFO - POST http://elasticsearch:9200/_bulk [status:200 request:0.408s]
[2025-04-11T17:57:12.017+0000] {base.py:271} INFO - POST http://elasticsearch:9200/_bulk [status:200 request:0.339s]
[2025-04-11T17:57:12.270+0000] {base.py:271} INFO - POST http://elasticsearch:9200/_bulk [status:200 request:0.208s]
[2025-04-11T17:57:12.598+0000] {base.py:271} INFO - POST http://elasticsearch:9200/_bulk [status:200 request:0.268s]
[2025-04-11T17:57:13.142+0000] {base.py:271} INFO - POST http://elasticsearch:9200/_bulk [status:200 request:0.446s]
[2025-04-11T17:57:13.394+0000] {base.py:271} INFO - POST http://elasticsearch:9200/_bulk [status:200 request:0.223s]
[2025-04-11T17:57:13.724+0000] {base.py:271} INFO - POST http://elasticsearch:9200/_bulk [status:200 request:0.270s]
[2025-04-11T17:57:14.040+0000] {base.py:271} INFO - POST http://elasticsearch:9200/_bulk [status:200 request:0.266s]
[2025-04-11T17:57:14.556+0000] {base.py:271} INFO - POST http://elasticsearch:9200/_bulk [status:200 request:0.455s]
[2025-04-11T17:57:14.959+0000] {base.py:271} INFO - POST http://elasticsearch:9200/_bulk [status:200 request:0.353s]
[2025-04-11T17:57:15.508+0000] {base.py:271} INFO - POST http://elasticsearch:9200/_bulk [status:200 request:0.481s]
[2025-04-11T17:57:15.744+0000] {base.py:271} INFO - POST http://elasticsearch:9200/_bulk [status:200 request:0.177s]
[2025-04-11T17:57:16.013+0000] {base.py:271} INFO - POST http://elasticsearch:9200/_bulk [status:200 request:0.210s]
[2025-04-11T17:57:16.464+0000] {base.py:271} INFO - POST http://elasticsearch:9200/_bulk [status:200 request:0.412s]
[2025-04-11T17:57:16.812+0000] {base.py:271} INFO - POST http://elasticsearch:9200/_bulk [status:200 request:0.272s]
[2025-04-11T17:57:17.051+0000] {base.py:271} INFO - POST http://elasticsearch:9200/_bulk [status:200 request:0.204s]
[2025-04-11T17:57:17.298+0000] {base.py:271} INFO - POST http://elasticsearch:9200/_bulk [status:200 request:0.211s]
[2025-04-11T17:57:17.524+0000] {base.py:271} INFO - POST http://elasticsearch:9200/_bulk [status:200 request:0.191s]
[2025-04-11T17:57:17.741+0000] {base.py:271} INFO - POST http://elasticsearch:9200/_bulk [status:200 request:0.181s]
[2025-04-11T17:57:18.285+0000] {base.py:271} INFO - POST http://elasticsearch:9200/_bulk [status:200 request:0.476s]
[2025-04-11T17:57:18.595+0000] {base.py:271} INFO - POST http://elasticsearch:9200/_bulk [status:200 request:0.256s]
[2025-04-11T17:57:18.879+0000] {base.py:271} INFO - POST http://elasticsearch:9200/_bulk [status:200 request:0.242s]
[2025-04-11T17:57:19.209+0000] {base.py:271} INFO - POST http://elasticsearch:9200/_bulk [status:200 request:0.287s]
[2025-04-11T17:57:19.497+0000] {base.py:271} INFO - POST http://elasticsearch:9200/_bulk [status:200 request:0.206s]
[2025-04-11T17:57:19.681+0000] {base.py:271} INFO - POST http://elasticsearch:9200/_bulk [status:200 request:0.140s]
[2025-04-11T17:57:19.908+0000] {base.py:271} INFO - POST http://elasticsearch:9200/_bulk [status:200 request:0.183s]
[2025-04-11T17:57:20.145+0000] {base.py:271} INFO - POST http://elasticsearch:9200/_bulk [status:200 request:0.191s]
[2025-04-11T17:57:20.436+0000] {base.py:271} INFO - POST http://elasticsearch:9200/_bulk [status:200 request:0.235s]
[2025-04-11T17:57:20.829+0000] {base.py:271} INFO - POST http://elasticsearch:9200/_bulk [status:200 request:0.346s]
[2025-04-11T17:57:21.213+0000] {base.py:271} INFO - POST http://elasticsearch:9200/_bulk [status:200 request:0.327s]
[2025-04-11T17:57:21.745+0000] {base.py:271} INFO - POST http://elasticsearch:9200/_bulk [status:200 request:0.483s]
[2025-04-11T17:57:22.836+0000] {base.py:271} INFO - POST http://elasticsearch:9200/_bulk [status:200 request:0.968s]
[2025-04-11T17:57:23.544+0000] {base.py:271} INFO - POST http://elasticsearch:9200/_bulk [status:200 request:0.603s]
[2025-04-11T17:57:23.996+0000] {base.py:271} INFO - POST http://elasticsearch:9200/_bulk [status:200 request:0.345s]
[2025-04-11T17:57:24.361+0000] {base.py:271} INFO - POST http://elasticsearch:9200/_bulk [status:200 request:0.299s]
[2025-04-11T17:57:25.276+0000] {base.py:271} INFO - POST http://elasticsearch:9200/_bulk [status:200 request:0.830s]
[2025-04-11T17:57:25.571+0000] {base.py:271} INFO - POST http://elasticsearch:9200/_bulk [status:200 request:0.263s]
[2025-04-11T17:57:25.781+0000] {base.py:271} INFO - POST http://elasticsearch:9200/_bulk [status:200 request:0.177s]
[2025-04-11T17:57:26.192+0000] {base.py:271} INFO - POST http://elasticsearch:9200/_bulk [status:200 request:0.362s]
[2025-04-11T17:57:26.542+0000] {base.py:271} INFO - POST http://elasticsearch:9200/_bulk [status:200 request:0.295s]
[2025-04-11T17:57:26.864+0000] {base.py:271} INFO - POST http://elasticsearch:9200/_bulk [status:200 request:0.273s]
[2025-04-11T17:57:27.265+0000] {base.py:271} INFO - POST http://elasticsearch:9200/_bulk [status:200 request:0.342s]
[2025-04-11T17:57:27.679+0000] {base.py:271} INFO - POST http://elasticsearch:9200/_bulk [status:200 request:0.344s]
[2025-04-11T17:57:28.013+0000] {base.py:271} INFO - POST http://elasticsearch:9200/_bulk [status:200 request:0.284s]
[2025-04-11T17:57:28.340+0000] {base.py:271} INFO - POST http://elasticsearch:9200/_bulk [status:200 request:0.266s]
[2025-04-11T17:57:28.650+0000] {base.py:271} INFO - POST http://elasticsearch:9200/_bulk [status:200 request:0.271s]
[2025-04-11T17:57:29.027+0000] {base.py:271} INFO - POST http://elasticsearch:9200/_bulk [status:200 request:0.337s]
[2025-04-11T17:57:29.412+0000] {base.py:271} INFO - POST http://elasticsearch:9200/_bulk [status:200 request:0.291s]
[2025-04-11T17:57:29.785+0000] {base.py:271} INFO - POST http://elasticsearch:9200/_bulk [status:200 request:0.315s]
[2025-04-11T17:57:30.206+0000] {base.py:271} INFO - POST http://elasticsearch:9200/_bulk [status:200 request:0.383s]
[2025-04-11T17:57:30.676+0000] {base.py:271} INFO - POST http://elasticsearch:9200/_bulk [status:200 request:0.348s]
[2025-04-11T17:57:31.091+0000] {base.py:271} INFO - POST http://elasticsearch:9200/_bulk [status:200 request:0.385s]
[2025-04-11T17:57:31.575+0000] {base.py:271} INFO - POST http://elasticsearch:9200/_bulk [status:200 request:0.335s]
[2025-04-11T17:57:31.839+0000] {base.py:271} INFO - POST http://elasticsearch:9200/_bulk [status:200 request:0.226s]
[2025-04-11T17:57:32.329+0000] {base.py:271} INFO - POST http://elasticsearch:9200/_bulk [status:200 request:0.438s]
[2025-04-11T17:57:32.624+0000] {base.py:271} INFO - POST http://elasticsearch:9200/_bulk [status:200 request:0.233s]
[2025-04-11T17:57:32.800+0000] {base.py:271} INFO - POST http://elasticsearch:9200/_bulk [status:200 request:0.124s]
[2025-04-11T17:57:32.992+0000] {base.py:271} INFO - POST http://elasticsearch:9200/_bulk [status:200 request:0.137s]
[2025-04-11T17:57:33.529+0000] {base.py:271} INFO - POST http://elasticsearch:9200/_bulk [status:200 request:0.476s]
[2025-04-11T17:57:33.745+0000] {base.py:271} INFO - POST http://elasticsearch:9200/_bulk [status:200 request:0.153s]
[2025-04-11T17:57:33.963+0000] {base.py:271} INFO - POST http://elasticsearch:9200/_bulk [status:200 request:0.170s]
[2025-04-11T17:57:34.158+0000] {base.py:271} INFO - POST http://elasticsearch:9200/_bulk [status:200 request:0.139s]
[2025-04-11T17:57:34.366+0000] {base.py:271} INFO - POST http://elasticsearch:9200/_bulk [status:200 request:0.152s]
[2025-04-11T17:57:34.617+0000] {base.py:271} INFO - POST http://elasticsearch:9200/_bulk [status:200 request:0.164s]
[2025-04-11T17:57:34.827+0000] {base.py:271} INFO - POST http://elasticsearch:9200/_bulk [status:200 request:0.143s]
[2025-04-11T17:57:35.078+0000] {base.py:271} INFO - POST http://elasticsearch:9200/_bulk [status:200 request:0.168s]
[2025-04-11T17:57:35.312+0000] {base.py:271} INFO - POST http://elasticsearch:9200/_bulk [status:200 request:0.157s]
[2025-04-11T17:57:36.016+0000] {base.py:271} INFO - POST http://elasticsearch:9200/_bulk [status:200 request:0.649s]
[2025-04-11T17:57:36.192+0000] {base.py:271} INFO - POST http://elasticsearch:9200/_bulk [status:200 request:0.126s]
[2025-04-11T17:57:36.330+0000] {base.py:271} INFO - POST http://elasticsearch:9200/_bulk [status:200 request:0.093s]
[2025-04-11T17:57:36.439+0000] {base.py:271} INFO - POST http://elasticsearch:9200/_bulk [status:200 request:0.080s]
[2025-04-11T17:57:36.592+0000] {base.py:271} INFO - POST http://elasticsearch:9200/_bulk [status:200 request:0.088s]
[2025-04-11T17:57:36.766+0000] {base.py:271} INFO - POST http://elasticsearch:9200/_bulk [status:200 request:0.130s]
[2025-04-11T17:57:36.986+0000] {base.py:271} INFO - POST http://elasticsearch:9200/_bulk [status:200 request:0.158s]
[2025-04-11T17:57:37.132+0000] {base.py:271} INFO - POST http://elasticsearch:9200/_bulk [status:200 request:0.093s]
[2025-04-11T17:57:37.264+0000] {base.py:271} INFO - POST http://elasticsearch:9200/_bulk [status:200 request:0.098s]
[2025-04-11T17:57:37.376+0000] {base.py:271} INFO - POST http://elasticsearch:9200/_bulk [status:200 request:0.079s]
[2025-04-11T17:57:37.598+0000] {base.py:271} INFO - POST http://elasticsearch:9200/_bulk [status:200 request:0.175s]
[2025-04-11T17:57:37.848+0000] {base.py:271} INFO - POST http://elasticsearch:9200/_bulk [status:200 request:0.157s]
[2025-04-11T17:57:38.194+0000] {base.py:271} INFO - POST http://elasticsearch:9200/_bulk [status:200 request:0.293s]
[2025-04-11T17:57:38.688+0000] {base.py:271} INFO - POST http://elasticsearch:9200/_bulk [status:200 request:0.337s]
[2025-04-11T17:57:39.073+0000] {base.py:271} INFO - POST http://elasticsearch:9200/_bulk [status:200 request:0.262s]
[2025-04-11T17:57:39.474+0000] {base.py:271} INFO - POST http://elasticsearch:9200/_bulk [status:200 request:0.323s]
[2025-04-11T17:57:39.983+0000] {base.py:271} INFO - POST http://elasticsearch:9200/_bulk [status:200 request:0.389s]
[2025-04-11T17:57:40.195+0000] {base.py:271} INFO - POST http://elasticsearch:9200/_bulk [status:200 request:0.132s]
[2025-04-11T17:57:40.396+0000] {base.py:271} INFO - POST http://elasticsearch:9200/_bulk [status:200 request:0.137s]
[2025-04-11T17:57:40.686+0000] {base.py:271} INFO - POST http://elasticsearch:9200/_bulk [status:200 request:0.214s]
[2025-04-11T17:57:40.866+0000] {base.py:271} INFO - POST http://elasticsearch:9200/_bulk [status:200 request:0.127s]
[2025-04-11T17:57:40.954+0000] {base.py:271} INFO - POST http://elasticsearch:9200/_bulk [status:200 request:0.065s]
[2025-04-11T17:57:40.958+0000] {logging_mixin.py:115} INFO - 86678 documents indexed to Elasticsearch 'table_m3'.
[2025-04-11T17:57:41.085+0000] {python.py:173} INFO - Done. Returned value was: None
[2025-04-11T17:57:41.183+0000] {taskinstance.py:1412} INFO - Marking task as SUCCESS. dag_id=M3_GA_pipeline, task_id=post_to_elasticsearch, execution_date=20250411T175512, start_date=20250411T175600, end_date=20250411T175741
[2025-04-11T17:57:41.303+0000] {local_task_job.py:156} INFO - Task exited with return code 0
[2025-04-11T17:57:41.464+0000] {local_task_job.py:279} INFO - 0 downstream tasks scheduled from follow-on schedule check
