[2025-04-13T07:02:38.860+0000] {taskinstance.py:1171} INFO - Dependencies all met for <TaskInstance: M3_GA_pipeline.data_cleaning manual__2025-04-13T07:02:32.004516+00:00 [queued]>
[2025-04-13T07:02:38.884+0000] {taskinstance.py:1171} INFO - Dependencies all met for <TaskInstance: M3_GA_pipeline.data_cleaning manual__2025-04-13T07:02:32.004516+00:00 [queued]>
[2025-04-13T07:02:38.885+0000] {taskinstance.py:1368} INFO - 
--------------------------------------------------------------------------------
[2025-04-13T07:02:38.886+0000] {taskinstance.py:1369} INFO - Starting attempt 1 of 1
[2025-04-13T07:02:38.887+0000] {taskinstance.py:1370} INFO - 
--------------------------------------------------------------------------------
[2025-04-13T07:02:38.926+0000] {taskinstance.py:1389} INFO - Executing <Task(PythonOperator): data_cleaning> on 2025-04-13 07:02:32.004516+00:00
[2025-04-13T07:02:38.936+0000] {standard_task_runner.py:52} INFO - Started process 505 to run task
[2025-04-13T07:02:38.942+0000] {standard_task_runner.py:79} INFO - Running: ['***', 'tasks', 'run', 'M3_GA_pipeline', 'data_cleaning', 'manual__2025-04-13T07:02:32.004516+00:00', '--job-id', '24', '--raw', '--subdir', 'DAGS_FOLDER/P2M3_galuh_alifani_DAG.py', '--cfg-path', '/tmp/tmpougssayn', '--error-file', '/tmp/tmpqhfwkjjd']
[2025-04-13T07:02:38.947+0000] {standard_task_runner.py:80} INFO - Job 24: Subtask data_cleaning
[2025-04-13T07:02:39.130+0000] {task_command.py:371} INFO - Running <TaskInstance: M3_GA_pipeline.data_cleaning manual__2025-04-13T07:02:32.004516+00:00 [running]> on host a0a67293f3f1
[2025-04-13T07:02:39.292+0000] {taskinstance.py:1583} INFO - Exporting the following env vars:
AIRFLOW_CTX_DAG_OWNER=Galuh
AIRFLOW_CTX_DAG_ID=M3_GA_pipeline
AIRFLOW_CTX_TASK_ID=data_cleaning
AIRFLOW_CTX_EXECUTION_DATE=2025-04-13T07:02:32.004516+00:00
AIRFLOW_CTX_TRY_NUMBER=1
AIRFLOW_CTX_DAG_RUN_ID=manual__2025-04-13T07:02:32.004516+00:00
[2025-04-13T07:02:49.276+0000] {logging_mixin.py:115} INFO - data has been cleaned
[2025-04-13T07:02:49.417+0000] {python.py:173} INFO - Done. Returned value was: None
[2025-04-13T07:02:49.451+0000] {taskinstance.py:1412} INFO - Marking task as SUCCESS. dag_id=M3_GA_pipeline, task_id=data_cleaning, execution_date=20250413T070232, start_date=20250413T070238, end_date=20250413T070249
[2025-04-13T07:02:49.508+0000] {local_task_job.py:156} INFO - Task exited with return code 0
[2025-04-13T07:02:49.680+0000] {local_task_job.py:279} INFO - 1 downstream tasks scheduled from follow-on schedule check
