[2025-04-14T02:14:47.152+0000] {taskinstance.py:1171} INFO - Dependencies all met for <TaskInstance: M3_GA_pipeline.fetch_from_postgresql manual__2025-04-14T02:14:42.629532+00:00 [queued]>
[2025-04-14T02:14:47.184+0000] {taskinstance.py:1171} INFO - Dependencies all met for <TaskInstance: M3_GA_pipeline.fetch_from_postgresql manual__2025-04-14T02:14:42.629532+00:00 [queued]>
[2025-04-14T02:14:47.185+0000] {taskinstance.py:1368} INFO - 
--------------------------------------------------------------------------------
[2025-04-14T02:14:47.186+0000] {taskinstance.py:1369} INFO - Starting attempt 1 of 1
[2025-04-14T02:14:47.186+0000] {taskinstance.py:1370} INFO - 
--------------------------------------------------------------------------------
[2025-04-14T02:14:47.211+0000] {taskinstance.py:1389} INFO - Executing <Task(PythonOperator): fetch_from_postgresql> on 2025-04-14 02:14:42.629532+00:00
[2025-04-14T02:14:47.220+0000] {standard_task_runner.py:52} INFO - Started process 770 to run task
[2025-04-14T02:14:47.227+0000] {standard_task_runner.py:79} INFO - Running: ['***', 'tasks', 'run', 'M3_GA_pipeline', 'fetch_from_postgresql', 'manual__2025-04-14T02:14:42.629532+00:00', '--job-id', '34', '--raw', '--subdir', 'DAGS_FOLDER/P2M3_galuh_alifani_DAG.py', '--cfg-path', '/tmp/tmp6wonqwtk', '--error-file', '/tmp/tmpqfu1_fz3']
[2025-04-14T02:14:47.230+0000] {standard_task_runner.py:80} INFO - Job 34: Subtask fetch_from_postgresql
[2025-04-14T02:14:47.437+0000] {task_command.py:371} INFO - Running <TaskInstance: M3_GA_pipeline.fetch_from_postgresql manual__2025-04-14T02:14:42.629532+00:00 [running]> on host 3a167a6250ea
[2025-04-14T02:14:47.697+0000] {taskinstance.py:1583} INFO - Exporting the following env vars:
AIRFLOW_CTX_DAG_OWNER=Galuh
AIRFLOW_CTX_DAG_ID=M3_GA_pipeline
AIRFLOW_CTX_TASK_ID=fetch_from_postgresql
AIRFLOW_CTX_EXECUTION_DATE=2025-04-14T02:14:42.629532+00:00
AIRFLOW_CTX_TRY_NUMBER=1
AIRFLOW_CTX_DAG_RUN_ID=manual__2025-04-14T02:14:42.629532+00:00
[2025-04-14T02:14:51.533+0000] {logging_mixin.py:115} INFO - data has been loaded
[2025-04-14T02:14:51.605+0000] {python.py:173} INFO - Done. Returned value was: None
[2025-04-14T02:14:51.643+0000] {taskinstance.py:1412} INFO - Marking task as SUCCESS. dag_id=M3_GA_pipeline, task_id=fetch_from_postgresql, execution_date=20250414T021442, start_date=20250414T021447, end_date=20250414T021451
[2025-04-14T02:14:51.721+0000] {local_task_job.py:156} INFO - Task exited with return code 0
[2025-04-14T02:14:51.815+0000] {local_task_job.py:279} INFO - 1 downstream tasks scheduled from follow-on schedule check
