[2025-04-11T18:21:54.507+0000] {taskinstance.py:1171} INFO - Dependencies all met for <TaskInstance: M3_GA_pipeline.post_to_elasticsearch manual__2025-04-11T18:21:33.267350+00:00 [queued]>
[2025-04-11T18:21:54.529+0000] {taskinstance.py:1171} INFO - Dependencies all met for <TaskInstance: M3_GA_pipeline.post_to_elasticsearch manual__2025-04-11T18:21:33.267350+00:00 [queued]>
[2025-04-11T18:21:54.530+0000] {taskinstance.py:1368} INFO - 
--------------------------------------------------------------------------------
[2025-04-11T18:21:54.530+0000] {taskinstance.py:1369} INFO - Starting attempt 1 of 1
[2025-04-11T18:21:54.531+0000] {taskinstance.py:1370} INFO - 
--------------------------------------------------------------------------------
[2025-04-11T18:21:54.580+0000] {taskinstance.py:1389} INFO - Executing <Task(PythonOperator): post_to_elasticsearch> on 2025-04-11 18:21:33.267350+00:00
[2025-04-11T18:21:54.591+0000] {standard_task_runner.py:52} INFO - Started process 229 to run task
[2025-04-11T18:21:54.596+0000] {standard_task_runner.py:79} INFO - Running: ['***', 'tasks', 'run', 'M3_GA_pipeline', 'post_to_elasticsearch', 'manual__2025-04-11T18:21:33.267350+00:00', '--job-id', '19', '--raw', '--subdir', 'DAGS_FOLDER/P2M3_galuh_alifani_DAG.py', '--cfg-path', '/tmp/tmpx_crol3y', '--error-file', '/tmp/tmpxk8jcg7_']
[2025-04-11T18:21:54.598+0000] {standard_task_runner.py:80} INFO - Job 19: Subtask post_to_elasticsearch
[2025-04-11T18:21:54.806+0000] {task_command.py:371} INFO - Running <TaskInstance: M3_GA_pipeline.post_to_elasticsearch manual__2025-04-11T18:21:33.267350+00:00 [running]> on host f0464688226f
[2025-04-11T18:21:55.025+0000] {taskinstance.py:1583} INFO - Exporting the following env vars:
AIRFLOW_CTX_DAG_OWNER=Galuh
AIRFLOW_CTX_DAG_ID=M3_GA_pipeline
AIRFLOW_CTX_TASK_ID=post_to_elasticsearch
AIRFLOW_CTX_EXECUTION_DATE=2025-04-11T18:21:33.267350+00:00
AIRFLOW_CTX_TRY_NUMBER=1
AIRFLOW_CTX_DAG_RUN_ID=manual__2025-04-11T18:21:33.267350+00:00
[2025-04-11T18:22:09.738+0000] {base.py:271} INFO - POST http://elasticsearch:9200/_bulk [status:200 request:0.424s]
[2025-04-11T18:22:09.889+0000] {base.py:271} INFO - POST http://elasticsearch:9200/_bulk [status:200 request:0.115s]
[2025-04-11T18:22:10.015+0000] {base.py:271} INFO - POST http://elasticsearch:9200/_bulk [status:200 request:0.093s]
[2025-04-11T18:22:10.117+0000] {base.py:271} INFO - POST http://elasticsearch:9200/_bulk [status:200 request:0.076s]
[2025-04-11T18:22:10.230+0000] {base.py:271} INFO - POST http://elasticsearch:9200/_bulk [status:200 request:0.084s]
[2025-04-11T18:22:10.699+0000] {base.py:271} INFO - POST http://elasticsearch:9200/_bulk [status:200 request:0.209s]
[2025-04-11T18:22:10.887+0000] {base.py:271} INFO - POST http://elasticsearch:9200/_bulk [status:200 request:0.134s]
[2025-04-11T18:22:11.040+0000] {base.py:271} INFO - POST http://elasticsearch:9200/_bulk [status:200 request:0.110s]
[2025-04-11T18:22:11.248+0000] {base.py:271} INFO - POST http://elasticsearch:9200/_bulk [status:200 request:0.166s]
[2025-04-11T18:22:11.601+0000] {base.py:271} INFO - POST http://elasticsearch:9200/_bulk [status:200 request:0.307s]
[2025-04-11T18:22:11.963+0000] {base.py:271} INFO - POST http://elasticsearch:9200/_bulk [status:200 request:0.310s]
[2025-04-11T18:22:12.224+0000] {base.py:271} INFO - POST http://elasticsearch:9200/_bulk [status:200 request:0.216s]
[2025-04-11T18:22:12.530+0000] {base.py:271} INFO - POST http://elasticsearch:9200/_bulk [status:200 request:0.273s]
[2025-04-11T18:22:12.751+0000] {base.py:271} INFO - POST http://elasticsearch:9200/_bulk [status:200 request:0.193s]
[2025-04-11T18:22:13.143+0000] {base.py:271} INFO - POST http://elasticsearch:9200/_bulk [status:200 request:0.347s]
[2025-04-11T18:22:13.388+0000] {base.py:271} INFO - POST http://elasticsearch:9200/_bulk [status:200 request:0.212s]
[2025-04-11T18:22:13.612+0000] {base.py:271} INFO - POST http://elasticsearch:9200/_bulk [status:200 request:0.166s]
[2025-04-11T18:22:13.800+0000] {base.py:271} INFO - POST http://elasticsearch:9200/_bulk [status:200 request:0.163s]
[2025-04-11T18:22:13.967+0000] {base.py:271} INFO - POST http://elasticsearch:9200/_bulk [status:200 request:0.142s]
[2025-04-11T18:22:14.151+0000] {base.py:271} INFO - POST http://elasticsearch:9200/_bulk [status:200 request:0.163s]
[2025-04-11T18:22:14.306+0000] {base.py:271} INFO - POST http://elasticsearch:9200/_bulk [status:200 request:0.133s]
[2025-04-11T18:22:14.461+0000] {base.py:271} INFO - POST http://elasticsearch:9200/_bulk [status:200 request:0.136s]
[2025-04-11T18:22:14.625+0000] {base.py:271} INFO - POST http://elasticsearch:9200/_bulk [status:200 request:0.142s]
[2025-04-11T18:22:14.808+0000] {base.py:271} INFO - POST http://elasticsearch:9200/_bulk [status:200 request:0.156s]
[2025-04-11T18:22:14.996+0000] {base.py:271} INFO - POST http://elasticsearch:9200/_bulk [status:200 request:0.157s]
[2025-04-11T18:22:15.169+0000] {base.py:271} INFO - POST http://elasticsearch:9200/_bulk [status:200 request:0.149s]
[2025-04-11T18:22:15.370+0000] {base.py:271} INFO - POST http://elasticsearch:9200/_bulk [status:200 request:0.173s]
[2025-04-11T18:22:15.585+0000] {base.py:271} INFO - POST http://elasticsearch:9200/_bulk [status:200 request:0.182s]
[2025-04-11T18:22:15.762+0000] {base.py:271} INFO - POST http://elasticsearch:9200/_bulk [status:200 request:0.152s]
[2025-04-11T18:22:15.922+0000] {base.py:271} INFO - POST http://elasticsearch:9200/_bulk [status:200 request:0.133s]
[2025-04-11T18:22:15.999+0000] {base.py:271} INFO - POST http://elasticsearch:9200/_bulk [status:200 request:0.055s]
[2025-04-11T18:22:16.067+0000] {base.py:271} INFO - POST http://elasticsearch:9200/_bulk [status:200 request:0.048s]
[2025-04-11T18:22:16.140+0000] {base.py:271} INFO - POST http://elasticsearch:9200/_bulk [status:200 request:0.051s]
[2025-04-11T18:22:16.206+0000] {base.py:271} INFO - POST http://elasticsearch:9200/_bulk [status:200 request:0.045s]
[2025-04-11T18:22:16.279+0000] {base.py:271} INFO - POST http://elasticsearch:9200/_bulk [status:200 request:0.053s]
[2025-04-11T18:22:16.349+0000] {base.py:271} INFO - POST http://elasticsearch:9200/_bulk [status:200 request:0.051s]
[2025-04-11T18:22:16.416+0000] {base.py:271} INFO - POST http://elasticsearch:9200/_bulk [status:200 request:0.045s]
[2025-04-11T18:22:16.515+0000] {base.py:271} INFO - POST http://elasticsearch:9200/_bulk [status:200 request:0.064s]
[2025-04-11T18:22:16.596+0000] {base.py:271} INFO - POST http://elasticsearch:9200/_bulk [status:200 request:0.061s]
[2025-04-11T18:22:16.673+0000] {base.py:271} INFO - POST http://elasticsearch:9200/_bulk [status:200 request:0.055s]
[2025-04-11T18:22:16.745+0000] {base.py:271} INFO - POST http://elasticsearch:9200/_bulk [status:200 request:0.048s]
[2025-04-11T18:22:16.829+0000] {base.py:271} INFO - POST http://elasticsearch:9200/_bulk [status:200 request:0.063s]
[2025-04-11T18:22:16.927+0000] {base.py:271} INFO - POST http://elasticsearch:9200/_bulk [status:200 request:0.067s]
[2025-04-11T18:22:17.003+0000] {base.py:271} INFO - POST http://elasticsearch:9200/_bulk [status:200 request:0.054s]
[2025-04-11T18:22:17.074+0000] {base.py:271} INFO - POST http://elasticsearch:9200/_bulk [status:200 request:0.049s]
[2025-04-11T18:22:17.151+0000] {base.py:271} INFO - POST http://elasticsearch:9200/_bulk [status:200 request:0.054s]
[2025-04-11T18:22:17.218+0000] {base.py:271} INFO - POST http://elasticsearch:9200/_bulk [status:200 request:0.046s]
[2025-04-11T18:22:17.291+0000] {base.py:271} INFO - POST http://elasticsearch:9200/_bulk [status:200 request:0.052s]
[2025-04-11T18:22:17.363+0000] {base.py:271} INFO - POST http://elasticsearch:9200/_bulk [status:200 request:0.052s]
[2025-04-11T18:22:17.461+0000] {base.py:271} INFO - POST http://elasticsearch:9200/_bulk [status:200 request:0.075s]
[2025-04-11T18:22:17.561+0000] {base.py:271} INFO - POST http://elasticsearch:9200/_bulk [status:200 request:0.071s]
[2025-04-11T18:22:17.676+0000] {base.py:271} INFO - POST http://elasticsearch:9200/_bulk [status:200 request:0.080s]
[2025-04-11T18:22:17.771+0000] {base.py:271} INFO - POST http://elasticsearch:9200/_bulk [status:200 request:0.066s]
[2025-04-11T18:22:17.866+0000] {base.py:271} INFO - POST http://elasticsearch:9200/_bulk [status:200 request:0.064s]
[2025-04-11T18:22:17.970+0000] {base.py:271} INFO - POST http://elasticsearch:9200/_bulk [status:200 request:0.071s]
[2025-04-11T18:22:18.064+0000] {base.py:271} INFO - POST http://elasticsearch:9200/_bulk [status:200 request:0.062s]
[2025-04-11T18:22:18.139+0000] {base.py:271} INFO - POST http://elasticsearch:9200/_bulk [status:200 request:0.052s]
[2025-04-11T18:22:18.217+0000] {base.py:271} INFO - POST http://elasticsearch:9200/_bulk [status:200 request:0.054s]
[2025-04-11T18:22:18.290+0000] {base.py:271} INFO - POST http://elasticsearch:9200/_bulk [status:200 request:0.052s]
[2025-04-11T18:22:18.360+0000] {base.py:271} INFO - POST http://elasticsearch:9200/_bulk [status:200 request:0.049s]
[2025-04-11T18:22:18.442+0000] {base.py:271} INFO - POST http://elasticsearch:9200/_bulk [status:200 request:0.058s]
[2025-04-11T18:22:18.519+0000] {base.py:271} INFO - POST http://elasticsearch:9200/_bulk [status:200 request:0.053s]
[2025-04-11T18:22:18.605+0000] {base.py:271} INFO - POST http://elasticsearch:9200/_bulk [status:200 request:0.064s]
[2025-04-11T18:22:18.716+0000] {base.py:271} INFO - POST http://elasticsearch:9200/_bulk [status:200 request:0.081s]
[2025-04-11T18:22:18.948+0000] {base.py:271} INFO - POST http://elasticsearch:9200/_bulk [status:200 request:0.194s]
[2025-04-11T18:22:19.075+0000] {base.py:271} INFO - POST http://elasticsearch:9200/_bulk [status:200 request:0.087s]
[2025-04-11T18:22:19.174+0000] {base.py:271} INFO - POST http://elasticsearch:9200/_bulk [status:200 request:0.072s]
[2025-04-11T18:22:19.279+0000] {base.py:271} INFO - POST http://elasticsearch:9200/_bulk [status:200 request:0.071s]
[2025-04-11T18:22:19.361+0000] {base.py:271} INFO - POST http://elasticsearch:9200/_bulk [status:200 request:0.056s]
[2025-04-11T18:22:19.505+0000] {base.py:271} INFO - POST http://elasticsearch:9200/_bulk [status:200 request:0.111s]
[2025-04-11T18:22:19.656+0000] {base.py:271} INFO - POST http://elasticsearch:9200/_bulk [status:200 request:0.104s]
[2025-04-11T18:22:19.776+0000] {base.py:271} INFO - POST http://elasticsearch:9200/_bulk [status:200 request:0.091s]
[2025-04-11T18:22:19.877+0000] {base.py:271} INFO - POST http://elasticsearch:9200/_bulk [status:200 request:0.066s]
[2025-04-11T18:22:19.976+0000] {base.py:271} INFO - POST http://elasticsearch:9200/_bulk [status:200 request:0.071s]
[2025-04-11T18:22:20.095+0000] {base.py:271} INFO - POST http://elasticsearch:9200/_bulk [status:200 request:0.084s]
[2025-04-11T18:22:20.214+0000] {base.py:271} INFO - POST http://elasticsearch:9200/_bulk [status:200 request:0.081s]
[2025-04-11T18:22:20.414+0000] {base.py:271} INFO - POST http://elasticsearch:9200/_bulk [status:200 request:0.171s]
[2025-04-11T18:22:20.596+0000] {base.py:271} INFO - POST http://elasticsearch:9200/_bulk [status:200 request:0.135s]
[2025-04-11T18:22:20.847+0000] {base.py:271} INFO - POST http://elasticsearch:9200/_bulk [status:200 request:0.214s]
[2025-04-11T18:22:21.047+0000] {base.py:271} INFO - POST http://elasticsearch:9200/_bulk [status:200 request:0.136s]
[2025-04-11T18:22:21.219+0000] {base.py:271} INFO - POST http://elasticsearch:9200/_bulk [status:200 request:0.124s]
[2025-04-11T18:22:21.368+0000] {base.py:271} INFO - POST http://elasticsearch:9200/_bulk [status:200 request:0.100s]
[2025-04-11T18:22:21.726+0000] {base.py:271} INFO - POST http://elasticsearch:9200/_bulk [status:200 request:0.240s]
[2025-04-11T18:22:21.994+0000] {base.py:271} INFO - POST http://elasticsearch:9200/_bulk [status:200 request:0.166s]
[2025-04-11T18:22:22.251+0000] {base.py:271} INFO - POST http://elasticsearch:9200/_bulk [status:200 request:0.198s]
[2025-04-11T18:22:22.568+0000] {base.py:271} INFO - POST http://elasticsearch:9200/_bulk [status:200 request:0.235s]
[2025-04-11T18:22:22.866+0000] {base.py:271} INFO - POST http://elasticsearch:9200/_bulk [status:200 request:0.176s]
[2025-04-11T18:22:23.123+0000] {base.py:271} INFO - POST http://elasticsearch:9200/_bulk [status:200 request:0.177s]
[2025-04-11T18:22:23.325+0000] {base.py:271} INFO - POST http://elasticsearch:9200/_bulk [status:200 request:0.139s]
[2025-04-11T18:22:23.543+0000] {base.py:271} INFO - POST http://elasticsearch:9200/_bulk [status:200 request:0.156s]
[2025-04-11T18:22:23.731+0000] {base.py:271} INFO - POST http://elasticsearch:9200/_bulk [status:200 request:0.136s]
[2025-04-11T18:22:23.889+0000] {base.py:271} INFO - POST http://elasticsearch:9200/_bulk [status:200 request:0.107s]
[2025-04-11T18:22:24.186+0000] {base.py:271} INFO - POST http://elasticsearch:9200/_bulk [status:200 request:0.255s]
[2025-04-11T18:22:24.626+0000] {base.py:271} INFO - POST http://elasticsearch:9200/_bulk [status:200 request:0.324s]
[2025-04-11T18:22:24.968+0000] {base.py:271} INFO - POST http://elasticsearch:9200/_bulk [status:200 request:0.293s]
[2025-04-11T18:22:25.223+0000] {base.py:271} INFO - POST http://elasticsearch:9200/_bulk [status:200 request:0.216s]
[2025-04-11T18:22:25.467+0000] {base.py:271} INFO - POST http://elasticsearch:9200/_bulk [status:200 request:0.201s]
[2025-04-11T18:22:25.905+0000] {base.py:271} INFO - POST http://elasticsearch:9200/_bulk [status:200 request:0.388s]
[2025-04-11T18:22:26.120+0000] {base.py:271} INFO - POST http://elasticsearch:9200/_bulk [status:200 request:0.184s]
[2025-04-11T18:22:26.300+0000] {base.py:271} INFO - POST http://elasticsearch:9200/_bulk [status:200 request:0.152s]
[2025-04-11T18:22:26.566+0000] {base.py:271} INFO - POST http://elasticsearch:9200/_bulk [status:200 request:0.234s]
[2025-04-11T18:22:26.809+0000] {base.py:271} INFO - POST http://elasticsearch:9200/_bulk [status:200 request:0.212s]
[2025-04-11T18:22:27.077+0000] {base.py:271} INFO - POST http://elasticsearch:9200/_bulk [status:200 request:0.238s]
[2025-04-11T18:22:27.286+0000] {base.py:271} INFO - POST http://elasticsearch:9200/_bulk [status:200 request:0.178s]
[2025-04-11T18:22:27.549+0000] {base.py:271} INFO - POST http://elasticsearch:9200/_bulk [status:200 request:0.236s]
[2025-04-11T18:22:27.759+0000] {base.py:271} INFO - POST http://elasticsearch:9200/_bulk [status:200 request:0.168s]
[2025-04-11T18:22:27.929+0000] {base.py:271} INFO - POST http://elasticsearch:9200/_bulk [status:200 request:0.144s]
[2025-04-11T18:22:28.106+0000] {base.py:271} INFO - POST http://elasticsearch:9200/_bulk [status:200 request:0.154s]
[2025-04-11T18:22:28.272+0000] {base.py:271} INFO - POST http://elasticsearch:9200/_bulk [status:200 request:0.144s]
[2025-04-11T18:22:28.447+0000] {base.py:271} INFO - POST http://elasticsearch:9200/_bulk [status:200 request:0.151s]
[2025-04-11T18:22:28.628+0000] {base.py:271} INFO - POST http://elasticsearch:9200/_bulk [status:200 request:0.153s]
[2025-04-11T18:22:28.802+0000] {base.py:271} INFO - POST http://elasticsearch:9200/_bulk [status:200 request:0.140s]
[2025-04-11T18:22:28.970+0000] {base.py:271} INFO - POST http://elasticsearch:9200/_bulk [status:200 request:0.146s]
[2025-04-11T18:22:29.137+0000] {base.py:271} INFO - POST http://elasticsearch:9200/_bulk [status:200 request:0.143s]
[2025-04-11T18:22:29.294+0000] {base.py:271} INFO - POST http://elasticsearch:9200/_bulk [status:200 request:0.137s]
[2025-04-11T18:22:29.454+0000] {base.py:271} INFO - POST http://elasticsearch:9200/_bulk [status:200 request:0.139s]
[2025-04-11T18:22:29.614+0000] {base.py:271} INFO - POST http://elasticsearch:9200/_bulk [status:200 request:0.132s]
[2025-04-11T18:22:29.759+0000] {base.py:271} INFO - POST http://elasticsearch:9200/_bulk [status:200 request:0.125s]
[2025-04-11T18:22:29.932+0000] {base.py:271} INFO - POST http://elasticsearch:9200/_bulk [status:200 request:0.151s]
[2025-04-11T18:22:30.085+0000] {base.py:271} INFO - POST http://elasticsearch:9200/_bulk [status:200 request:0.130s]
[2025-04-11T18:22:30.228+0000] {base.py:271} INFO - POST http://elasticsearch:9200/_bulk [status:200 request:0.121s]
[2025-04-11T18:22:30.395+0000] {base.py:271} INFO - POST http://elasticsearch:9200/_bulk [status:200 request:0.146s]
[2025-04-11T18:22:30.567+0000] {base.py:271} INFO - POST http://elasticsearch:9200/_bulk [status:200 request:0.152s]
[2025-04-11T18:22:30.835+0000] {base.py:271} INFO - POST http://elasticsearch:9200/_bulk [status:200 request:0.235s]
[2025-04-11T18:22:31.022+0000] {base.py:271} INFO - POST http://elasticsearch:9200/_bulk [status:200 request:0.163s]
[2025-04-11T18:22:31.235+0000] {base.py:271} INFO - POST http://elasticsearch:9200/_bulk [status:200 request:0.186s]
[2025-04-11T18:22:31.453+0000] {base.py:271} INFO - POST http://elasticsearch:9200/_bulk [status:200 request:0.194s]
[2025-04-11T18:22:31.685+0000] {base.py:271} INFO - POST http://elasticsearch:9200/_bulk [status:200 request:0.179s]
[2025-04-11T18:22:31.869+0000] {base.py:271} INFO - POST http://elasticsearch:9200/_bulk [status:200 request:0.156s]
[2025-04-11T18:22:32.052+0000] {base.py:271} INFO - POST http://elasticsearch:9200/_bulk [status:200 request:0.159s]
[2025-04-11T18:22:32.230+0000] {base.py:271} INFO - POST http://elasticsearch:9200/_bulk [status:200 request:0.152s]
[2025-04-11T18:22:32.377+0000] {base.py:271} INFO - POST http://elasticsearch:9200/_bulk [status:200 request:0.125s]
[2025-04-11T18:22:32.561+0000] {base.py:271} INFO - POST http://elasticsearch:9200/_bulk [status:200 request:0.162s]
[2025-04-11T18:22:32.739+0000] {base.py:271} INFO - POST http://elasticsearch:9200/_bulk [status:200 request:0.151s]
[2025-04-11T18:22:32.921+0000] {base.py:271} INFO - POST http://elasticsearch:9200/_bulk [status:200 request:0.157s]
[2025-04-11T18:22:33.100+0000] {base.py:271} INFO - POST http://elasticsearch:9200/_bulk [status:200 request:0.155s]
[2025-04-11T18:22:33.286+0000] {base.py:271} INFO - POST http://elasticsearch:9200/_bulk [status:200 request:0.163s]
[2025-04-11T18:22:33.541+0000] {base.py:271} INFO - POST http://elasticsearch:9200/_bulk [status:200 request:0.222s]
[2025-04-11T18:22:33.772+0000] {base.py:271} INFO - POST http://elasticsearch:9200/_bulk [status:200 request:0.203s]
[2025-04-11T18:22:33.973+0000] {base.py:271} INFO - POST http://elasticsearch:9200/_bulk [status:200 request:0.174s]
[2025-04-11T18:22:34.142+0000] {base.py:271} INFO - POST http://elasticsearch:9200/_bulk [status:200 request:0.143s]
[2025-04-11T18:22:34.602+0000] {base.py:271} INFO - POST http://elasticsearch:9200/_bulk [status:200 request:0.437s]
[2025-04-11T18:22:34.890+0000] {base.py:271} INFO - POST http://elasticsearch:9200/_bulk [status:200 request:0.241s]
[2025-04-11T18:22:35.146+0000] {base.py:271} INFO - POST http://elasticsearch:9200/_bulk [status:200 request:0.223s]
[2025-04-11T18:22:35.347+0000] {base.py:271} INFO - POST http://elasticsearch:9200/_bulk [status:200 request:0.172s]
[2025-04-11T18:22:35.578+0000] {base.py:271} INFO - POST http://elasticsearch:9200/_bulk [status:200 request:0.197s]
[2025-04-11T18:22:35.749+0000] {base.py:271} INFO - POST http://elasticsearch:9200/_bulk [status:200 request:0.144s]
[2025-04-11T18:22:35.913+0000] {base.py:271} INFO - POST http://elasticsearch:9200/_bulk [status:200 request:0.141s]
[2025-04-11T18:22:36.092+0000] {base.py:271} INFO - POST http://elasticsearch:9200/_bulk [status:200 request:0.157s]
[2025-04-11T18:22:36.264+0000] {base.py:271} INFO - POST http://elasticsearch:9200/_bulk [status:200 request:0.146s]
[2025-04-11T18:22:36.434+0000] {base.py:271} INFO - POST http://elasticsearch:9200/_bulk [status:200 request:0.147s]
[2025-04-11T18:22:36.631+0000] {base.py:271} INFO - POST http://elasticsearch:9200/_bulk [status:200 request:0.161s]
[2025-04-11T18:22:36.805+0000] {base.py:271} INFO - POST http://elasticsearch:9200/_bulk [status:200 request:0.145s]
[2025-04-11T18:22:36.956+0000] {base.py:271} INFO - POST http://elasticsearch:9200/_bulk [status:200 request:0.126s]
[2025-04-11T18:22:37.099+0000] {base.py:271} INFO - POST http://elasticsearch:9200/_bulk [status:200 request:0.122s]
[2025-04-11T18:22:37.240+0000] {base.py:271} INFO - POST http://elasticsearch:9200/_bulk [status:200 request:0.123s]
[2025-04-11T18:22:37.392+0000] {base.py:271} INFO - POST http://elasticsearch:9200/_bulk [status:200 request:0.126s]
[2025-04-11T18:22:37.591+0000] {base.py:271} INFO - POST http://elasticsearch:9200/_bulk [status:200 request:0.173s]
[2025-04-11T18:22:37.790+0000] {base.py:271} INFO - POST http://elasticsearch:9200/_bulk [status:200 request:0.157s]
[2025-04-11T18:22:37.994+0000] {base.py:271} INFO - POST http://elasticsearch:9200/_bulk [status:200 request:0.171s]
[2025-04-11T18:22:38.166+0000] {base.py:271} INFO - POST http://elasticsearch:9200/_bulk [status:200 request:0.146s]
[2025-04-11T18:22:38.334+0000] {base.py:271} INFO - POST http://elasticsearch:9200/_bulk [status:200 request:0.145s]
[2025-04-11T18:22:38.536+0000] {base.py:271} INFO - POST http://elasticsearch:9200/_bulk [status:200 request:0.180s]
[2025-04-11T18:22:38.708+0000] {base.py:271} INFO - POST http://elasticsearch:9200/_bulk [status:200 request:0.148s]
[2025-04-11T18:22:38.865+0000] {base.py:271} INFO - POST http://elasticsearch:9200/_bulk [status:200 request:0.135s]
[2025-04-11T18:22:39.065+0000] {base.py:271} INFO - POST http://elasticsearch:9200/_bulk [status:200 request:0.178s]
[2025-04-11T18:22:39.270+0000] {base.py:271} INFO - POST http://elasticsearch:9200/_bulk [status:200 request:0.175s]
[2025-04-11T18:22:39.505+0000] {base.py:271} INFO - POST http://elasticsearch:9200/_bulk [status:200 request:0.206s]
[2025-04-11T18:22:39.736+0000] {base.py:271} INFO - POST http://elasticsearch:9200/_bulk [status:200 request:0.195s]
[2025-04-11T18:22:39.910+0000] {base.py:271} INFO - POST http://elasticsearch:9200/_bulk [status:200 request:0.148s]
[2025-04-11T18:22:40.072+0000] {base.py:271} INFO - POST http://elasticsearch:9200/_bulk [status:200 request:0.139s]
[2025-04-11T18:22:40.229+0000] {base.py:271} INFO - POST http://elasticsearch:9200/_bulk [status:200 request:0.134s]
[2025-04-11T18:22:40.372+0000] {base.py:271} INFO - POST http://elasticsearch:9200/_bulk [status:200 request:0.122s]
[2025-04-11T18:22:40.447+0000] {base.py:271} INFO - POST http://elasticsearch:9200/_bulk [status:200 request:0.065s]
[2025-04-11T18:22:40.449+0000] {logging_mixin.py:115} INFO - 86678 documents indexed to Elasticsearch 'table_m3'.
[2025-04-11T18:22:40.515+0000] {python.py:173} INFO - Done. Returned value was: None
[2025-04-11T18:22:40.554+0000] {taskinstance.py:1412} INFO - Marking task as SUCCESS. dag_id=M3_GA_pipeline, task_id=post_to_elasticsearch, execution_date=20250411T182133, start_date=20250411T182154, end_date=20250411T182240
[2025-04-11T18:22:40.642+0000] {local_task_job.py:156} INFO - Task exited with return code 0
[2025-04-11T18:22:40.744+0000] {local_task_job.py:279} INFO - 0 downstream tasks scheduled from follow-on schedule check
