[2025-04-11T17:55:35.854+0000] {taskinstance.py:1171} INFO - Dependencies all met for <TaskInstance: M3_GA_pipeline.data_cleaning manual__2025-04-11T17:55:12.050671+00:00 [queued]>
[2025-04-11T17:55:35.907+0000] {taskinstance.py:1171} INFO - Dependencies all met for <TaskInstance: M3_GA_pipeline.data_cleaning manual__2025-04-11T17:55:12.050671+00:00 [queued]>
[2025-04-11T17:55:35.908+0000] {taskinstance.py:1368} INFO - 
--------------------------------------------------------------------------------
[2025-04-11T17:55:35.910+0000] {taskinstance.py:1369} INFO - Starting attempt 1 of 1
[2025-04-11T17:55:35.912+0000] {taskinstance.py:1370} INFO - 
--------------------------------------------------------------------------------
[2025-04-11T17:55:36.024+0000] {taskinstance.py:1389} INFO - Executing <Task(PythonOperator): data_cleaning> on 2025-04-11 17:55:12.050671+00:00
[2025-04-11T17:55:36.044+0000] {standard_task_runner.py:52} INFO - Started process 223 to run task
[2025-04-11T17:55:36.060+0000] {standard_task_runner.py:79} INFO - Running: ['***', 'tasks', 'run', 'M3_GA_pipeline', 'data_cleaning', 'manual__2025-04-11T17:55:12.050671+00:00', '--job-id', '13', '--raw', '--subdir', 'DAGS_FOLDER/P2M3_galuh_alifani_DAG.py', '--cfg-path', '/tmp/tmpggaep5a_', '--error-file', '/tmp/tmpub8pe5i_']
[2025-04-11T17:55:36.068+0000] {standard_task_runner.py:80} INFO - Job 13: Subtask data_cleaning
[2025-04-11T17:55:36.402+0000] {task_command.py:371} INFO - Running <TaskInstance: M3_GA_pipeline.data_cleaning manual__2025-04-11T17:55:12.050671+00:00 [running]> on host cc0ee192f301
[2025-04-11T17:55:36.697+0000] {taskinstance.py:1583} INFO - Exporting the following env vars:
AIRFLOW_CTX_DAG_OWNER=Galuh
AIRFLOW_CTX_DAG_ID=M3_GA_pipeline
AIRFLOW_CTX_TASK_ID=data_cleaning
AIRFLOW_CTX_EXECUTION_DATE=2025-04-11T17:55:12.050671+00:00
AIRFLOW_CTX_TRY_NUMBER=1
AIRFLOW_CTX_DAG_RUN_ID=manual__2025-04-11T17:55:12.050671+00:00
[2025-04-11T17:55:56.606+0000] {logging_mixin.py:115} INFO - data has been cleaned
[2025-04-11T17:55:56.895+0000] {python.py:173} INFO - Done. Returned value was: None
[2025-04-11T17:55:56.978+0000] {taskinstance.py:1412} INFO - Marking task as SUCCESS. dag_id=M3_GA_pipeline, task_id=data_cleaning, execution_date=20250411T175512, start_date=20250411T175535, end_date=20250411T175556
[2025-04-11T17:55:57.137+0000] {local_task_job.py:156} INFO - Task exited with return code 0
[2025-04-11T17:55:57.862+0000] {local_task_job.py:279} INFO - 0 downstream tasks scheduled from follow-on schedule check
