[2025-04-11T18:21:35.146+0000] {taskinstance.py:1171} INFO - Dependencies all met for <TaskInstance: M3_GA_pipeline.fetch_from_postgresql manual__2025-04-11T18:21:33.267350+00:00 [queued]>
[2025-04-11T18:21:35.176+0000] {taskinstance.py:1171} INFO - Dependencies all met for <TaskInstance: M3_GA_pipeline.fetch_from_postgresql manual__2025-04-11T18:21:33.267350+00:00 [queued]>
[2025-04-11T18:21:35.177+0000] {taskinstance.py:1368} INFO - 
--------------------------------------------------------------------------------
[2025-04-11T18:21:35.178+0000] {taskinstance.py:1369} INFO - Starting attempt 1 of 1
[2025-04-11T18:21:35.179+0000] {taskinstance.py:1370} INFO - 
--------------------------------------------------------------------------------
[2025-04-11T18:21:35.226+0000] {taskinstance.py:1389} INFO - Executing <Task(PythonOperator): fetch_from_postgresql> on 2025-04-11 18:21:33.267350+00:00
[2025-04-11T18:21:35.234+0000] {standard_task_runner.py:52} INFO - Started process 223 to run task
[2025-04-11T18:21:35.242+0000] {standard_task_runner.py:79} INFO - Running: ['***', 'tasks', 'run', 'M3_GA_pipeline', 'fetch_from_postgresql', 'manual__2025-04-11T18:21:33.267350+00:00', '--job-id', '17', '--raw', '--subdir', 'DAGS_FOLDER/P2M3_galuh_alifani_DAG.py', '--cfg-path', '/tmp/tmp61s_k1uq', '--error-file', '/tmp/tmpa4bb2otf']
[2025-04-11T18:21:35.245+0000] {standard_task_runner.py:80} INFO - Job 17: Subtask fetch_from_postgresql
[2025-04-11T18:21:35.748+0000] {task_command.py:371} INFO - Running <TaskInstance: M3_GA_pipeline.fetch_from_postgresql manual__2025-04-11T18:21:33.267350+00:00 [running]> on host f0464688226f
[2025-04-11T18:21:36.206+0000] {taskinstance.py:1583} INFO - Exporting the following env vars:
AIRFLOW_CTX_DAG_OWNER=Galuh
AIRFLOW_CTX_DAG_ID=M3_GA_pipeline
AIRFLOW_CTX_TASK_ID=fetch_from_postgresql
AIRFLOW_CTX_EXECUTION_DATE=2025-04-11T18:21:33.267350+00:00
AIRFLOW_CTX_TRY_NUMBER=1
AIRFLOW_CTX_DAG_RUN_ID=manual__2025-04-11T18:21:33.267350+00:00
[2025-04-11T18:21:41.459+0000] {logging_mixin.py:115} INFO - data has been loaded
[2025-04-11T18:21:41.531+0000] {python.py:173} INFO - Done. Returned value was: None
[2025-04-11T18:21:41.572+0000] {taskinstance.py:1412} INFO - Marking task as SUCCESS. dag_id=M3_GA_pipeline, task_id=fetch_from_postgresql, execution_date=20250411T182133, start_date=20250411T182135, end_date=20250411T182141
[2025-04-11T18:21:41.646+0000] {local_task_job.py:156} INFO - Task exited with return code 0
[2025-04-11T18:21:41.726+0000] {local_task_job.py:279} INFO - 1 downstream tasks scheduled from follow-on schedule check
