[2025-04-11T17:55:15.821+0000] {taskinstance.py:1171} INFO - Dependencies all met for <TaskInstance: M3_GA_pipeline.fetch_from_postgresql scheduled__2025-04-05T09:20:00+00:00 [queued]>
[2025-04-11T17:55:15.851+0000] {taskinstance.py:1171} INFO - Dependencies all met for <TaskInstance: M3_GA_pipeline.fetch_from_postgresql scheduled__2025-04-05T09:20:00+00:00 [queued]>
[2025-04-11T17:55:15.852+0000] {taskinstance.py:1368} INFO - 
--------------------------------------------------------------------------------
[2025-04-11T17:55:15.853+0000] {taskinstance.py:1369} INFO - Starting attempt 1 of 1
[2025-04-11T17:55:15.854+0000] {taskinstance.py:1370} INFO - 
--------------------------------------------------------------------------------
[2025-04-11T17:55:15.945+0000] {taskinstance.py:1389} INFO - Executing <Task(PythonOperator): fetch_from_postgresql> on 2025-04-05 09:20:00+00:00
[2025-04-11T17:55:15.958+0000] {standard_task_runner.py:52} INFO - Started process 218 to run task
[2025-04-11T17:55:15.964+0000] {standard_task_runner.py:79} INFO - Running: ['***', 'tasks', 'run', 'M3_GA_pipeline', 'fetch_from_postgresql', 'scheduled__2025-04-05T09:20:00+00:00', '--job-id', '10', '--raw', '--subdir', 'DAGS_FOLDER/P2M3_galuh_alifani_DAG.py', '--cfg-path', '/tmp/tmpifk_1tfz', '--error-file', '/tmp/tmpac9x8zfm']
[2025-04-11T17:55:15.970+0000] {standard_task_runner.py:80} INFO - Job 10: Subtask fetch_from_postgresql
[2025-04-11T17:55:16.367+0000] {task_command.py:371} INFO - Running <TaskInstance: M3_GA_pipeline.fetch_from_postgresql scheduled__2025-04-05T09:20:00+00:00 [running]> on host cc0ee192f301
[2025-04-11T17:55:16.740+0000] {taskinstance.py:1583} INFO - Exporting the following env vars:
AIRFLOW_CTX_DAG_OWNER=Galuh
AIRFLOW_CTX_DAG_ID=M3_GA_pipeline
AIRFLOW_CTX_TASK_ID=fetch_from_postgresql
AIRFLOW_CTX_EXECUTION_DATE=2025-04-05T09:20:00+00:00
AIRFLOW_CTX_TRY_NUMBER=1
AIRFLOW_CTX_DAG_RUN_ID=scheduled__2025-04-05T09:20:00+00:00
[2025-04-11T17:55:29.491+0000] {logging_mixin.py:115} INFO - data has been loaded
[2025-04-11T17:55:29.624+0000] {python.py:173} INFO - Done. Returned value was: None
[2025-04-11T17:55:29.707+0000] {taskinstance.py:1412} INFO - Marking task as SUCCESS. dag_id=M3_GA_pipeline, task_id=fetch_from_postgresql, execution_date=20250405T092000, start_date=20250411T175515, end_date=20250411T175529
[2025-04-11T17:55:29.826+0000] {local_task_job.py:156} INFO - Task exited with return code 0
[2025-04-11T17:55:29.994+0000] {local_task_job.py:279} INFO - 1 downstream tasks scheduled from follow-on schedule check
