[2025-04-13T07:02:52.290+0000] {taskinstance.py:1171} INFO - Dependencies all met for <TaskInstance: M3_GA_pipeline.post_to_elasticsearch manual__2025-04-13T07:02:32.004516+00:00 [queued]>
[2025-04-13T07:02:52.321+0000] {taskinstance.py:1171} INFO - Dependencies all met for <TaskInstance: M3_GA_pipeline.post_to_elasticsearch manual__2025-04-13T07:02:32.004516+00:00 [queued]>
[2025-04-13T07:02:52.322+0000] {taskinstance.py:1368} INFO - 
--------------------------------------------------------------------------------
[2025-04-13T07:02:52.323+0000] {taskinstance.py:1369} INFO - Starting attempt 1 of 1
[2025-04-13T07:02:52.324+0000] {taskinstance.py:1370} INFO - 
--------------------------------------------------------------------------------
[2025-04-13T07:02:52.390+0000] {taskinstance.py:1389} INFO - Executing <Task(PythonOperator): post_to_elasticsearch> on 2025-04-13 07:02:32.004516+00:00
[2025-04-13T07:02:52.447+0000] {standard_task_runner.py:52} INFO - Started process 508 to run task
[2025-04-13T07:02:52.459+0000] {standard_task_runner.py:79} INFO - Running: ['***', 'tasks', 'run', 'M3_GA_pipeline', 'post_to_elasticsearch', 'manual__2025-04-13T07:02:32.004516+00:00', '--job-id', '25', '--raw', '--subdir', 'DAGS_FOLDER/P2M3_galuh_alifani_DAG.py', '--cfg-path', '/tmp/tmpk6kb7jf_', '--error-file', '/tmp/tmpgis7bvjb']
[2025-04-13T07:02:52.468+0000] {standard_task_runner.py:80} INFO - Job 25: Subtask post_to_elasticsearch
[2025-04-13T07:02:52.767+0000] {task_command.py:371} INFO - Running <TaskInstance: M3_GA_pipeline.post_to_elasticsearch manual__2025-04-13T07:02:32.004516+00:00 [running]> on host a0a67293f3f1
[2025-04-13T07:02:53.076+0000] {taskinstance.py:1583} INFO - Exporting the following env vars:
AIRFLOW_CTX_DAG_OWNER=Galuh
AIRFLOW_CTX_DAG_ID=M3_GA_pipeline
AIRFLOW_CTX_TASK_ID=post_to_elasticsearch
AIRFLOW_CTX_EXECUTION_DATE=2025-04-13T07:02:32.004516+00:00
AIRFLOW_CTX_TRY_NUMBER=1
AIRFLOW_CTX_DAG_RUN_ID=manual__2025-04-13T07:02:32.004516+00:00
[2025-04-13T07:03:08.207+0000] {base.py:271} INFO - POST http://elasticsearch:9200/_bulk [status:200 request:1.039s]
[2025-04-13T07:03:08.588+0000] {base.py:271} INFO - POST http://elasticsearch:9200/_bulk [status:200 request:0.354s]
[2025-04-13T07:03:08.966+0000] {base.py:271} INFO - POST http://elasticsearch:9200/_bulk [status:200 request:0.335s]
[2025-04-13T07:03:09.243+0000] {base.py:271} INFO - POST http://elasticsearch:9200/_bulk [status:200 request:0.248s]
[2025-04-13T07:03:09.561+0000] {base.py:271} INFO - POST http://elasticsearch:9200/_bulk [status:200 request:0.284s]
[2025-04-13T07:03:09.925+0000] {base.py:271} INFO - POST http://elasticsearch:9200/_bulk [status:200 request:0.330s]
[2025-04-13T07:03:10.220+0000] {base.py:271} INFO - POST http://elasticsearch:9200/_bulk [status:200 request:0.267s]
[2025-04-13T07:03:10.484+0000] {base.py:271} INFO - POST http://elasticsearch:9200/_bulk [status:200 request:0.234s]
[2025-04-13T07:03:10.804+0000] {base.py:271} INFO - POST http://elasticsearch:9200/_bulk [status:200 request:0.284s]
[2025-04-13T07:03:11.152+0000] {base.py:271} INFO - POST http://elasticsearch:9200/_bulk [status:200 request:0.305s]
[2025-04-13T07:03:11.414+0000] {base.py:271} INFO - POST http://elasticsearch:9200/_bulk [status:200 request:0.234s]
[2025-04-13T07:03:11.663+0000] {base.py:271} INFO - POST http://elasticsearch:9200/_bulk [status:200 request:0.215s]
[2025-04-13T07:03:11.908+0000] {base.py:271} INFO - POST http://elasticsearch:9200/_bulk [status:200 request:0.216s]
[2025-04-13T07:03:12.190+0000] {base.py:271} INFO - POST http://elasticsearch:9200/_bulk [status:200 request:0.255s]
[2025-04-13T07:03:12.459+0000] {base.py:271} INFO - POST http://elasticsearch:9200/_bulk [status:200 request:0.242s]
[2025-04-13T07:03:12.898+0000] {base.py:271} INFO - POST http://elasticsearch:9200/_bulk [status:200 request:0.242s]
[2025-04-13T07:03:13.130+0000] {base.py:271} INFO - POST http://elasticsearch:9200/_bulk [status:200 request:0.199s]
[2025-04-13T07:03:13.407+0000] {base.py:271} INFO - POST http://elasticsearch:9200/_bulk [status:200 request:0.238s]
[2025-04-13T07:03:13.641+0000] {base.py:271} INFO - POST http://elasticsearch:9200/_bulk [status:200 request:0.199s]
[2025-04-13T07:03:13.898+0000] {base.py:271} INFO - POST http://elasticsearch:9200/_bulk [status:200 request:0.217s]
[2025-04-13T07:03:14.117+0000] {base.py:271} INFO - POST http://elasticsearch:9200/_bulk [status:200 request:0.186s]
[2025-04-13T07:03:14.328+0000] {base.py:271} INFO - POST http://elasticsearch:9200/_bulk [status:200 request:0.184s]
[2025-04-13T07:03:14.560+0000] {base.py:271} INFO - POST http://elasticsearch:9200/_bulk [status:200 request:0.200s]
[2025-04-13T07:03:14.798+0000] {base.py:271} INFO - POST http://elasticsearch:9200/_bulk [status:200 request:0.212s]
[2025-04-13T07:03:14.996+0000] {base.py:271} INFO - POST http://elasticsearch:9200/_bulk [status:200 request:0.173s]
[2025-04-13T07:03:15.218+0000] {base.py:271} INFO - POST http://elasticsearch:9200/_bulk [status:200 request:0.190s]
[2025-04-13T07:03:15.566+0000] {base.py:271} INFO - POST http://elasticsearch:9200/_bulk [status:200 request:0.310s]
[2025-04-13T07:03:15.867+0000] {base.py:271} INFO - POST http://elasticsearch:9200/_bulk [status:200 request:0.263s]
[2025-04-13T07:03:16.124+0000] {base.py:271} INFO - POST http://elasticsearch:9200/_bulk [status:200 request:0.209s]
[2025-04-13T07:03:16.323+0000] {base.py:271} INFO - POST http://elasticsearch:9200/_bulk [status:200 request:0.168s]
[2025-04-13T07:03:16.497+0000] {base.py:271} INFO - POST http://elasticsearch:9200/_bulk [status:200 request:0.148s]
[2025-04-13T07:03:16.655+0000] {base.py:271} INFO - POST http://elasticsearch:9200/_bulk [status:200 request:0.135s]
[2025-04-13T07:03:16.886+0000] {base.py:271} INFO - POST http://elasticsearch:9200/_bulk [status:200 request:0.205s]
[2025-04-13T07:03:17.102+0000] {base.py:271} INFO - POST http://elasticsearch:9200/_bulk [status:200 request:0.177s]
[2025-04-13T07:03:17.283+0000] {base.py:271} INFO - POST http://elasticsearch:9200/_bulk [status:200 request:0.155s]
[2025-04-13T07:03:17.439+0000] {base.py:271} INFO - POST http://elasticsearch:9200/_bulk [status:200 request:0.133s]
[2025-04-13T07:03:17.608+0000] {base.py:271} INFO - POST http://elasticsearch:9200/_bulk [status:200 request:0.146s]
[2025-04-13T07:03:17.815+0000] {base.py:271} INFO - POST http://elasticsearch:9200/_bulk [status:200 request:0.185s]
[2025-04-13T07:03:18.125+0000] {base.py:271} INFO - POST http://elasticsearch:9200/_bulk [status:200 request:0.276s]
[2025-04-13T07:03:18.352+0000] {base.py:271} INFO - POST http://elasticsearch:9200/_bulk [status:200 request:0.197s]
[2025-04-13T07:03:18.554+0000] {base.py:271} INFO - POST http://elasticsearch:9200/_bulk [status:200 request:0.174s]
[2025-04-13T07:03:18.754+0000] {base.py:271} INFO - POST http://elasticsearch:9200/_bulk [status:200 request:0.174s]
[2025-04-13T07:03:18.950+0000] {base.py:271} INFO - POST http://elasticsearch:9200/_bulk [status:200 request:0.165s]
[2025-04-13T07:03:19.139+0000] {base.py:271} INFO - POST http://elasticsearch:9200/_bulk [status:200 request:0.164s]
[2025-04-13T07:03:19.307+0000] {base.py:271} INFO - POST http://elasticsearch:9200/_bulk [status:200 request:0.145s]
[2025-04-13T07:03:19.453+0000] {base.py:271} INFO - POST http://elasticsearch:9200/_bulk [status:200 request:0.123s]
[2025-04-13T07:03:19.598+0000] {base.py:271} INFO - POST http://elasticsearch:9200/_bulk [status:200 request:0.124s]
[2025-04-13T07:03:19.786+0000] {base.py:271} INFO - POST http://elasticsearch:9200/_bulk [status:200 request:0.168s]
[2025-04-13T07:03:19.950+0000] {base.py:271} INFO - POST http://elasticsearch:9200/_bulk [status:200 request:0.136s]
[2025-04-13T07:03:20.102+0000] {base.py:271} INFO - POST http://elasticsearch:9200/_bulk [status:200 request:0.131s]
[2025-04-13T07:03:20.294+0000] {base.py:271} INFO - POST http://elasticsearch:9200/_bulk [status:200 request:0.171s]
[2025-04-13T07:03:20.499+0000] {base.py:271} INFO - POST http://elasticsearch:9200/_bulk [status:200 request:0.174s]
[2025-04-13T07:03:20.739+0000] {base.py:271} INFO - POST http://elasticsearch:9200/_bulk [status:200 request:0.210s]
[2025-04-13T07:03:21.007+0000] {base.py:271} INFO - POST http://elasticsearch:9200/_bulk [status:200 request:0.227s]
[2025-04-13T07:03:21.296+0000] {base.py:271} INFO - POST http://elasticsearch:9200/_bulk [status:200 request:0.231s]
[2025-04-13T07:03:21.577+0000] {base.py:271} INFO - POST http://elasticsearch:9200/_bulk [status:200 request:0.237s]
[2025-04-13T07:03:21.804+0000] {base.py:271} INFO - POST http://elasticsearch:9200/_bulk [status:200 request:0.195s]
[2025-04-13T07:03:22.075+0000] {base.py:271} INFO - POST http://elasticsearch:9200/_bulk [status:200 request:0.242s]
[2025-04-13T07:03:22.263+0000] {base.py:271} INFO - POST http://elasticsearch:9200/_bulk [status:200 request:0.156s]
[2025-04-13T07:03:22.430+0000] {base.py:271} INFO - POST http://elasticsearch:9200/_bulk [status:200 request:0.142s]
[2025-04-13T07:03:22.662+0000] {base.py:271} INFO - POST http://elasticsearch:9200/_bulk [status:200 request:0.204s]
[2025-04-13T07:03:22.873+0000] {base.py:271} INFO - POST http://elasticsearch:9200/_bulk [status:200 request:0.182s]
[2025-04-13T07:03:23.242+0000] {base.py:271} INFO - POST http://elasticsearch:9200/_bulk [status:200 request:0.272s]
[2025-04-13T07:03:23.442+0000] {base.py:271} INFO - POST http://elasticsearch:9200/_bulk [status:200 request:0.172s]
[2025-04-13T07:03:23.619+0000] {base.py:271} INFO - POST http://elasticsearch:9200/_bulk [status:200 request:0.150s]
[2025-04-13T07:03:23.840+0000] {base.py:271} INFO - POST http://elasticsearch:9200/_bulk [status:200 request:0.197s]
[2025-04-13T07:03:24.032+0000] {base.py:271} INFO - POST http://elasticsearch:9200/_bulk [status:200 request:0.166s]
[2025-04-13T07:03:24.235+0000] {base.py:271} INFO - POST http://elasticsearch:9200/_bulk [status:200 request:0.165s]
[2025-04-13T07:03:24.432+0000] {base.py:271} INFO - POST http://elasticsearch:9200/_bulk [status:200 request:0.166s]
[2025-04-13T07:03:24.624+0000] {base.py:271} INFO - POST http://elasticsearch:9200/_bulk [status:200 request:0.163s]
[2025-04-13T07:03:24.843+0000] {base.py:271} INFO - POST http://elasticsearch:9200/_bulk [status:200 request:0.195s]
[2025-04-13T07:03:25.100+0000] {base.py:271} INFO - POST http://elasticsearch:9200/_bulk [status:200 request:0.227s]
[2025-04-13T07:03:25.317+0000] {base.py:271} INFO - POST http://elasticsearch:9200/_bulk [status:200 request:0.179s]
[2025-04-13T07:03:25.508+0000] {base.py:271} INFO - POST http://elasticsearch:9200/_bulk [status:200 request:0.166s]
[2025-04-13T07:03:25.706+0000] {base.py:271} INFO - POST http://elasticsearch:9200/_bulk [status:200 request:0.170s]
[2025-04-13T07:03:25.896+0000] {base.py:271} INFO - POST http://elasticsearch:9200/_bulk [status:200 request:0.160s]
[2025-04-13T07:03:26.113+0000] {base.py:271} INFO - POST http://elasticsearch:9200/_bulk [status:200 request:0.188s]
[2025-04-13T07:03:26.279+0000] {base.py:271} INFO - POST http://elasticsearch:9200/_bulk [status:200 request:0.141s]
[2025-04-13T07:03:26.449+0000] {base.py:271} INFO - POST http://elasticsearch:9200/_bulk [status:200 request:0.143s]
[2025-04-13T07:03:26.608+0000] {base.py:271} INFO - POST http://elasticsearch:9200/_bulk [status:200 request:0.130s]
[2025-04-13T07:03:26.773+0000] {base.py:271} INFO - POST http://elasticsearch:9200/_bulk [status:200 request:0.142s]
[2025-04-13T07:03:26.936+0000] {base.py:271} INFO - POST http://elasticsearch:9200/_bulk [status:200 request:0.142s]
[2025-04-13T07:03:27.142+0000] {base.py:271} INFO - POST http://elasticsearch:9200/_bulk [status:200 request:0.182s]
[2025-04-13T07:03:27.390+0000] {base.py:271} INFO - POST http://elasticsearch:9200/_bulk [status:200 request:0.209s]
[2025-04-13T07:03:27.565+0000] {base.py:271} INFO - POST http://elasticsearch:9200/_bulk [status:200 request:0.150s]
[2025-04-13T07:03:27.754+0000] {base.py:271} INFO - POST http://elasticsearch:9200/_bulk [status:200 request:0.162s]
[2025-04-13T07:03:27.920+0000] {base.py:271} INFO - POST http://elasticsearch:9200/_bulk [status:200 request:0.143s]
[2025-04-13T07:03:28.071+0000] {base.py:271} INFO - POST http://elasticsearch:9200/_bulk [status:200 request:0.129s]
[2025-04-13T07:03:28.210+0000] {base.py:271} INFO - POST http://elasticsearch:9200/_bulk [status:200 request:0.118s]
[2025-04-13T07:03:28.375+0000] {base.py:271} INFO - POST http://elasticsearch:9200/_bulk [status:200 request:0.145s]
[2025-04-13T07:03:28.578+0000] {base.py:271} INFO - POST http://elasticsearch:9200/_bulk [status:200 request:0.183s]
[2025-04-13T07:03:28.888+0000] {base.py:271} INFO - POST http://elasticsearch:9200/_bulk [status:200 request:0.275s]
[2025-04-13T07:03:29.237+0000] {base.py:271} INFO - POST http://elasticsearch:9200/_bulk [status:200 request:0.317s]
[2025-04-13T07:03:29.754+0000] {base.py:271} INFO - POST http://elasticsearch:9200/_bulk [status:200 request:0.481s]
[2025-04-13T07:03:30.129+0000] {base.py:271} INFO - POST http://elasticsearch:9200/_bulk [status:200 request:0.297s]
[2025-04-13T07:03:30.378+0000] {base.py:271} INFO - POST http://elasticsearch:9200/_bulk [status:200 request:0.221s]
[2025-04-13T07:03:30.722+0000] {base.py:271} INFO - POST http://elasticsearch:9200/_bulk [status:200 request:0.319s]
[2025-04-13T07:03:31.109+0000] {base.py:271} INFO - POST http://elasticsearch:9200/_bulk [status:200 request:0.346s]
[2025-04-13T07:03:33.479+0000] {base.py:271} INFO - POST http://elasticsearch:9200/_bulk [status:200 request:2.308s]
[2025-04-13T07:03:33.858+0000] {base.py:271} INFO - POST http://elasticsearch:9200/_bulk [status:200 request:0.330s]
[2025-04-13T07:03:34.114+0000] {base.py:271} INFO - POST http://elasticsearch:9200/_bulk [status:200 request:0.214s]
[2025-04-13T07:03:34.341+0000] {base.py:271} INFO - POST http://elasticsearch:9200/_bulk [status:200 request:0.200s]
[2025-04-13T07:03:34.538+0000] {base.py:271} INFO - POST http://elasticsearch:9200/_bulk [status:200 request:0.167s]
[2025-04-13T07:03:34.764+0000] {base.py:271} INFO - POST http://elasticsearch:9200/_bulk [status:200 request:0.203s]
[2025-04-13T07:03:34.971+0000] {base.py:271} INFO - POST http://elasticsearch:9200/_bulk [status:200 request:0.169s]
[2025-04-13T07:03:35.157+0000] {base.py:271} INFO - POST http://elasticsearch:9200/_bulk [status:200 request:0.151s]
[2025-04-13T07:03:35.344+0000] {base.py:271} INFO - POST http://elasticsearch:9200/_bulk [status:200 request:0.164s]
[2025-04-13T07:03:35.526+0000] {base.py:271} INFO - POST http://elasticsearch:9200/_bulk [status:200 request:0.156s]
[2025-04-13T07:03:35.697+0000] {base.py:271} INFO - POST http://elasticsearch:9200/_bulk [status:200 request:0.145s]
[2025-04-13T07:03:35.877+0000] {base.py:271} INFO - POST http://elasticsearch:9200/_bulk [status:200 request:0.148s]
[2025-04-13T07:03:36.036+0000] {base.py:271} INFO - POST http://elasticsearch:9200/_bulk [status:200 request:0.136s]
[2025-04-13T07:03:36.180+0000] {base.py:271} INFO - POST http://elasticsearch:9200/_bulk [status:200 request:0.122s]
[2025-04-13T07:03:36.319+0000] {base.py:271} INFO - POST http://elasticsearch:9200/_bulk [status:200 request:0.119s]
[2025-04-13T07:03:36.472+0000] {base.py:271} INFO - POST http://elasticsearch:9200/_bulk [status:200 request:0.134s]
[2025-04-13T07:03:36.624+0000] {base.py:271} INFO - POST http://elasticsearch:9200/_bulk [status:200 request:0.131s]
[2025-04-13T07:03:36.782+0000] {base.py:271} INFO - POST http://elasticsearch:9200/_bulk [status:200 request:0.137s]
[2025-04-13T07:03:36.950+0000] {base.py:271} INFO - POST http://elasticsearch:9200/_bulk [status:200 request:0.140s]
[2025-04-13T07:03:37.118+0000] {base.py:271} INFO - POST http://elasticsearch:9200/_bulk [status:200 request:0.143s]
[2025-04-13T07:03:37.289+0000] {base.py:271} INFO - POST http://elasticsearch:9200/_bulk [status:200 request:0.145s]
[2025-04-13T07:03:37.437+0000] {base.py:271} INFO - POST http://elasticsearch:9200/_bulk [status:200 request:0.125s]
[2025-04-13T07:03:37.588+0000] {base.py:271} INFO - POST http://elasticsearch:9200/_bulk [status:200 request:0.130s]
[2025-04-13T07:03:37.740+0000] {base.py:271} INFO - POST http://elasticsearch:9200/_bulk [status:200 request:0.132s]
[2025-04-13T07:03:37.888+0000] {base.py:271} INFO - POST http://elasticsearch:9200/_bulk [status:200 request:0.128s]
[2025-04-13T07:03:38.028+0000] {base.py:271} INFO - POST http://elasticsearch:9200/_bulk [status:200 request:0.120s]
[2025-04-13T07:03:38.170+0000] {base.py:271} INFO - POST http://elasticsearch:9200/_bulk [status:200 request:0.121s]
[2025-04-13T07:03:38.311+0000] {base.py:271} INFO - POST http://elasticsearch:9200/_bulk [status:200 request:0.121s]
[2025-04-13T07:03:38.454+0000] {base.py:271} INFO - POST http://elasticsearch:9200/_bulk [status:200 request:0.122s]
[2025-04-13T07:03:38.598+0000] {base.py:271} INFO - POST http://elasticsearch:9200/_bulk [status:200 request:0.124s]
[2025-04-13T07:03:38.759+0000] {base.py:271} INFO - POST http://elasticsearch:9200/_bulk [status:200 request:0.139s]
[2025-04-13T07:03:38.929+0000] {base.py:271} INFO - POST http://elasticsearch:9200/_bulk [status:200 request:0.149s]
[2025-04-13T07:03:39.087+0000] {base.py:271} INFO - POST http://elasticsearch:9200/_bulk [status:200 request:0.133s]
[2025-04-13T07:03:39.320+0000] {base.py:271} INFO - POST http://elasticsearch:9200/_bulk [status:200 request:0.205s]
[2025-04-13T07:03:39.453+0000] {base.py:271} INFO - POST http://elasticsearch:9200/_bulk [status:200 request:0.109s]
[2025-04-13T07:03:39.610+0000] {base.py:271} INFO - POST http://elasticsearch:9200/_bulk [status:200 request:0.131s]
[2025-04-13T07:03:39.679+0000] {base.py:271} INFO - POST http://elasticsearch:9200/_bulk [status:200 request:0.046s]
[2025-04-13T07:03:39.797+0000] {base.py:271} INFO - POST http://elasticsearch:9200/_bulk [status:200 request:0.096s]
[2025-04-13T07:03:39.896+0000] {base.py:271} INFO - POST http://elasticsearch:9200/_bulk [status:200 request:0.078s]
[2025-04-13T07:03:40.056+0000] {base.py:271} INFO - POST http://elasticsearch:9200/_bulk [status:200 request:0.138s]
[2025-04-13T07:03:40.136+0000] {base.py:271} INFO - POST http://elasticsearch:9200/_bulk [status:200 request:0.052s]
[2025-04-13T07:03:40.249+0000] {base.py:271} INFO - POST http://elasticsearch:9200/_bulk [status:200 request:0.086s]
[2025-04-13T07:03:40.371+0000] {base.py:271} INFO - POST http://elasticsearch:9200/_bulk [status:200 request:0.096s]
[2025-04-13T07:03:40.484+0000] {base.py:271} INFO - POST http://elasticsearch:9200/_bulk [status:200 request:0.089s]
[2025-04-13T07:03:40.604+0000] {base.py:271} INFO - POST http://elasticsearch:9200/_bulk [status:200 request:0.095s]
[2025-04-13T07:03:40.684+0000] {base.py:271} INFO - POST http://elasticsearch:9200/_bulk [status:200 request:0.053s]
[2025-04-13T07:03:40.782+0000] {base.py:271} INFO - POST http://elasticsearch:9200/_bulk [status:200 request:0.071s]
[2025-04-13T07:03:40.859+0000] {base.py:271} INFO - POST http://elasticsearch:9200/_bulk [status:200 request:0.053s]
[2025-04-13T07:03:40.936+0000] {base.py:271} INFO - POST http://elasticsearch:9200/_bulk [status:200 request:0.053s]
[2025-04-13T07:03:41.059+0000] {base.py:271} INFO - POST http://elasticsearch:9200/_bulk [status:200 request:0.100s]
[2025-04-13T07:03:41.166+0000] {base.py:271} INFO - POST http://elasticsearch:9200/_bulk [status:200 request:0.085s]
[2025-04-13T07:03:41.315+0000] {base.py:271} INFO - POST http://elasticsearch:9200/_bulk [status:200 request:0.126s]
[2025-04-13T07:03:41.464+0000] {base.py:271} INFO - POST http://elasticsearch:9200/_bulk [status:200 request:0.126s]
[2025-04-13T07:03:41.569+0000] {base.py:271} INFO - POST http://elasticsearch:9200/_bulk [status:200 request:0.083s]
[2025-04-13T07:03:41.736+0000] {base.py:271} INFO - POST http://elasticsearch:9200/_bulk [status:200 request:0.142s]
[2025-04-13T07:03:41.841+0000] {base.py:271} INFO - POST http://elasticsearch:9200/_bulk [status:200 request:0.082s]
[2025-04-13T07:03:41.951+0000] {base.py:271} INFO - POST http://elasticsearch:9200/_bulk [status:200 request:0.086s]
[2025-04-13T07:03:42.065+0000] {base.py:271} INFO - POST http://elasticsearch:9200/_bulk [status:200 request:0.091s]
[2025-04-13T07:03:42.172+0000] {base.py:271} INFO - POST http://elasticsearch:9200/_bulk [status:200 request:0.087s]
[2025-04-13T07:03:42.277+0000] {base.py:271} INFO - POST http://elasticsearch:9200/_bulk [status:200 request:0.087s]
[2025-04-13T07:03:42.341+0000] {base.py:271} INFO - POST http://elasticsearch:9200/_bulk [status:200 request:0.047s]
[2025-04-13T07:03:42.396+0000] {base.py:271} INFO - POST http://elasticsearch:9200/_bulk [status:200 request:0.038s]
[2025-04-13T07:03:42.464+0000] {base.py:271} INFO - POST http://elasticsearch:9200/_bulk [status:200 request:0.051s]
[2025-04-13T07:03:42.546+0000] {base.py:271} INFO - POST http://elasticsearch:9200/_bulk [status:200 request:0.066s]
[2025-04-13T07:03:42.633+0000] {base.py:271} INFO - POST http://elasticsearch:9200/_bulk [status:200 request:0.068s]
[2025-04-13T07:03:42.716+0000] {base.py:271} INFO - POST http://elasticsearch:9200/_bulk [status:200 request:0.065s]
[2025-04-13T07:03:42.798+0000] {base.py:271} INFO - POST http://elasticsearch:9200/_bulk [status:200 request:0.057s]
[2025-04-13T07:03:42.861+0000] {base.py:271} INFO - POST http://elasticsearch:9200/_bulk [status:200 request:0.044s]
[2025-04-13T07:03:42.946+0000] {base.py:271} INFO - POST http://elasticsearch:9200/_bulk [status:200 request:0.066s]
[2025-04-13T07:03:43.007+0000] {base.py:271} INFO - POST http://elasticsearch:9200/_bulk [status:200 request:0.041s]
[2025-04-13T07:03:43.098+0000] {base.py:271} INFO - POST http://elasticsearch:9200/_bulk [status:200 request:0.072s]
[2025-04-13T07:03:43.188+0000] {base.py:271} INFO - POST http://elasticsearch:9200/_bulk [status:200 request:0.071s]
[2025-04-13T07:03:43.285+0000] {base.py:271} INFO - POST http://elasticsearch:9200/_bulk [status:200 request:0.077s]
[2025-04-13T07:03:43.301+0000] {base.py:271} INFO - POST http://elasticsearch:9200/_bulk [status:200 request:0.012s]
[2025-04-13T07:03:43.302+0000] {logging_mixin.py:115} INFO - 85553 documents indexed to Elasticsearch 'table_m3'.
[2025-04-13T07:03:43.355+0000] {python.py:173} INFO - Done. Returned value was: None
[2025-04-13T07:03:43.391+0000] {taskinstance.py:1412} INFO - Marking task as SUCCESS. dag_id=M3_GA_pipeline, task_id=post_to_elasticsearch, execution_date=20250413T070232, start_date=20250413T070252, end_date=20250413T070343
[2025-04-13T07:03:43.446+0000] {local_task_job.py:156} INFO - Task exited with return code 0
[2025-04-13T07:03:43.508+0000] {local_task_job.py:279} INFO - 0 downstream tasks scheduled from follow-on schedule check
