[2025-04-14T07:32:13.020+0000] {taskinstance.py:1171} INFO - Dependencies all met for <TaskInstance: M3_GA_pipeline.fetch_from_postgresql manual__2025-04-14T07:32:08.176885+00:00 [queued]>
[2025-04-14T07:32:13.047+0000] {taskinstance.py:1171} INFO - Dependencies all met for <TaskInstance: M3_GA_pipeline.fetch_from_postgresql manual__2025-04-14T07:32:08.176885+00:00 [queued]>
[2025-04-14T07:32:13.048+0000] {taskinstance.py:1368} INFO - 
--------------------------------------------------------------------------------
[2025-04-14T07:32:13.049+0000] {taskinstance.py:1369} INFO - Starting attempt 1 of 1
[2025-04-14T07:32:13.050+0000] {taskinstance.py:1370} INFO - 
--------------------------------------------------------------------------------
[2025-04-14T07:32:13.103+0000] {taskinstance.py:1389} INFO - Executing <Task(PythonOperator): fetch_from_postgresql> on 2025-04-14 07:32:08.176885+00:00
[2025-04-14T07:32:13.116+0000] {standard_task_runner.py:52} INFO - Started process 1519 to run task
[2025-04-14T07:32:13.125+0000] {standard_task_runner.py:79} INFO - Running: ['***', 'tasks', 'run', 'M3_GA_pipeline', 'fetch_from_postgresql', 'manual__2025-04-14T07:32:08.176885+00:00', '--job-id', '50', '--raw', '--subdir', 'DAGS_FOLDER/P2M3_galuh_alifani_DAG.py', '--cfg-path', '/tmp/tmpbh2b7yfv', '--error-file', '/tmp/tmp7q8dvc0r']
[2025-04-14T07:32:13.130+0000] {standard_task_runner.py:80} INFO - Job 50: Subtask fetch_from_postgresql
[2025-04-14T07:32:13.456+0000] {task_command.py:371} INFO - Running <TaskInstance: M3_GA_pipeline.fetch_from_postgresql manual__2025-04-14T07:32:08.176885+00:00 [running]> on host b652548eb1f7
[2025-04-14T07:32:13.771+0000] {taskinstance.py:1583} INFO - Exporting the following env vars:
AIRFLOW_CTX_DAG_OWNER=Galuh
AIRFLOW_CTX_DAG_ID=M3_GA_pipeline
AIRFLOW_CTX_TASK_ID=fetch_from_postgresql
AIRFLOW_CTX_EXECUTION_DATE=2025-04-14T07:32:08.176885+00:00
AIRFLOW_CTX_TRY_NUMBER=1
AIRFLOW_CTX_DAG_RUN_ID=manual__2025-04-14T07:32:08.176885+00:00
[2025-04-14T07:32:17.797+0000] {logging_mixin.py:115} INFO - data has been loaded
[2025-04-14T07:32:17.977+0000] {python.py:173} INFO - Done. Returned value was: None
[2025-04-14T07:32:18.090+0000] {taskinstance.py:1412} INFO - Marking task as SUCCESS. dag_id=M3_GA_pipeline, task_id=fetch_from_postgresql, execution_date=20250414T073208, start_date=20250414T073213, end_date=20250414T073218
[2025-04-14T07:32:18.281+0000] {local_task_job.py:156} INFO - Task exited with return code 0
[2025-04-14T07:32:18.398+0000] {local_task_job.py:279} INFO - 1 downstream tasks scheduled from follow-on schedule check
