[2025-04-11T17:53:33.311+0000] {processor.py:153} INFO - Started process (PID=188) to work on /opt/airflow/dags/P2M3_galuh_alifani_DAG.py
[2025-04-11T17:53:33.312+0000] {processor.py:640} INFO - Processing file /opt/airflow/dags/P2M3_galuh_alifani_DAG.py for tasks to queue
[2025-04-11T17:53:33.313+0000] {logging_mixin.py:115} INFO - [2025-04-11T17:53:33.313+0000] {dagbag.py:508} INFO - Filling up the DagBag from /opt/airflow/dags/P2M3_galuh_alifani_DAG.py
[2025-04-11T17:53:34.613+0000] {processor.py:650} INFO - DAG(s) dict_keys(['M3_GA_pipeline']) retrieved from /opt/airflow/dags/P2M3_galuh_alifani_DAG.py
[2025-04-11T17:53:34.698+0000] {logging_mixin.py:115} INFO - [2025-04-11T17:53:34.697+0000] {dag.py:2429} INFO - Sync 1 DAGs
[2025-04-11T17:53:34.751+0000] {logging_mixin.py:115} INFO - [2025-04-11T17:53:34.750+0000] {dag.py:2981} INFO - Setting next_dagrun for M3_GA_pipeline to 2025-04-05T09:20:00+00:00, run_after=2025-04-05T09:30:00+00:00
[2025-04-11T17:53:34.867+0000] {processor.py:161} INFO - Processing /opt/airflow/dags/P2M3_galuh_alifani_DAG.py took 1.561 seconds
[2025-04-11T17:54:05.188+0000] {processor.py:153} INFO - Started process (PID=195) to work on /opt/airflow/dags/P2M3_galuh_alifani_DAG.py
[2025-04-11T17:54:05.195+0000] {processor.py:640} INFO - Processing file /opt/airflow/dags/P2M3_galuh_alifani_DAG.py for tasks to queue
[2025-04-11T17:54:05.200+0000] {logging_mixin.py:115} INFO - [2025-04-11T17:54:05.199+0000] {dagbag.py:508} INFO - Filling up the DagBag from /opt/airflow/dags/P2M3_galuh_alifani_DAG.py
[2025-04-11T17:54:06.563+0000] {processor.py:650} INFO - DAG(s) dict_keys(['M3_GA_pipeline']) retrieved from /opt/airflow/dags/P2M3_galuh_alifani_DAG.py
[2025-04-11T17:54:06.707+0000] {logging_mixin.py:115} INFO - [2025-04-11T17:54:06.706+0000] {dag.py:2429} INFO - Sync 1 DAGs
[2025-04-11T17:54:06.789+0000] {logging_mixin.py:115} INFO - [2025-04-11T17:54:06.788+0000] {dag.py:2981} INFO - Setting next_dagrun for M3_GA_pipeline to 2025-04-05T09:20:00+00:00, run_after=2025-04-05T09:30:00+00:00
[2025-04-11T17:54:06.856+0000] {processor.py:161} INFO - Processing /opt/airflow/dags/P2M3_galuh_alifani_DAG.py took 1.685 seconds
[2025-04-11T17:54:37.243+0000] {processor.py:153} INFO - Started process (PID=201) to work on /opt/airflow/dags/P2M3_galuh_alifani_DAG.py
[2025-04-11T17:54:37.249+0000] {processor.py:640} INFO - Processing file /opt/airflow/dags/P2M3_galuh_alifani_DAG.py for tasks to queue
[2025-04-11T17:54:37.256+0000] {logging_mixin.py:115} INFO - [2025-04-11T17:54:37.254+0000] {dagbag.py:508} INFO - Filling up the DagBag from /opt/airflow/dags/P2M3_galuh_alifani_DAG.py
[2025-04-11T17:54:38.871+0000] {processor.py:650} INFO - DAG(s) dict_keys(['M3_GA_pipeline']) retrieved from /opt/airflow/dags/P2M3_galuh_alifani_DAG.py
[2025-04-11T17:54:39.092+0000] {logging_mixin.py:115} INFO - [2025-04-11T17:54:39.090+0000] {dag.py:2429} INFO - Sync 1 DAGs
[2025-04-11T17:54:39.225+0000] {logging_mixin.py:115} INFO - [2025-04-11T17:54:39.225+0000] {dag.py:2981} INFO - Setting next_dagrun for M3_GA_pipeline to 2025-04-05T09:20:00+00:00, run_after=2025-04-05T09:30:00+00:00
[2025-04-11T17:54:39.351+0000] {processor.py:161} INFO - Processing /opt/airflow/dags/P2M3_galuh_alifani_DAG.py took 2.129 seconds
[2025-04-11T17:55:09.555+0000] {processor.py:153} INFO - Started process (PID=207) to work on /opt/airflow/dags/P2M3_galuh_alifani_DAG.py
[2025-04-11T17:55:09.561+0000] {processor.py:640} INFO - Processing file /opt/airflow/dags/P2M3_galuh_alifani_DAG.py for tasks to queue
[2025-04-11T17:55:09.566+0000] {logging_mixin.py:115} INFO - [2025-04-11T17:55:09.565+0000] {dagbag.py:508} INFO - Filling up the DagBag from /opt/airflow/dags/P2M3_galuh_alifani_DAG.py
[2025-04-11T17:55:10.822+0000] {processor.py:650} INFO - DAG(s) dict_keys(['M3_GA_pipeline']) retrieved from /opt/airflow/dags/P2M3_galuh_alifani_DAG.py
[2025-04-11T17:55:10.948+0000] {logging_mixin.py:115} INFO - [2025-04-11T17:55:10.947+0000] {dag.py:2429} INFO - Sync 1 DAGs
[2025-04-11T17:55:11.016+0000] {logging_mixin.py:115} INFO - [2025-04-11T17:55:11.016+0000] {dag.py:2981} INFO - Setting next_dagrun for M3_GA_pipeline to 2025-04-05T09:20:00+00:00, run_after=2025-04-05T09:30:00+00:00
[2025-04-11T17:55:11.081+0000] {processor.py:161} INFO - Processing /opt/airflow/dags/P2M3_galuh_alifani_DAG.py took 1.555 seconds
[2025-04-11T17:55:41.407+0000] {processor.py:153} INFO - Started process (PID=225) to work on /opt/airflow/dags/P2M3_galuh_alifani_DAG.py
[2025-04-11T17:55:41.410+0000] {processor.py:640} INFO - Processing file /opt/airflow/dags/P2M3_galuh_alifani_DAG.py for tasks to queue
[2025-04-11T17:55:41.417+0000] {logging_mixin.py:115} INFO - [2025-04-11T17:55:41.416+0000] {dagbag.py:508} INFO - Filling up the DagBag from /opt/airflow/dags/P2M3_galuh_alifani_DAG.py
[2025-04-11T17:55:44.126+0000] {processor.py:650} INFO - DAG(s) dict_keys(['M3_GA_pipeline']) retrieved from /opt/airflow/dags/P2M3_galuh_alifani_DAG.py
[2025-04-11T17:55:44.210+0000] {logging_mixin.py:115} INFO - [2025-04-11T17:55:44.208+0000] {dag.py:2429} INFO - Sync 1 DAGs
[2025-04-11T17:55:44.268+0000] {logging_mixin.py:115} INFO - [2025-04-11T17:55:44.267+0000] {dag.py:2981} INFO - Setting next_dagrun for M3_GA_pipeline to 2025-04-05T09:30:00+00:00, run_after=2025-04-12T09:10:00+00:00
[2025-04-11T17:55:44.317+0000] {processor.py:161} INFO - Processing /opt/airflow/dags/P2M3_galuh_alifani_DAG.py took 2.932 seconds
[2025-04-11T17:56:14.564+0000] {processor.py:153} INFO - Started process (PID=237) to work on /opt/airflow/dags/P2M3_galuh_alifani_DAG.py
[2025-04-11T17:56:14.566+0000] {processor.py:640} INFO - Processing file /opt/airflow/dags/P2M3_galuh_alifani_DAG.py for tasks to queue
[2025-04-11T17:56:14.568+0000] {logging_mixin.py:115} INFO - [2025-04-11T17:56:14.568+0000] {dagbag.py:508} INFO - Filling up the DagBag from /opt/airflow/dags/P2M3_galuh_alifani_DAG.py
[2025-04-11T17:56:15.717+0000] {processor.py:650} INFO - DAG(s) dict_keys(['M3_GA_pipeline']) retrieved from /opt/airflow/dags/P2M3_galuh_alifani_DAG.py
[2025-04-11T17:56:15.826+0000] {logging_mixin.py:115} INFO - [2025-04-11T17:56:15.822+0000] {dag.py:2429} INFO - Sync 1 DAGs
[2025-04-11T17:56:15.922+0000] {logging_mixin.py:115} INFO - [2025-04-11T17:56:15.922+0000] {dag.py:2981} INFO - Setting next_dagrun for M3_GA_pipeline to 2025-04-05T09:30:00+00:00, run_after=2025-04-12T09:10:00+00:00
[2025-04-11T17:56:15.986+0000] {processor.py:161} INFO - Processing /opt/airflow/dags/P2M3_galuh_alifani_DAG.py took 1.430 seconds
[2025-04-11T17:56:46.346+0000] {processor.py:153} INFO - Started process (PID=243) to work on /opt/airflow/dags/P2M3_galuh_alifani_DAG.py
[2025-04-11T17:56:46.349+0000] {processor.py:640} INFO - Processing file /opt/airflow/dags/P2M3_galuh_alifani_DAG.py for tasks to queue
[2025-04-11T17:56:46.352+0000] {logging_mixin.py:115} INFO - [2025-04-11T17:56:46.352+0000] {dagbag.py:508} INFO - Filling up the DagBag from /opt/airflow/dags/P2M3_galuh_alifani_DAG.py
[2025-04-11T17:56:48.222+0000] {processor.py:650} INFO - DAG(s) dict_keys(['M3_GA_pipeline']) retrieved from /opt/airflow/dags/P2M3_galuh_alifani_DAG.py
[2025-04-11T17:56:48.335+0000] {logging_mixin.py:115} INFO - [2025-04-11T17:56:48.333+0000] {dag.py:2429} INFO - Sync 1 DAGs
[2025-04-11T17:56:48.452+0000] {logging_mixin.py:115} INFO - [2025-04-11T17:56:48.452+0000] {dag.py:2981} INFO - Setting next_dagrun for M3_GA_pipeline to 2025-04-05T09:30:00+00:00, run_after=2025-04-12T09:10:00+00:00
[2025-04-11T17:56:48.565+0000] {processor.py:161} INFO - Processing /opt/airflow/dags/P2M3_galuh_alifani_DAG.py took 2.231 seconds
[2025-04-11T17:57:19.061+0000] {processor.py:153} INFO - Started process (PID=249) to work on /opt/airflow/dags/P2M3_galuh_alifani_DAG.py
[2025-04-11T17:57:19.064+0000] {processor.py:640} INFO - Processing file /opt/airflow/dags/P2M3_galuh_alifani_DAG.py for tasks to queue
[2025-04-11T17:57:19.067+0000] {logging_mixin.py:115} INFO - [2025-04-11T17:57:19.067+0000] {dagbag.py:508} INFO - Filling up the DagBag from /opt/airflow/dags/P2M3_galuh_alifani_DAG.py
[2025-04-11T17:57:20.133+0000] {processor.py:650} INFO - DAG(s) dict_keys(['M3_GA_pipeline']) retrieved from /opt/airflow/dags/P2M3_galuh_alifani_DAG.py
[2025-04-11T17:57:20.220+0000] {logging_mixin.py:115} INFO - [2025-04-11T17:57:20.219+0000] {dag.py:2429} INFO - Sync 1 DAGs
[2025-04-11T17:57:20.290+0000] {logging_mixin.py:115} INFO - [2025-04-11T17:57:20.290+0000] {dag.py:2981} INFO - Setting next_dagrun for M3_GA_pipeline to 2025-04-05T09:30:00+00:00, run_after=2025-04-12T09:10:00+00:00
[2025-04-11T17:57:20.344+0000] {processor.py:161} INFO - Processing /opt/airflow/dags/P2M3_galuh_alifani_DAG.py took 1.296 seconds
[2025-04-11T17:57:50.743+0000] {processor.py:153} INFO - Started process (PID=255) to work on /opt/airflow/dags/P2M3_galuh_alifani_DAG.py
[2025-04-11T17:57:50.749+0000] {processor.py:640} INFO - Processing file /opt/airflow/dags/P2M3_galuh_alifani_DAG.py for tasks to queue
[2025-04-11T17:57:50.754+0000] {logging_mixin.py:115} INFO - [2025-04-11T17:57:50.752+0000] {dagbag.py:508} INFO - Filling up the DagBag from /opt/airflow/dags/P2M3_galuh_alifani_DAG.py
[2025-04-11T17:57:52.396+0000] {processor.py:650} INFO - DAG(s) dict_keys(['M3_GA_pipeline']) retrieved from /opt/airflow/dags/P2M3_galuh_alifani_DAG.py
[2025-04-11T17:57:52.531+0000] {logging_mixin.py:115} INFO - [2025-04-11T17:57:52.530+0000] {dag.py:2429} INFO - Sync 1 DAGs
[2025-04-11T17:57:52.613+0000] {logging_mixin.py:115} INFO - [2025-04-11T17:57:52.613+0000] {dag.py:2981} INFO - Setting next_dagrun for M3_GA_pipeline to 2025-04-05T09:30:00+00:00, run_after=2025-04-12T09:10:00+00:00
[2025-04-11T17:57:52.679+0000] {processor.py:161} INFO - Processing /opt/airflow/dags/P2M3_galuh_alifani_DAG.py took 1.980 seconds
[2025-04-11T17:58:22.950+0000] {processor.py:153} INFO - Started process (PID=261) to work on /opt/airflow/dags/P2M3_galuh_alifani_DAG.py
[2025-04-11T17:58:22.956+0000] {processor.py:640} INFO - Processing file /opt/airflow/dags/P2M3_galuh_alifani_DAG.py for tasks to queue
[2025-04-11T17:58:22.962+0000] {logging_mixin.py:115} INFO - [2025-04-11T17:58:22.961+0000] {dagbag.py:508} INFO - Filling up the DagBag from /opt/airflow/dags/P2M3_galuh_alifani_DAG.py
[2025-04-11T17:58:24.281+0000] {processor.py:650} INFO - DAG(s) dict_keys(['M3_GA_pipeline']) retrieved from /opt/airflow/dags/P2M3_galuh_alifani_DAG.py
[2025-04-11T17:58:24.370+0000] {logging_mixin.py:115} INFO - [2025-04-11T17:58:24.369+0000] {dag.py:2429} INFO - Sync 1 DAGs
[2025-04-11T17:58:24.439+0000] {logging_mixin.py:115} INFO - [2025-04-11T17:58:24.438+0000] {dag.py:2981} INFO - Setting next_dagrun for M3_GA_pipeline to 2025-04-05T09:30:00+00:00, run_after=2025-04-12T09:10:00+00:00
[2025-04-11T17:58:24.492+0000] {processor.py:161} INFO - Processing /opt/airflow/dags/P2M3_galuh_alifani_DAG.py took 1.562 seconds
[2025-04-11T17:58:54.837+0000] {processor.py:153} INFO - Started process (PID=267) to work on /opt/airflow/dags/P2M3_galuh_alifani_DAG.py
[2025-04-11T17:58:54.840+0000] {processor.py:640} INFO - Processing file /opt/airflow/dags/P2M3_galuh_alifani_DAG.py for tasks to queue
[2025-04-11T17:58:54.842+0000] {logging_mixin.py:115} INFO - [2025-04-11T17:58:54.841+0000] {dagbag.py:508} INFO - Filling up the DagBag from /opt/airflow/dags/P2M3_galuh_alifani_DAG.py
[2025-04-11T17:58:56.183+0000] {processor.py:650} INFO - DAG(s) dict_keys(['M3_GA_pipeline']) retrieved from /opt/airflow/dags/P2M3_galuh_alifani_DAG.py
[2025-04-11T17:58:56.433+0000] {logging_mixin.py:115} INFO - [2025-04-11T17:58:56.430+0000] {dag.py:2429} INFO - Sync 1 DAGs
[2025-04-11T17:58:56.559+0000] {logging_mixin.py:115} INFO - [2025-04-11T17:58:56.558+0000] {dag.py:2981} INFO - Setting next_dagrun for M3_GA_pipeline to 2025-04-05T09:30:00+00:00, run_after=2025-04-12T09:10:00+00:00
[2025-04-11T17:58:56.612+0000] {processor.py:161} INFO - Processing /opt/airflow/dags/P2M3_galuh_alifani_DAG.py took 1.789 seconds
[2025-04-11T17:59:26.963+0000] {processor.py:153} INFO - Started process (PID=273) to work on /opt/airflow/dags/P2M3_galuh_alifani_DAG.py
[2025-04-11T17:59:26.965+0000] {processor.py:640} INFO - Processing file /opt/airflow/dags/P2M3_galuh_alifani_DAG.py for tasks to queue
[2025-04-11T17:59:26.967+0000] {logging_mixin.py:115} INFO - [2025-04-11T17:59:26.966+0000] {dagbag.py:508} INFO - Filling up the DagBag from /opt/airflow/dags/P2M3_galuh_alifani_DAG.py
[2025-04-11T17:59:27.957+0000] {processor.py:650} INFO - DAG(s) dict_keys(['M3_GA_pipeline']) retrieved from /opt/airflow/dags/P2M3_galuh_alifani_DAG.py
[2025-04-11T17:59:28.019+0000] {logging_mixin.py:115} INFO - [2025-04-11T17:59:28.018+0000] {dag.py:2429} INFO - Sync 1 DAGs
[2025-04-11T17:59:28.083+0000] {logging_mixin.py:115} INFO - [2025-04-11T17:59:28.083+0000] {dag.py:2981} INFO - Setting next_dagrun for M3_GA_pipeline to 2025-04-05T09:30:00+00:00, run_after=2025-04-12T09:10:00+00:00
[2025-04-11T17:59:28.140+0000] {processor.py:161} INFO - Processing /opt/airflow/dags/P2M3_galuh_alifani_DAG.py took 1.183 seconds
[2025-04-11T17:59:58.403+0000] {processor.py:153} INFO - Started process (PID=279) to work on /opt/airflow/dags/P2M3_galuh_alifani_DAG.py
[2025-04-11T17:59:58.405+0000] {processor.py:640} INFO - Processing file /opt/airflow/dags/P2M3_galuh_alifani_DAG.py for tasks to queue
[2025-04-11T17:59:58.406+0000] {logging_mixin.py:115} INFO - [2025-04-11T17:59:58.406+0000] {dagbag.py:508} INFO - Filling up the DagBag from /opt/airflow/dags/P2M3_galuh_alifani_DAG.py
[2025-04-11T17:59:59.397+0000] {processor.py:650} INFO - DAG(s) dict_keys(['M3_GA_pipeline']) retrieved from /opt/airflow/dags/P2M3_galuh_alifani_DAG.py
[2025-04-11T17:59:59.516+0000] {logging_mixin.py:115} INFO - [2025-04-11T17:59:59.515+0000] {dag.py:2429} INFO - Sync 1 DAGs
[2025-04-11T17:59:59.600+0000] {logging_mixin.py:115} INFO - [2025-04-11T17:59:59.599+0000] {dag.py:2981} INFO - Setting next_dagrun for M3_GA_pipeline to 2025-04-05T09:30:00+00:00, run_after=2025-04-12T09:10:00+00:00
[2025-04-11T17:59:59.664+0000] {processor.py:161} INFO - Processing /opt/airflow/dags/P2M3_galuh_alifani_DAG.py took 1.267 seconds
[2025-04-11T18:00:30.001+0000] {processor.py:153} INFO - Started process (PID=285) to work on /opt/airflow/dags/P2M3_galuh_alifani_DAG.py
[2025-04-11T18:00:30.006+0000] {processor.py:640} INFO - Processing file /opt/airflow/dags/P2M3_galuh_alifani_DAG.py for tasks to queue
[2025-04-11T18:00:30.011+0000] {logging_mixin.py:115} INFO - [2025-04-11T18:00:30.010+0000] {dagbag.py:508} INFO - Filling up the DagBag from /opt/airflow/dags/P2M3_galuh_alifani_DAG.py
[2025-04-11T18:00:31.540+0000] {processor.py:650} INFO - DAG(s) dict_keys(['M3_GA_pipeline']) retrieved from /opt/airflow/dags/P2M3_galuh_alifani_DAG.py
[2025-04-11T18:00:31.775+0000] {logging_mixin.py:115} INFO - [2025-04-11T18:00:31.774+0000] {dag.py:2429} INFO - Sync 1 DAGs
[2025-04-11T18:00:31.828+0000] {logging_mixin.py:115} INFO - [2025-04-11T18:00:31.828+0000] {dag.py:2981} INFO - Setting next_dagrun for M3_GA_pipeline to 2025-04-05T09:30:00+00:00, run_after=2025-04-12T09:10:00+00:00
[2025-04-11T18:00:31.911+0000] {processor.py:161} INFO - Processing /opt/airflow/dags/P2M3_galuh_alifani_DAG.py took 1.925 seconds
[2025-04-11T18:01:02.443+0000] {processor.py:153} INFO - Started process (PID=291) to work on /opt/airflow/dags/P2M3_galuh_alifani_DAG.py
[2025-04-11T18:01:02.447+0000] {processor.py:640} INFO - Processing file /opt/airflow/dags/P2M3_galuh_alifani_DAG.py for tasks to queue
[2025-04-11T18:01:02.452+0000] {logging_mixin.py:115} INFO - [2025-04-11T18:01:02.452+0000] {dagbag.py:508} INFO - Filling up the DagBag from /opt/airflow/dags/P2M3_galuh_alifani_DAG.py
[2025-04-11T18:01:03.902+0000] {processor.py:650} INFO - DAG(s) dict_keys(['M3_GA_pipeline']) retrieved from /opt/airflow/dags/P2M3_galuh_alifani_DAG.py
[2025-04-11T18:01:04.104+0000] {logging_mixin.py:115} INFO - [2025-04-11T18:01:04.100+0000] {dag.py:2429} INFO - Sync 1 DAGs
[2025-04-11T18:01:04.290+0000] {logging_mixin.py:115} INFO - [2025-04-11T18:01:04.289+0000] {dag.py:2981} INFO - Setting next_dagrun for M3_GA_pipeline to 2025-04-05T09:30:00+00:00, run_after=2025-04-12T09:10:00+00:00
[2025-04-11T18:01:04.431+0000] {processor.py:161} INFO - Processing /opt/airflow/dags/P2M3_galuh_alifani_DAG.py took 2.012 seconds
[2025-04-11T18:01:34.682+0000] {processor.py:153} INFO - Started process (PID=297) to work on /opt/airflow/dags/P2M3_galuh_alifani_DAG.py
[2025-04-11T18:01:34.684+0000] {processor.py:640} INFO - Processing file /opt/airflow/dags/P2M3_galuh_alifani_DAG.py for tasks to queue
[2025-04-11T18:01:34.686+0000] {logging_mixin.py:115} INFO - [2025-04-11T18:01:34.685+0000] {dagbag.py:508} INFO - Filling up the DagBag from /opt/airflow/dags/P2M3_galuh_alifani_DAG.py
[2025-04-11T18:01:36.054+0000] {processor.py:650} INFO - DAG(s) dict_keys(['M3_GA_pipeline']) retrieved from /opt/airflow/dags/P2M3_galuh_alifani_DAG.py
[2025-04-11T18:01:36.245+0000] {logging_mixin.py:115} INFO - [2025-04-11T18:01:36.243+0000] {dag.py:2429} INFO - Sync 1 DAGs
[2025-04-11T18:01:36.395+0000] {logging_mixin.py:115} INFO - [2025-04-11T18:01:36.394+0000] {dag.py:2981} INFO - Setting next_dagrun for M3_GA_pipeline to 2025-04-05T09:30:00+00:00, run_after=2025-04-12T09:10:00+00:00
[2025-04-11T18:01:36.526+0000] {processor.py:161} INFO - Processing /opt/airflow/dags/P2M3_galuh_alifani_DAG.py took 1.851 seconds
[2025-04-11T18:02:06.862+0000] {processor.py:153} INFO - Started process (PID=303) to work on /opt/airflow/dags/P2M3_galuh_alifani_DAG.py
[2025-04-11T18:02:06.866+0000] {processor.py:640} INFO - Processing file /opt/airflow/dags/P2M3_galuh_alifani_DAG.py for tasks to queue
[2025-04-11T18:02:06.870+0000] {logging_mixin.py:115} INFO - [2025-04-11T18:02:06.869+0000] {dagbag.py:508} INFO - Filling up the DagBag from /opt/airflow/dags/P2M3_galuh_alifani_DAG.py
[2025-04-11T18:02:08.056+0000] {processor.py:650} INFO - DAG(s) dict_keys(['M3_GA_pipeline']) retrieved from /opt/airflow/dags/P2M3_galuh_alifani_DAG.py
[2025-04-11T18:02:08.121+0000] {logging_mixin.py:115} INFO - [2025-04-11T18:02:08.121+0000] {dag.py:2429} INFO - Sync 1 DAGs
[2025-04-11T18:02:08.179+0000] {logging_mixin.py:115} INFO - [2025-04-11T18:02:08.179+0000] {dag.py:2981} INFO - Setting next_dagrun for M3_GA_pipeline to 2025-04-05T09:30:00+00:00, run_after=2025-04-12T09:10:00+00:00
[2025-04-11T18:02:08.293+0000] {processor.py:161} INFO - Processing /opt/airflow/dags/P2M3_galuh_alifani_DAG.py took 1.445 seconds
[2025-04-11T18:19:52.582+0000] {processor.py:153} INFO - Started process (PID=196) to work on /opt/airflow/dags/P2M3_galuh_alifani_DAG.py
[2025-04-11T18:19:52.584+0000] {processor.py:640} INFO - Processing file /opt/airflow/dags/P2M3_galuh_alifani_DAG.py for tasks to queue
[2025-04-11T18:19:52.589+0000] {logging_mixin.py:115} INFO - [2025-04-11T18:19:52.588+0000] {dagbag.py:508} INFO - Filling up the DagBag from /opt/airflow/dags/P2M3_galuh_alifani_DAG.py
[2025-04-11T18:19:53.894+0000] {processor.py:650} INFO - DAG(s) dict_keys(['M3_GA_pipeline']) retrieved from /opt/airflow/dags/P2M3_galuh_alifani_DAG.py
[2025-04-11T18:19:54.062+0000] {logging_mixin.py:115} INFO - [2025-04-11T18:19:54.060+0000] {dag.py:2429} INFO - Sync 1 DAGs
[2025-04-11T18:19:54.216+0000] {logging_mixin.py:115} INFO - [2025-04-11T18:19:54.215+0000] {dag.py:2981} INFO - Setting next_dagrun for M3_GA_pipeline to 2025-04-05T09:30:00+00:00, run_after=2025-04-12T09:10:00+00:00
[2025-04-11T18:19:54.354+0000] {processor.py:161} INFO - Processing /opt/airflow/dags/P2M3_galuh_alifani_DAG.py took 1.784 seconds
[2025-04-11T18:20:24.614+0000] {processor.py:153} INFO - Started process (PID=203) to work on /opt/airflow/dags/P2M3_galuh_alifani_DAG.py
[2025-04-11T18:20:24.615+0000] {processor.py:640} INFO - Processing file /opt/airflow/dags/P2M3_galuh_alifani_DAG.py for tasks to queue
[2025-04-11T18:20:24.616+0000] {logging_mixin.py:115} INFO - [2025-04-11T18:20:24.616+0000] {dagbag.py:508} INFO - Filling up the DagBag from /opt/airflow/dags/P2M3_galuh_alifani_DAG.py
[2025-04-11T18:20:25.198+0000] {processor.py:650} INFO - DAG(s) dict_keys(['M3_GA_pipeline']) retrieved from /opt/airflow/dags/P2M3_galuh_alifani_DAG.py
[2025-04-11T18:20:25.246+0000] {logging_mixin.py:115} INFO - [2025-04-11T18:20:25.245+0000] {dag.py:2429} INFO - Sync 1 DAGs
[2025-04-11T18:20:25.282+0000] {logging_mixin.py:115} INFO - [2025-04-11T18:20:25.282+0000] {dag.py:2981} INFO - Setting next_dagrun for M3_GA_pipeline to 2025-04-05T09:30:00+00:00, run_after=2025-04-12T09:10:00+00:00
[2025-04-11T18:20:25.314+0000] {processor.py:161} INFO - Processing /opt/airflow/dags/P2M3_galuh_alifani_DAG.py took 0.706 seconds
[2025-04-11T18:20:55.469+0000] {processor.py:153} INFO - Started process (PID=209) to work on /opt/airflow/dags/P2M3_galuh_alifani_DAG.py
[2025-04-11T18:20:55.470+0000] {processor.py:640} INFO - Processing file /opt/airflow/dags/P2M3_galuh_alifani_DAG.py for tasks to queue
[2025-04-11T18:20:55.471+0000] {logging_mixin.py:115} INFO - [2025-04-11T18:20:55.471+0000] {dagbag.py:508} INFO - Filling up the DagBag from /opt/airflow/dags/P2M3_galuh_alifani_DAG.py
[2025-04-11T18:20:55.972+0000] {processor.py:650} INFO - DAG(s) dict_keys(['M3_GA_pipeline']) retrieved from /opt/airflow/dags/P2M3_galuh_alifani_DAG.py
[2025-04-11T18:20:56.019+0000] {logging_mixin.py:115} INFO - [2025-04-11T18:20:56.018+0000] {dag.py:2429} INFO - Sync 1 DAGs
[2025-04-11T18:20:56.055+0000] {logging_mixin.py:115} INFO - [2025-04-11T18:20:56.055+0000] {dag.py:2981} INFO - Setting next_dagrun for M3_GA_pipeline to 2025-04-05T09:30:00+00:00, run_after=2025-04-12T09:10:00+00:00
[2025-04-11T18:20:56.084+0000] {processor.py:161} INFO - Processing /opt/airflow/dags/P2M3_galuh_alifani_DAG.py took 0.620 seconds
[2025-04-11T18:21:26.124+0000] {processor.py:153} INFO - Started process (PID=215) to work on /opt/airflow/dags/P2M3_galuh_alifani_DAG.py
[2025-04-11T18:21:26.125+0000] {processor.py:640} INFO - Processing file /opt/airflow/dags/P2M3_galuh_alifani_DAG.py for tasks to queue
[2025-04-11T18:21:26.127+0000] {logging_mixin.py:115} INFO - [2025-04-11T18:21:26.126+0000] {dagbag.py:508} INFO - Filling up the DagBag from /opt/airflow/dags/P2M3_galuh_alifani_DAG.py
[2025-04-11T18:21:26.685+0000] {processor.py:650} INFO - DAG(s) dict_keys(['M3_GA_pipeline']) retrieved from /opt/airflow/dags/P2M3_galuh_alifani_DAG.py
[2025-04-11T18:21:26.747+0000] {logging_mixin.py:115} INFO - [2025-04-11T18:21:26.746+0000] {dag.py:2429} INFO - Sync 1 DAGs
[2025-04-11T18:21:26.782+0000] {logging_mixin.py:115} INFO - [2025-04-11T18:21:26.782+0000] {dag.py:2981} INFO - Setting next_dagrun for M3_GA_pipeline to 2025-04-05T09:30:00+00:00, run_after=2025-04-12T09:10:00+00:00
[2025-04-11T18:21:26.811+0000] {processor.py:161} INFO - Processing /opt/airflow/dags/P2M3_galuh_alifani_DAG.py took 0.692 seconds
[2025-04-11T18:21:56.975+0000] {processor.py:153} INFO - Started process (PID=230) to work on /opt/airflow/dags/P2M3_galuh_alifani_DAG.py
[2025-04-11T18:21:56.978+0000] {processor.py:640} INFO - Processing file /opt/airflow/dags/P2M3_galuh_alifani_DAG.py for tasks to queue
[2025-04-11T18:21:56.980+0000] {logging_mixin.py:115} INFO - [2025-04-11T18:21:56.980+0000] {dagbag.py:508} INFO - Filling up the DagBag from /opt/airflow/dags/P2M3_galuh_alifani_DAG.py
[2025-04-11T18:21:57.775+0000] {processor.py:650} INFO - DAG(s) dict_keys(['M3_GA_pipeline']) retrieved from /opt/airflow/dags/P2M3_galuh_alifani_DAG.py
[2025-04-11T18:21:57.841+0000] {logging_mixin.py:115} INFO - [2025-04-11T18:21:57.840+0000] {dag.py:2429} INFO - Sync 1 DAGs
[2025-04-11T18:21:57.893+0000] {logging_mixin.py:115} INFO - [2025-04-11T18:21:57.893+0000] {dag.py:2981} INFO - Setting next_dagrun for M3_GA_pipeline to 2025-04-05T09:30:00+00:00, run_after=2025-04-12T09:10:00+00:00
[2025-04-11T18:21:57.935+0000] {processor.py:161} INFO - Processing /opt/airflow/dags/P2M3_galuh_alifani_DAG.py took 0.965 seconds
[2025-04-11T18:22:28.243+0000] {processor.py:153} INFO - Started process (PID=236) to work on /opt/airflow/dags/P2M3_galuh_alifani_DAG.py
[2025-04-11T18:22:28.245+0000] {processor.py:640} INFO - Processing file /opt/airflow/dags/P2M3_galuh_alifani_DAG.py for tasks to queue
[2025-04-11T18:22:28.246+0000] {logging_mixin.py:115} INFO - [2025-04-11T18:22:28.246+0000] {dagbag.py:508} INFO - Filling up the DagBag from /opt/airflow/dags/P2M3_galuh_alifani_DAG.py
[2025-04-11T18:22:28.848+0000] {processor.py:650} INFO - DAG(s) dict_keys(['M3_GA_pipeline']) retrieved from /opt/airflow/dags/P2M3_galuh_alifani_DAG.py
[2025-04-11T18:22:28.894+0000] {logging_mixin.py:115} INFO - [2025-04-11T18:22:28.893+0000] {dag.py:2429} INFO - Sync 1 DAGs
[2025-04-11T18:22:28.937+0000] {logging_mixin.py:115} INFO - [2025-04-11T18:22:28.936+0000] {dag.py:2981} INFO - Setting next_dagrun for M3_GA_pipeline to 2025-04-05T09:30:00+00:00, run_after=2025-04-12T09:10:00+00:00
[2025-04-11T18:22:28.973+0000] {processor.py:161} INFO - Processing /opt/airflow/dags/P2M3_galuh_alifani_DAG.py took 0.734 seconds
[2025-04-11T18:22:59.161+0000] {processor.py:153} INFO - Started process (PID=242) to work on /opt/airflow/dags/P2M3_galuh_alifani_DAG.py
[2025-04-11T18:22:59.162+0000] {processor.py:640} INFO - Processing file /opt/airflow/dags/P2M3_galuh_alifani_DAG.py for tasks to queue
[2025-04-11T18:22:59.163+0000] {logging_mixin.py:115} INFO - [2025-04-11T18:22:59.163+0000] {dagbag.py:508} INFO - Filling up the DagBag from /opt/airflow/dags/P2M3_galuh_alifani_DAG.py
[2025-04-11T18:22:59.636+0000] {processor.py:650} INFO - DAG(s) dict_keys(['M3_GA_pipeline']) retrieved from /opt/airflow/dags/P2M3_galuh_alifani_DAG.py
[2025-04-11T18:22:59.677+0000] {logging_mixin.py:115} INFO - [2025-04-11T18:22:59.677+0000] {dag.py:2429} INFO - Sync 1 DAGs
[2025-04-11T18:22:59.722+0000] {logging_mixin.py:115} INFO - [2025-04-11T18:22:59.721+0000] {dag.py:2981} INFO - Setting next_dagrun for M3_GA_pipeline to 2025-04-05T09:30:00+00:00, run_after=2025-04-12T09:10:00+00:00
[2025-04-11T18:22:59.750+0000] {processor.py:161} INFO - Processing /opt/airflow/dags/P2M3_galuh_alifani_DAG.py took 0.592 seconds
[2025-04-11T18:23:29.978+0000] {processor.py:153} INFO - Started process (PID=248) to work on /opt/airflow/dags/P2M3_galuh_alifani_DAG.py
[2025-04-11T18:23:29.981+0000] {processor.py:640} INFO - Processing file /opt/airflow/dags/P2M3_galuh_alifani_DAG.py for tasks to queue
[2025-04-11T18:23:29.982+0000] {logging_mixin.py:115} INFO - [2025-04-11T18:23:29.982+0000] {dagbag.py:508} INFO - Filling up the DagBag from /opt/airflow/dags/P2M3_galuh_alifani_DAG.py
[2025-04-11T18:23:30.517+0000] {processor.py:650} INFO - DAG(s) dict_keys(['M3_GA_pipeline']) retrieved from /opt/airflow/dags/P2M3_galuh_alifani_DAG.py
[2025-04-11T18:23:30.564+0000] {logging_mixin.py:115} INFO - [2025-04-11T18:23:30.564+0000] {dag.py:2429} INFO - Sync 1 DAGs
[2025-04-11T18:23:30.602+0000] {logging_mixin.py:115} INFO - [2025-04-11T18:23:30.602+0000] {dag.py:2981} INFO - Setting next_dagrun for M3_GA_pipeline to 2025-04-05T09:30:00+00:00, run_after=2025-04-12T09:10:00+00:00
[2025-04-11T18:23:30.635+0000] {processor.py:161} INFO - Processing /opt/airflow/dags/P2M3_galuh_alifani_DAG.py took 0.663 seconds
[2025-04-11T18:24:00.769+0000] {processor.py:153} INFO - Started process (PID=254) to work on /opt/airflow/dags/P2M3_galuh_alifani_DAG.py
[2025-04-11T18:24:00.770+0000] {processor.py:640} INFO - Processing file /opt/airflow/dags/P2M3_galuh_alifani_DAG.py for tasks to queue
[2025-04-11T18:24:00.770+0000] {logging_mixin.py:115} INFO - [2025-04-11T18:24:00.770+0000] {dagbag.py:508} INFO - Filling up the DagBag from /opt/airflow/dags/P2M3_galuh_alifani_DAG.py
[2025-04-11T18:24:01.209+0000] {processor.py:650} INFO - DAG(s) dict_keys(['M3_GA_pipeline']) retrieved from /opt/airflow/dags/P2M3_galuh_alifani_DAG.py
[2025-04-11T18:24:01.253+0000] {logging_mixin.py:115} INFO - [2025-04-11T18:24:01.253+0000] {dag.py:2429} INFO - Sync 1 DAGs
[2025-04-11T18:24:01.285+0000] {logging_mixin.py:115} INFO - [2025-04-11T18:24:01.285+0000] {dag.py:2981} INFO - Setting next_dagrun for M3_GA_pipeline to 2025-04-05T09:30:00+00:00, run_after=2025-04-12T09:10:00+00:00
[2025-04-11T18:24:01.320+0000] {processor.py:161} INFO - Processing /opt/airflow/dags/P2M3_galuh_alifani_DAG.py took 0.555 seconds
[2025-04-11T18:24:31.486+0000] {processor.py:153} INFO - Started process (PID=260) to work on /opt/airflow/dags/P2M3_galuh_alifani_DAG.py
[2025-04-11T18:24:31.487+0000] {processor.py:640} INFO - Processing file /opt/airflow/dags/P2M3_galuh_alifani_DAG.py for tasks to queue
[2025-04-11T18:24:31.488+0000] {logging_mixin.py:115} INFO - [2025-04-11T18:24:31.488+0000] {dagbag.py:508} INFO - Filling up the DagBag from /opt/airflow/dags/P2M3_galuh_alifani_DAG.py
[2025-04-11T18:24:31.909+0000] {processor.py:650} INFO - DAG(s) dict_keys(['M3_GA_pipeline']) retrieved from /opt/airflow/dags/P2M3_galuh_alifani_DAG.py
[2025-04-11T18:24:31.949+0000] {logging_mixin.py:115} INFO - [2025-04-11T18:24:31.949+0000] {dag.py:2429} INFO - Sync 1 DAGs
[2025-04-11T18:24:31.980+0000] {logging_mixin.py:115} INFO - [2025-04-11T18:24:31.980+0000] {dag.py:2981} INFO - Setting next_dagrun for M3_GA_pipeline to 2025-04-05T09:30:00+00:00, run_after=2025-04-12T09:10:00+00:00
[2025-04-11T18:24:32.009+0000] {processor.py:161} INFO - Processing /opt/airflow/dags/P2M3_galuh_alifani_DAG.py took 0.528 seconds
[2025-04-11T18:25:02.087+0000] {processor.py:153} INFO - Started process (PID=266) to work on /opt/airflow/dags/P2M3_galuh_alifani_DAG.py
[2025-04-11T18:25:02.088+0000] {processor.py:640} INFO - Processing file /opt/airflow/dags/P2M3_galuh_alifani_DAG.py for tasks to queue
[2025-04-11T18:25:02.089+0000] {logging_mixin.py:115} INFO - [2025-04-11T18:25:02.088+0000] {dagbag.py:508} INFO - Filling up the DagBag from /opt/airflow/dags/P2M3_galuh_alifani_DAG.py
[2025-04-11T18:25:02.618+0000] {processor.py:650} INFO - DAG(s) dict_keys(['M3_GA_pipeline']) retrieved from /opt/airflow/dags/P2M3_galuh_alifani_DAG.py
[2025-04-11T18:25:02.670+0000] {logging_mixin.py:115} INFO - [2025-04-11T18:25:02.670+0000] {dag.py:2429} INFO - Sync 1 DAGs
[2025-04-11T18:25:02.705+0000] {logging_mixin.py:115} INFO - [2025-04-11T18:25:02.704+0000] {dag.py:2981} INFO - Setting next_dagrun for M3_GA_pipeline to 2025-04-05T09:30:00+00:00, run_after=2025-04-12T09:10:00+00:00
[2025-04-11T18:25:02.734+0000] {processor.py:161} INFO - Processing /opt/airflow/dags/P2M3_galuh_alifani_DAG.py took 0.651 seconds
