[2025-04-14T07:14:16.075+0000] {taskinstance.py:1171} INFO - Dependencies all met for <TaskInstance: M3_GA_pipeline.data_cleaning manual__2025-04-14T07:14:06.676266+00:00 [queued]>
[2025-04-14T07:14:16.098+0000] {taskinstance.py:1171} INFO - Dependencies all met for <TaskInstance: M3_GA_pipeline.data_cleaning manual__2025-04-14T07:14:06.676266+00:00 [queued]>
[2025-04-14T07:14:16.099+0000] {taskinstance.py:1368} INFO - 
--------------------------------------------------------------------------------
[2025-04-14T07:14:16.100+0000] {taskinstance.py:1369} INFO - Starting attempt 1 of 1
[2025-04-14T07:14:16.101+0000] {taskinstance.py:1370} INFO - 
--------------------------------------------------------------------------------
[2025-04-14T07:14:16.133+0000] {taskinstance.py:1389} INFO - Executing <Task(PythonOperator): data_cleaning> on 2025-04-14 07:14:06.676266+00:00
[2025-04-14T07:14:16.144+0000] {standard_task_runner.py:52} INFO - Started process 1187 to run task
[2025-04-14T07:14:16.155+0000] {standard_task_runner.py:79} INFO - Running: ['***', 'tasks', 'run', 'M3_GA_pipeline', 'data_cleaning', 'manual__2025-04-14T07:14:06.676266+00:00', '--job-id', '45', '--raw', '--subdir', 'DAGS_FOLDER/P2M3_galuh_alifani_DAG.py', '--cfg-path', '/tmp/tmp2v4m67j9', '--error-file', '/tmp/tmpqo0rq7ht']
[2025-04-14T07:14:16.160+0000] {standard_task_runner.py:80} INFO - Job 45: Subtask data_cleaning
[2025-04-14T07:14:16.454+0000] {task_command.py:371} INFO - Running <TaskInstance: M3_GA_pipeline.data_cleaning manual__2025-04-14T07:14:06.676266+00:00 [running]> on host b652548eb1f7
[2025-04-14T07:14:16.705+0000] {taskinstance.py:1583} INFO - Exporting the following env vars:
AIRFLOW_CTX_DAG_OWNER=Galuh
AIRFLOW_CTX_DAG_ID=M3_GA_pipeline
AIRFLOW_CTX_TASK_ID=data_cleaning
AIRFLOW_CTX_EXECUTION_DATE=2025-04-14T07:14:06.676266+00:00
AIRFLOW_CTX_TRY_NUMBER=1
AIRFLOW_CTX_DAG_RUN_ID=manual__2025-04-14T07:14:06.676266+00:00
[2025-04-14T07:14:28.420+0000] {logging_mixin.py:115} INFO - data has been cleaned
[2025-04-14T07:14:28.621+0000] {python.py:173} INFO - Done. Returned value was: None
[2025-04-14T07:14:28.729+0000] {taskinstance.py:1412} INFO - Marking task as SUCCESS. dag_id=M3_GA_pipeline, task_id=data_cleaning, execution_date=20250414T071406, start_date=20250414T071416, end_date=20250414T071428
[2025-04-14T07:14:28.827+0000] {local_task_job.py:156} INFO - Task exited with return code 0
[2025-04-14T07:14:28.956+0000] {local_task_job.py:279} INFO - 1 downstream tasks scheduled from follow-on schedule check
