[2025-04-13T17:44:26.509+0000] {taskinstance.py:1171} INFO - Dependencies all met for <TaskInstance: M3_GA_pipeline.post_to_elasticsearch manual__2025-04-13T17:44:00.995604+00:00 [queued]>
[2025-04-13T17:44:26.524+0000] {taskinstance.py:1171} INFO - Dependencies all met for <TaskInstance: M3_GA_pipeline.post_to_elasticsearch manual__2025-04-13T17:44:00.995604+00:00 [queued]>
[2025-04-13T17:44:26.524+0000] {taskinstance.py:1368} INFO - 
--------------------------------------------------------------------------------
[2025-04-13T17:44:26.525+0000] {taskinstance.py:1369} INFO - Starting attempt 1 of 1
[2025-04-13T17:44:26.525+0000] {taskinstance.py:1370} INFO - 
--------------------------------------------------------------------------------
[2025-04-13T17:44:26.551+0000] {taskinstance.py:1389} INFO - Executing <Task(PythonOperator): post_to_elasticsearch> on 2025-04-13 17:44:00.995604+00:00
[2025-04-13T17:44:26.558+0000] {standard_task_runner.py:52} INFO - Started process 259 to run task
[2025-04-13T17:44:26.562+0000] {standard_task_runner.py:79} INFO - Running: ['***', 'tasks', 'run', 'M3_GA_pipeline', 'post_to_elasticsearch', 'manual__2025-04-13T17:44:00.995604+00:00', '--job-id', '32', '--raw', '--subdir', 'DAGS_FOLDER/P2M3_galuh_alifani_DAG.py', '--cfg-path', '/tmp/tmpk96pqudt', '--error-file', '/tmp/tmp01k1wqp2']
[2025-04-13T17:44:26.565+0000] {standard_task_runner.py:80} INFO - Job 32: Subtask post_to_elasticsearch
[2025-04-13T17:44:26.794+0000] {task_command.py:371} INFO - Running <TaskInstance: M3_GA_pipeline.post_to_elasticsearch manual__2025-04-13T17:44:00.995604+00:00 [running]> on host f42020b50842
[2025-04-13T17:44:27.022+0000] {taskinstance.py:1583} INFO - Exporting the following env vars:
AIRFLOW_CTX_DAG_OWNER=Galuh
AIRFLOW_CTX_DAG_ID=M3_GA_pipeline
AIRFLOW_CTX_TASK_ID=post_to_elasticsearch
AIRFLOW_CTX_EXECUTION_DATE=2025-04-13T17:44:00.995604+00:00
AIRFLOW_CTX_TRY_NUMBER=1
AIRFLOW_CTX_DAG_RUN_ID=manual__2025-04-13T17:44:00.995604+00:00
[2025-04-13T17:44:27.031+0000] {base.py:271} INFO - HEAD http://elasticsearch:9200/table_m3 [status:200 request:0.005s]
[2025-04-13T17:44:27.160+0000] {base.py:271} INFO - DELETE http://elasticsearch:9200/table_m3 [status:200 request:0.128s]
[2025-04-13T17:44:49.097+0000] {base.py:271} INFO - POST http://elasticsearch:9200/_bulk [status:200 request:0.662s]
[2025-04-13T17:44:49.422+0000] {base.py:271} INFO - POST http://elasticsearch:9200/_bulk [status:200 request:0.272s]
[2025-04-13T17:44:49.752+0000] {base.py:271} INFO - POST http://elasticsearch:9200/_bulk [status:200 request:0.289s]
[2025-04-13T17:44:50.053+0000] {base.py:271} INFO - POST http://elasticsearch:9200/_bulk [status:200 request:0.234s]
[2025-04-13T17:44:50.275+0000] {base.py:271} INFO - POST http://elasticsearch:9200/_bulk [status:200 request:0.180s]
[2025-04-13T17:44:50.508+0000] {base.py:271} INFO - POST http://elasticsearch:9200/_bulk [status:200 request:0.188s]
[2025-04-13T17:44:50.690+0000] {base.py:271} INFO - POST http://elasticsearch:9200/_bulk [status:200 request:0.126s]
[2025-04-13T17:44:50.917+0000] {base.py:271} INFO - POST http://elasticsearch:9200/_bulk [status:200 request:0.188s]
[2025-04-13T17:44:51.129+0000] {base.py:271} INFO - POST http://elasticsearch:9200/_bulk [status:200 request:0.175s]
[2025-04-13T17:44:51.297+0000] {base.py:271} INFO - POST http://elasticsearch:9200/_bulk [status:200 request:0.125s]
[2025-04-13T17:44:51.508+0000] {base.py:271} INFO - POST http://elasticsearch:9200/_bulk [status:200 request:0.173s]
[2025-04-13T17:44:51.797+0000] {base.py:271} INFO - POST http://elasticsearch:9200/_bulk [status:200 request:0.259s]
[2025-04-13T17:44:52.020+0000] {base.py:271} INFO - POST http://elasticsearch:9200/_bulk [status:200 request:0.180s]
[2025-04-13T17:44:52.282+0000] {base.py:271} INFO - POST http://elasticsearch:9200/_bulk [status:200 request:0.212s]
[2025-04-13T17:44:52.502+0000] {base.py:271} INFO - POST http://elasticsearch:9200/_bulk [status:200 request:0.172s]
[2025-04-13T17:44:52.736+0000] {base.py:271} INFO - POST http://elasticsearch:9200/_bulk [status:200 request:0.177s]
[2025-04-13T17:44:53.030+0000] {base.py:271} INFO - POST http://elasticsearch:9200/_bulk [status:200 request:0.229s]
[2025-04-13T17:44:53.258+0000] {base.py:271} INFO - POST http://elasticsearch:9200/_bulk [status:200 request:0.186s]
[2025-04-13T17:44:53.499+0000] {base.py:271} INFO - POST http://elasticsearch:9200/_bulk [status:200 request:0.189s]
[2025-04-13T17:44:53.633+0000] {base.py:271} INFO - POST http://elasticsearch:9200/_bulk [status:200 request:0.080s]
[2025-04-13T17:44:53.754+0000] {base.py:271} INFO - POST http://elasticsearch:9200/_bulk [status:200 request:0.080s]
[2025-04-13T17:44:53.875+0000] {base.py:271} INFO - POST http://elasticsearch:9200/_bulk [status:200 request:0.078s]
[2025-04-13T17:44:53.989+0000] {base.py:271} INFO - POST http://elasticsearch:9200/_bulk [status:200 request:0.082s]
[2025-04-13T17:44:54.087+0000] {base.py:271} INFO - POST http://elasticsearch:9200/_bulk [status:200 request:0.063s]
[2025-04-13T17:44:54.180+0000] {base.py:271} INFO - POST http://elasticsearch:9200/_bulk [status:200 request:0.068s]
[2025-04-13T17:44:54.299+0000] {base.py:271} INFO - POST http://elasticsearch:9200/_bulk [status:200 request:0.085s]
[2025-04-13T17:44:54.400+0000] {base.py:271} INFO - POST http://elasticsearch:9200/_bulk [status:200 request:0.074s]
[2025-04-13T17:44:54.513+0000] {base.py:271} INFO - POST http://elasticsearch:9200/_bulk [status:200 request:0.076s]
[2025-04-13T17:44:54.629+0000] {base.py:271} INFO - POST http://elasticsearch:9200/_bulk [status:200 request:0.081s]
[2025-04-13T17:44:54.759+0000] {base.py:271} INFO - POST http://elasticsearch:9200/_bulk [status:200 request:0.098s]
[2025-04-13T17:44:54.891+0000] {base.py:271} INFO - POST http://elasticsearch:9200/_bulk [status:200 request:0.091s]
[2025-04-13T17:44:54.994+0000] {base.py:271} INFO - POST http://elasticsearch:9200/_bulk [status:200 request:0.068s]
[2025-04-13T17:44:55.106+0000] {base.py:271} INFO - POST http://elasticsearch:9200/_bulk [status:200 request:0.082s]
[2025-04-13T17:44:55.218+0000] {base.py:271} INFO - POST http://elasticsearch:9200/_bulk [status:200 request:0.077s]
[2025-04-13T17:44:55.395+0000] {base.py:271} INFO - POST http://elasticsearch:9200/_bulk [status:200 request:0.141s]
[2025-04-13T17:44:55.526+0000] {base.py:271} INFO - POST http://elasticsearch:9200/_bulk [status:200 request:0.097s]
[2025-04-13T17:44:55.660+0000] {base.py:271} INFO - POST http://elasticsearch:9200/_bulk [status:200 request:0.095s]
[2025-04-13T17:44:55.766+0000] {base.py:271} INFO - POST http://elasticsearch:9200/_bulk [status:200 request:0.078s]
[2025-04-13T17:44:55.861+0000] {base.py:271} INFO - POST http://elasticsearch:9200/_bulk [status:200 request:0.064s]
[2025-04-13T17:44:55.952+0000] {base.py:271} INFO - POST http://elasticsearch:9200/_bulk [status:200 request:0.062s]
[2025-04-13T17:44:56.049+0000] {base.py:271} INFO - POST http://elasticsearch:9200/_bulk [status:200 request:0.069s]
[2025-04-13T17:44:56.134+0000] {base.py:271} INFO - POST http://elasticsearch:9200/_bulk [status:200 request:0.059s]
[2025-04-13T17:44:56.214+0000] {base.py:271} INFO - POST http://elasticsearch:9200/_bulk [status:200 request:0.051s]
[2025-04-13T17:44:56.294+0000] {base.py:271} INFO - POST http://elasticsearch:9200/_bulk [status:200 request:0.054s]
[2025-04-13T17:44:56.378+0000] {base.py:271} INFO - POST http://elasticsearch:9200/_bulk [status:200 request:0.059s]
[2025-04-13T17:44:56.466+0000] {base.py:271} INFO - POST http://elasticsearch:9200/_bulk [status:200 request:0.061s]
[2025-04-13T17:44:56.584+0000] {base.py:271} INFO - POST http://elasticsearch:9200/_bulk [status:200 request:0.083s]
[2025-04-13T17:44:56.683+0000] {base.py:271} INFO - POST http://elasticsearch:9200/_bulk [status:200 request:0.068s]
[2025-04-13T17:44:56.799+0000] {base.py:271} INFO - POST http://elasticsearch:9200/_bulk [status:200 request:0.080s]
[2025-04-13T17:44:56.892+0000] {base.py:271} INFO - POST http://elasticsearch:9200/_bulk [status:200 request:0.063s]
[2025-04-13T17:44:56.997+0000] {base.py:271} INFO - POST http://elasticsearch:9200/_bulk [status:200 request:0.075s]
[2025-04-13T17:44:57.092+0000] {base.py:271} INFO - POST http://elasticsearch:9200/_bulk [status:200 request:0.061s]
[2025-04-13T17:44:57.197+0000] {base.py:271} INFO - POST http://elasticsearch:9200/_bulk [status:200 request:0.069s]
[2025-04-13T17:44:57.302+0000] {base.py:271} INFO - POST http://elasticsearch:9200/_bulk [status:200 request:0.077s]
[2025-04-13T17:44:57.387+0000] {base.py:271} INFO - POST http://elasticsearch:9200/_bulk [status:200 request:0.057s]
[2025-04-13T17:44:57.466+0000] {base.py:271} INFO - POST http://elasticsearch:9200/_bulk [status:200 request:0.053s]
[2025-04-13T17:44:57.545+0000] {base.py:271} INFO - POST http://elasticsearch:9200/_bulk [status:200 request:0.053s]
[2025-04-13T17:44:57.630+0000] {base.py:271} INFO - POST http://elasticsearch:9200/_bulk [status:200 request:0.060s]
[2025-04-13T17:44:57.772+0000] {base.py:271} INFO - POST http://elasticsearch:9200/_bulk [status:200 request:0.106s]
[2025-04-13T17:44:57.924+0000] {base.py:271} INFO - POST http://elasticsearch:9200/_bulk [status:200 request:0.116s]
[2025-04-13T17:44:58.051+0000] {base.py:271} INFO - POST http://elasticsearch:9200/_bulk [status:200 request:0.097s]
[2025-04-13T17:44:58.154+0000] {base.py:271} INFO - POST http://elasticsearch:9200/_bulk [status:200 request:0.075s]
[2025-04-13T17:44:58.247+0000] {base.py:271} INFO - POST http://elasticsearch:9200/_bulk [status:200 request:0.060s]
[2025-04-13T17:44:58.327+0000] {base.py:271} INFO - POST http://elasticsearch:9200/_bulk [status:200 request:0.053s]
[2025-04-13T17:44:58.439+0000] {base.py:271} INFO - POST http://elasticsearch:9200/_bulk [status:200 request:0.088s]
[2025-04-13T17:44:58.526+0000] {base.py:271} INFO - POST http://elasticsearch:9200/_bulk [status:200 request:0.062s]
[2025-04-13T17:44:58.614+0000] {base.py:271} INFO - POST http://elasticsearch:9200/_bulk [status:200 request:0.059s]
[2025-04-13T17:44:58.710+0000] {base.py:271} INFO - POST http://elasticsearch:9200/_bulk [status:200 request:0.073s]
[2025-04-13T17:44:58.805+0000] {base.py:271} INFO - POST http://elasticsearch:9200/_bulk [status:200 request:0.067s]
[2025-04-13T17:44:58.910+0000] {base.py:271} INFO - POST http://elasticsearch:9200/_bulk [status:200 request:0.078s]
[2025-04-13T17:44:59.019+0000] {base.py:271} INFO - POST http://elasticsearch:9200/_bulk [status:200 request:0.069s]
[2025-04-13T17:44:59.115+0000] {base.py:271} INFO - POST http://elasticsearch:9200/_bulk [status:200 request:0.064s]
[2025-04-13T17:44:59.196+0000] {base.py:271} INFO - POST http://elasticsearch:9200/_bulk [status:200 request:0.052s]
[2025-04-13T17:44:59.277+0000] {base.py:271} INFO - POST http://elasticsearch:9200/_bulk [status:200 request:0.057s]
[2025-04-13T17:44:59.375+0000] {base.py:271} INFO - POST http://elasticsearch:9200/_bulk [status:200 request:0.068s]
[2025-04-13T17:44:59.486+0000] {base.py:271} INFO - POST http://elasticsearch:9200/_bulk [status:200 request:0.082s]
[2025-04-13T17:44:59.594+0000] {base.py:271} INFO - POST http://elasticsearch:9200/_bulk [status:200 request:0.083s]
[2025-04-13T17:44:59.699+0000] {base.py:271} INFO - POST http://elasticsearch:9200/_bulk [status:200 request:0.080s]
[2025-04-13T17:44:59.831+0000] {base.py:271} INFO - POST http://elasticsearch:9200/_bulk [status:200 request:0.093s]
[2025-04-13T17:44:59.943+0000] {base.py:271} INFO - POST http://elasticsearch:9200/_bulk [status:200 request:0.088s]
[2025-04-13T17:45:00.087+0000] {base.py:271} INFO - POST http://elasticsearch:9200/_bulk [status:200 request:0.109s]
[2025-04-13T17:45:00.221+0000] {base.py:271} INFO - POST http://elasticsearch:9200/_bulk [status:200 request:0.094s]
[2025-04-13T17:45:00.340+0000] {base.py:271} INFO - POST http://elasticsearch:9200/_bulk [status:200 request:0.085s]
[2025-04-13T17:45:00.442+0000] {base.py:271} INFO - POST http://elasticsearch:9200/_bulk [status:200 request:0.066s]
[2025-04-13T17:45:00.561+0000] {base.py:271} INFO - POST http://elasticsearch:9200/_bulk [status:200 request:0.087s]
[2025-04-13T17:45:00.662+0000] {base.py:271} INFO - POST http://elasticsearch:9200/_bulk [status:200 request:0.072s]
[2025-04-13T17:45:00.765+0000] {base.py:271} INFO - POST http://elasticsearch:9200/_bulk [status:200 request:0.075s]
[2025-04-13T17:45:00.847+0000] {base.py:271} INFO - POST http://elasticsearch:9200/_bulk [status:200 request:0.056s]
[2025-04-13T17:45:00.942+0000] {base.py:271} INFO - POST http://elasticsearch:9200/_bulk [status:200 request:0.068s]
[2025-04-13T17:45:01.027+0000] {base.py:271} INFO - POST http://elasticsearch:9200/_bulk [status:200 request:0.058s]
[2025-04-13T17:45:01.149+0000] {base.py:271} INFO - POST http://elasticsearch:9200/_bulk [status:200 request:0.096s]
[2025-04-13T17:45:01.232+0000] {base.py:271} INFO - POST http://elasticsearch:9200/_bulk [status:200 request:0.058s]
[2025-04-13T17:45:01.338+0000] {base.py:271} INFO - POST http://elasticsearch:9200/_bulk [status:200 request:0.075s]
[2025-04-13T17:45:01.446+0000] {base.py:271} INFO - POST http://elasticsearch:9200/_bulk [status:200 request:0.079s]
[2025-04-13T17:45:01.556+0000] {base.py:271} INFO - POST http://elasticsearch:9200/_bulk [status:200 request:0.081s]
[2025-04-13T17:45:02.027+0000] {base.py:271} INFO - POST http://elasticsearch:9200/_bulk [status:200 request:0.428s]
[2025-04-13T17:45:02.124+0000] {base.py:271} INFO - POST http://elasticsearch:9200/_bulk [status:200 request:0.063s]
[2025-04-13T17:45:02.277+0000] {base.py:271} INFO - POST http://elasticsearch:9200/_bulk [status:200 request:0.116s]
[2025-04-13T17:45:02.454+0000] {base.py:271} INFO - POST http://elasticsearch:9200/_bulk [status:200 request:0.141s]
[2025-04-13T17:45:02.735+0000] {base.py:271} INFO - POST http://elasticsearch:9200/_bulk [status:200 request:0.240s]
[2025-04-13T17:45:02.906+0000] {base.py:271} INFO - POST http://elasticsearch:9200/_bulk [status:200 request:0.113s]
[2025-04-13T17:45:03.338+0000] {base.py:271} INFO - POST http://elasticsearch:9200/_bulk [status:200 request:0.391s]
[2025-04-13T17:45:03.513+0000] {base.py:271} INFO - POST http://elasticsearch:9200/_bulk [status:200 request:0.134s]
[2025-04-13T17:45:03.636+0000] {base.py:271} INFO - POST http://elasticsearch:9200/_bulk [status:200 request:0.086s]
[2025-04-13T17:45:03.781+0000] {base.py:271} INFO - POST http://elasticsearch:9200/_bulk [status:200 request:0.107s]
[2025-04-13T17:45:03.936+0000] {base.py:271} INFO - POST http://elasticsearch:9200/_bulk [status:200 request:0.114s]
[2025-04-13T17:45:04.140+0000] {base.py:271} INFO - POST http://elasticsearch:9200/_bulk [status:200 request:0.137s]
[2025-04-13T17:45:04.401+0000] {base.py:271} INFO - POST http://elasticsearch:9200/_bulk [status:200 request:0.205s]
[2025-04-13T17:45:04.706+0000] {base.py:271} INFO - POST http://elasticsearch:9200/_bulk [status:200 request:0.262s]
[2025-04-13T17:45:04.939+0000] {base.py:271} INFO - POST http://elasticsearch:9200/_bulk [status:200 request:0.159s]
[2025-04-13T17:45:05.147+0000] {base.py:271} INFO - POST http://elasticsearch:9200/_bulk [status:200 request:0.146s]
[2025-04-13T17:45:05.306+0000] {base.py:271} INFO - POST http://elasticsearch:9200/_bulk [status:200 request:0.122s]
[2025-04-13T17:45:05.414+0000] {base.py:271} INFO - POST http://elasticsearch:9200/_bulk [status:200 request:0.068s]
[2025-04-13T17:45:05.529+0000] {base.py:271} INFO - POST http://elasticsearch:9200/_bulk [status:200 request:0.086s]
[2025-04-13T17:45:05.627+0000] {base.py:271} INFO - POST http://elasticsearch:9200/_bulk [status:200 request:0.070s]
[2025-04-13T17:45:05.745+0000] {base.py:271} INFO - POST http://elasticsearch:9200/_bulk [status:200 request:0.078s]
[2025-04-13T17:45:05.845+0000] {base.py:271} INFO - POST http://elasticsearch:9200/_bulk [status:200 request:0.066s]
[2025-04-13T17:45:05.931+0000] {base.py:271} INFO - POST http://elasticsearch:9200/_bulk [status:200 request:0.060s]
[2025-04-13T17:45:06.050+0000] {base.py:271} INFO - POST http://elasticsearch:9200/_bulk [status:200 request:0.090s]
[2025-04-13T17:45:06.138+0000] {base.py:271} INFO - POST http://elasticsearch:9200/_bulk [status:200 request:0.063s]
[2025-04-13T17:45:06.238+0000] {base.py:271} INFO - POST http://elasticsearch:9200/_bulk [status:200 request:0.073s]
[2025-04-13T17:45:06.347+0000] {base.py:271} INFO - POST http://elasticsearch:9200/_bulk [status:200 request:0.084s]
[2025-04-13T17:45:06.430+0000] {base.py:271} INFO - POST http://elasticsearch:9200/_bulk [status:200 request:0.056s]
[2025-04-13T17:45:06.565+0000] {base.py:271} INFO - POST http://elasticsearch:9200/_bulk [status:200 request:0.096s]
[2025-04-13T17:45:06.683+0000] {base.py:271} INFO - POST http://elasticsearch:9200/_bulk [status:200 request:0.092s]
[2025-04-13T17:45:06.804+0000] {base.py:271} INFO - POST http://elasticsearch:9200/_bulk [status:200 request:0.091s]
[2025-04-13T17:45:06.892+0000] {base.py:271} INFO - POST http://elasticsearch:9200/_bulk [status:200 request:0.061s]
[2025-04-13T17:45:06.988+0000] {base.py:271} INFO - POST http://elasticsearch:9200/_bulk [status:200 request:0.071s]
[2025-04-13T17:45:07.099+0000] {base.py:271} INFO - POST http://elasticsearch:9200/_bulk [status:200 request:0.082s]
[2025-04-13T17:45:07.182+0000] {base.py:271} INFO - POST http://elasticsearch:9200/_bulk [status:200 request:0.055s]
[2025-04-13T17:45:07.286+0000] {base.py:271} INFO - POST http://elasticsearch:9200/_bulk [status:200 request:0.079s]
[2025-04-13T17:45:07.361+0000] {base.py:271} INFO - POST http://elasticsearch:9200/_bulk [status:200 request:0.051s]
[2025-04-13T17:45:07.433+0000] {base.py:271} INFO - POST http://elasticsearch:9200/_bulk [status:200 request:0.049s]
[2025-04-13T17:45:07.530+0000] {base.py:271} INFO - POST http://elasticsearch:9200/_bulk [status:200 request:0.075s]
[2025-04-13T17:45:07.608+0000] {base.py:271} INFO - POST http://elasticsearch:9200/_bulk [status:200 request:0.056s]
[2025-04-13T17:45:07.703+0000] {base.py:271} INFO - POST http://elasticsearch:9200/_bulk [status:200 request:0.075s]
[2025-04-13T17:45:07.784+0000] {base.py:271} INFO - POST http://elasticsearch:9200/_bulk [status:200 request:0.056s]
[2025-04-13T17:45:08.094+0000] {base.py:271} INFO - POST http://elasticsearch:9200/_bulk [status:200 request:0.126s]
[2025-04-13T17:45:08.205+0000] {base.py:271} INFO - POST http://elasticsearch:9200/_bulk [status:200 request:0.076s]
[2025-04-13T17:45:08.364+0000] {base.py:271} INFO - POST http://elasticsearch:9200/_bulk [status:200 request:0.129s]
[2025-04-13T17:45:08.475+0000] {base.py:271} INFO - POST http://elasticsearch:9200/_bulk [status:200 request:0.078s]
[2025-04-13T17:45:08.580+0000] {base.py:271} INFO - POST http://elasticsearch:9200/_bulk [status:200 request:0.074s]
[2025-04-13T17:45:08.718+0000] {base.py:271} INFO - POST http://elasticsearch:9200/_bulk [status:200 request:0.111s]
[2025-04-13T17:45:08.886+0000] {base.py:271} INFO - POST http://elasticsearch:9200/_bulk [status:200 request:0.117s]
[2025-04-13T17:45:09.011+0000] {base.py:271} INFO - POST http://elasticsearch:9200/_bulk [status:200 request:0.075s]
[2025-04-13T17:45:09.103+0000] {base.py:271} INFO - POST http://elasticsearch:9200/_bulk [status:200 request:0.062s]
[2025-04-13T17:45:09.203+0000] {base.py:271} INFO - POST http://elasticsearch:9200/_bulk [status:200 request:0.068s]
[2025-04-13T17:45:09.292+0000] {base.py:271} INFO - POST http://elasticsearch:9200/_bulk [status:200 request:0.060s]
[2025-04-13T17:45:09.378+0000] {base.py:271} INFO - POST http://elasticsearch:9200/_bulk [status:200 request:0.057s]
[2025-04-13T17:45:09.492+0000] {base.py:271} INFO - POST http://elasticsearch:9200/_bulk [status:200 request:0.087s]
[2025-04-13T17:45:09.583+0000] {base.py:271} INFO - POST http://elasticsearch:9200/_bulk [status:200 request:0.065s]
[2025-04-13T17:45:10.003+0000] {base.py:271} INFO - POST http://elasticsearch:9200/_bulk [status:200 request:0.394s]
[2025-04-13T17:45:10.089+0000] {base.py:271} INFO - POST http://elasticsearch:9200/_bulk [status:200 request:0.064s]
[2025-04-13T17:45:10.171+0000] {base.py:271} INFO - POST http://elasticsearch:9200/_bulk [status:200 request:0.055s]
[2025-04-13T17:45:10.285+0000] {base.py:271} INFO - POST http://elasticsearch:9200/_bulk [status:200 request:0.086s]
[2025-04-13T17:45:10.369+0000] {base.py:271} INFO - POST http://elasticsearch:9200/_bulk [status:200 request:0.061s]
[2025-04-13T17:45:10.470+0000] {base.py:271} INFO - POST http://elasticsearch:9200/_bulk [status:200 request:0.079s]
[2025-04-13T17:45:10.644+0000] {base.py:271} INFO - POST http://elasticsearch:9200/_bulk [status:200 request:0.147s]
[2025-04-13T17:45:10.917+0000] {base.py:271} INFO - POST http://elasticsearch:9200/_bulk [status:200 request:0.249s]
[2025-04-13T17:45:11.102+0000] {base.py:271} INFO - POST http://elasticsearch:9200/_bulk [status:200 request:0.144s]
[2025-04-13T17:45:11.406+0000] {base.py:271} INFO - POST http://elasticsearch:9200/_bulk [status:200 request:0.280s]
[2025-04-13T17:45:11.531+0000] {base.py:271} INFO - POST http://elasticsearch:9200/_bulk [status:200 request:0.100s]
[2025-04-13T17:45:11.716+0000] {base.py:271} INFO - POST http://elasticsearch:9200/_bulk [status:200 request:0.160s]
[2025-04-13T17:45:12.004+0000] {base.py:271} INFO - POST http://elasticsearch:9200/_bulk [status:200 request:0.227s]
[2025-04-13T17:45:12.287+0000] {base.py:271} INFO - POST http://elasticsearch:9200/_bulk [status:200 request:0.252s]
[2025-04-13T17:45:12.532+0000] {base.py:271} INFO - POST http://elasticsearch:9200/_bulk [status:200 request:0.186s]
[2025-04-13T17:45:12.836+0000] {base.py:271} INFO - POST http://elasticsearch:9200/_bulk [status:200 request:0.262s]
[2025-04-13T17:45:13.025+0000] {base.py:271} INFO - POST http://elasticsearch:9200/_bulk [status:200 request:0.151s]
[2025-04-13T17:45:13.263+0000] {base.py:271} INFO - POST http://elasticsearch:9200/_bulk [status:200 request:0.201s]
[2025-04-13T17:45:13.539+0000] {base.py:271} INFO - POST http://elasticsearch:9200/_bulk [status:200 request:0.245s]
[2025-04-13T17:45:13.741+0000] {base.py:271} INFO - POST http://elasticsearch:9200/_bulk [status:200 request:0.166s]
[2025-04-13T17:45:14.209+0000] {base.py:271} INFO - POST http://elasticsearch:9200/_bulk [status:200 request:0.435s]
[2025-04-13T17:45:14.386+0000] {base.py:271} INFO - POST http://elasticsearch:9200/_bulk [status:200 request:0.153s]
[2025-04-13T17:45:14.511+0000] {base.py:271} INFO - POST http://elasticsearch:9200/_bulk [status:200 request:0.103s]
[2025-04-13T17:45:14.667+0000] {base.py:271} INFO - POST http://elasticsearch:9200/_bulk [status:200 request:0.134s]
[2025-04-13T17:45:14.869+0000] {base.py:271} INFO - POST http://elasticsearch:9200/_bulk [status:200 request:0.177s]
[2025-04-13T17:45:15.106+0000] {base.py:271} INFO - POST http://elasticsearch:9200/_bulk [status:200 request:0.195s]
[2025-04-13T17:45:15.395+0000] {base.py:271} INFO - POST http://elasticsearch:9200/_bulk [status:200 request:0.261s]
[2025-04-13T17:45:15.562+0000] {base.py:271} INFO - POST http://elasticsearch:9200/_bulk [status:200 request:0.138s]
[2025-04-13T17:45:16.392+0000] {base.py:271} INFO - POST http://elasticsearch:9200/_bulk [status:200 request:0.807s]
[2025-04-13T17:45:16.514+0000] {base.py:271} INFO - POST http://elasticsearch:9200/_bulk [status:200 request:0.084s]
[2025-04-13T17:45:16.599+0000] {base.py:271} INFO - POST http://elasticsearch:9200/_bulk [status:200 request:0.063s]
[2025-04-13T17:45:17.302+0000] {base.py:271} INFO - POST http://elasticsearch:9200/_bulk [status:200 request:0.682s]
[2025-04-13T17:45:17.579+0000] {base.py:271} INFO - POST http://elasticsearch:9200/_bulk [status:200 request:0.257s]
[2025-04-13T17:45:17.867+0000] {base.py:271} INFO - POST http://elasticsearch:9200/_bulk [status:200 request:0.269s]
[2025-04-13T17:45:18.037+0000] {base.py:271} INFO - POST http://elasticsearch:9200/_bulk [status:200 request:0.149s]
[2025-04-13T17:45:18.191+0000] {base.py:271} INFO - POST http://elasticsearch:9200/_bulk [status:200 request:0.129s]
[2025-04-13T17:45:18.392+0000] {base.py:271} INFO - POST http://elasticsearch:9200/_bulk [status:200 request:0.178s]
[2025-04-13T17:45:18.969+0000] {base.py:271} INFO - POST http://elasticsearch:9200/_bulk [status:200 request:0.529s]
[2025-04-13T17:45:19.237+0000] {base.py:271} INFO - POST http://elasticsearch:9200/_bulk [status:200 request:0.228s]
[2025-04-13T17:45:19.517+0000] {base.py:271} INFO - POST http://elasticsearch:9200/_bulk [status:200 request:0.257s]
[2025-04-13T17:45:19.730+0000] {base.py:271} INFO - POST http://elasticsearch:9200/_bulk [status:200 request:0.185s]
[2025-04-13T17:45:19.938+0000] {base.py:271} INFO - POST http://elasticsearch:9200/_bulk [status:200 request:0.162s]
[2025-04-13T17:45:20.171+0000] {base.py:271} INFO - POST http://elasticsearch:9200/_bulk [status:200 request:0.198s]
[2025-04-13T17:45:20.467+0000] {base.py:271} INFO - POST http://elasticsearch:9200/_bulk [status:200 request:0.265s]
[2025-04-13T17:45:20.659+0000] {base.py:271} INFO - POST http://elasticsearch:9200/_bulk [status:200 request:0.151s]
[2025-04-13T17:45:20.837+0000] {base.py:271} INFO - POST http://elasticsearch:9200/_bulk [status:200 request:0.145s]
[2025-04-13T17:45:21.034+0000] {base.py:271} INFO - POST http://elasticsearch:9200/_bulk [status:200 request:0.171s]
[2025-04-13T17:45:21.335+0000] {base.py:271} INFO - POST http://elasticsearch:9200/_bulk [status:200 request:0.275s]
[2025-04-13T17:45:21.499+0000] {base.py:271} INFO - POST http://elasticsearch:9200/_bulk [status:200 request:0.131s]
[2025-04-13T17:45:21.630+0000] {base.py:271} INFO - POST http://elasticsearch:9200/_bulk [status:200 request:0.110s]
[2025-04-13T17:45:22.091+0000] {base.py:271} INFO - POST http://elasticsearch:9200/_bulk [status:200 request:0.442s]
[2025-04-13T17:45:22.225+0000] {base.py:271} INFO - POST http://elasticsearch:9200/_bulk [status:200 request:0.102s]
[2025-04-13T17:45:22.650+0000] {base.py:271} INFO - POST http://elasticsearch:9200/_bulk [status:200 request:0.408s]
[2025-04-13T17:45:22.789+0000] {base.py:271} INFO - POST http://elasticsearch:9200/_bulk [status:200 request:0.121s]
[2025-04-13T17:45:22.919+0000] {base.py:271} INFO - POST http://elasticsearch:9200/_bulk [status:200 request:0.108s]
[2025-04-13T17:45:23.089+0000] {base.py:271} INFO - POST http://elasticsearch:9200/_bulk [status:200 request:0.154s]
[2025-04-13T17:45:23.380+0000] {base.py:271} INFO - POST http://elasticsearch:9200/_bulk [status:200 request:0.275s]
[2025-04-13T17:45:23.559+0000] {base.py:271} INFO - POST http://elasticsearch:9200/_bulk [status:200 request:0.144s]
[2025-04-13T17:45:23.873+0000] {base.py:271} INFO - POST http://elasticsearch:9200/_bulk [status:200 request:0.297s]
[2025-04-13T17:45:24.139+0000] {base.py:271} INFO - POST http://elasticsearch:9200/_bulk [status:200 request:0.236s]
[2025-04-13T17:45:24.439+0000] {base.py:271} INFO - POST http://elasticsearch:9200/_bulk [status:200 request:0.257s]
[2025-04-13T17:45:24.686+0000] {base.py:271} INFO - POST http://elasticsearch:9200/_bulk [status:200 request:0.176s]
[2025-04-13T17:45:25.011+0000] {base.py:271} INFO - POST http://elasticsearch:9200/_bulk [status:200 request:0.303s]
[2025-04-13T17:45:25.201+0000] {base.py:271} INFO - POST http://elasticsearch:9200/_bulk [status:200 request:0.163s]
[2025-04-13T17:45:25.350+0000] {base.py:271} INFO - POST http://elasticsearch:9200/_bulk [status:200 request:0.127s]
[2025-04-13T17:45:25.546+0000] {base.py:271} INFO - POST http://elasticsearch:9200/_bulk [status:200 request:0.176s]
[2025-04-13T17:45:25.788+0000] {base.py:271} INFO - POST http://elasticsearch:9200/_bulk [status:200 request:0.221s]
[2025-04-13T17:45:26.037+0000] {base.py:271} INFO - POST http://elasticsearch:9200/_bulk [status:200 request:0.227s]
[2025-04-13T17:45:26.262+0000] {base.py:271} INFO - POST http://elasticsearch:9200/_bulk [status:200 request:0.200s]
[2025-04-13T17:45:26.761+0000] {base.py:271} INFO - POST http://elasticsearch:9200/_bulk [status:200 request:0.471s]
[2025-04-13T17:45:27.098+0000] {base.py:271} INFO - POST http://elasticsearch:9200/_bulk [status:200 request:0.310s]
[2025-04-13T17:45:27.522+0000] {base.py:271} INFO - POST http://elasticsearch:9200/_bulk [status:200 request:0.396s]
[2025-04-13T17:45:27.781+0000] {base.py:271} INFO - POST http://elasticsearch:9200/_bulk [status:200 request:0.222s]
[2025-04-13T17:45:28.079+0000] {base.py:271} INFO - POST http://elasticsearch:9200/_bulk [status:200 request:0.253s]
[2025-04-13T17:45:28.375+0000] {base.py:271} INFO - POST http://elasticsearch:9200/_bulk [status:200 request:0.266s]
[2025-04-13T17:45:28.619+0000] {base.py:271} INFO - POST http://elasticsearch:9200/_bulk [status:200 request:0.210s]
[2025-04-13T17:45:28.905+0000] {base.py:271} INFO - POST http://elasticsearch:9200/_bulk [status:200 request:0.263s]
[2025-04-13T17:45:29.118+0000] {base.py:271} INFO - POST http://elasticsearch:9200/_bulk [status:200 request:0.184s]
[2025-04-13T17:45:29.425+0000] {base.py:271} INFO - POST http://elasticsearch:9200/_bulk [status:200 request:0.276s]
[2025-04-13T17:45:29.600+0000] {base.py:271} INFO - POST http://elasticsearch:9200/_bulk [status:200 request:0.120s]
[2025-04-13T17:45:29.753+0000] {base.py:271} INFO - POST http://elasticsearch:9200/_bulk [status:200 request:0.133s]
[2025-04-13T17:45:29.901+0000] {base.py:271} INFO - POST http://elasticsearch:9200/_bulk [status:200 request:0.126s]
[2025-04-13T17:45:30.074+0000] {base.py:271} INFO - POST http://elasticsearch:9200/_bulk [status:200 request:0.153s]
[2025-04-13T17:45:30.274+0000] {base.py:271} INFO - POST http://elasticsearch:9200/_bulk [status:200 request:0.172s]
[2025-04-13T17:45:30.279+0000] {logging_mixin.py:115} INFO - 117481 documents indexed to Elasticsearch 'table_m3'.
[2025-04-13T17:45:30.402+0000] {python.py:173} INFO - Done. Returned value was: None
[2025-04-13T17:45:30.453+0000] {taskinstance.py:1412} INFO - Marking task as SUCCESS. dag_id=M3_GA_pipeline, task_id=post_to_elasticsearch, execution_date=20250413T174400, start_date=20250413T174426, end_date=20250413T174530
[2025-04-13T17:45:30.530+0000] {local_task_job.py:156} INFO - Task exited with return code 0
[2025-04-13T17:45:30.690+0000] {local_task_job.py:279} INFO - 0 downstream tasks scheduled from follow-on schedule check
