[2025-04-14T06:15:22.679+0000] {taskinstance.py:1171} INFO - Dependencies all met for <TaskInstance: M3_GA_pipeline.post_to_elasticsearch manual__2025-04-14T06:14:57.795208+00:00 [queued]>
[2025-04-14T06:15:22.703+0000] {taskinstance.py:1171} INFO - Dependencies all met for <TaskInstance: M3_GA_pipeline.post_to_elasticsearch manual__2025-04-14T06:14:57.795208+00:00 [queued]>
[2025-04-14T06:15:22.704+0000] {taskinstance.py:1368} INFO - 
--------------------------------------------------------------------------------
[2025-04-14T06:15:22.705+0000] {taskinstance.py:1369} INFO - Starting attempt 1 of 1
[2025-04-14T06:15:22.705+0000] {taskinstance.py:1370} INFO - 
--------------------------------------------------------------------------------
[2025-04-14T06:15:22.733+0000] {taskinstance.py:1389} INFO - Executing <Task(PythonOperator): post_to_elasticsearch> on 2025-04-14 06:14:57.795208+00:00
[2025-04-14T06:15:22.741+0000] {standard_task_runner.py:52} INFO - Started process 473 to run task
[2025-04-14T06:15:22.746+0000] {standard_task_runner.py:79} INFO - Running: ['***', 'tasks', 'run', 'M3_GA_pipeline', 'post_to_elasticsearch', 'manual__2025-04-14T06:14:57.795208+00:00', '--job-id', '41', '--raw', '--subdir', 'DAGS_FOLDER/P2M3_galuh_alifani_DAG.py', '--cfg-path', '/tmp/tmpl4yl11qy', '--error-file', '/tmp/tmpp0wo31vq']
[2025-04-14T06:15:22.748+0000] {standard_task_runner.py:80} INFO - Job 41: Subtask post_to_elasticsearch
[2025-04-14T06:15:22.932+0000] {task_command.py:371} INFO - Running <TaskInstance: M3_GA_pipeline.post_to_elasticsearch manual__2025-04-14T06:14:57.795208+00:00 [running]> on host b652548eb1f7
[2025-04-14T06:15:23.137+0000] {taskinstance.py:1583} INFO - Exporting the following env vars:
AIRFLOW_CTX_DAG_OWNER=Galuh
AIRFLOW_CTX_DAG_ID=M3_GA_pipeline
AIRFLOW_CTX_TASK_ID=post_to_elasticsearch
AIRFLOW_CTX_EXECUTION_DATE=2025-04-14T06:14:57.795208+00:00
AIRFLOW_CTX_TRY_NUMBER=1
AIRFLOW_CTX_DAG_RUN_ID=manual__2025-04-14T06:14:57.795208+00:00
[2025-04-14T06:15:23.150+0000] {base.py:271} INFO - HEAD http://elasticsearch:9200/table_m3 [status:200 request:0.009s]
[2025-04-14T06:15:23.385+0000] {base.py:271} INFO - DELETE http://elasticsearch:9200/table_m3 [status:200 request:0.235s]
[2025-04-14T06:15:44.155+0000] {base.py:271} INFO - POST http://elasticsearch:9200/_bulk [status:200 request:0.878s]
[2025-04-14T06:15:44.466+0000] {base.py:271} INFO - POST http://elasticsearch:9200/_bulk [status:200 request:0.281s]
[2025-04-14T06:15:44.865+0000] {base.py:271} INFO - POST http://elasticsearch:9200/_bulk [status:200 request:0.358s]
[2025-04-14T06:15:45.174+0000] {base.py:271} INFO - POST http://elasticsearch:9200/_bulk [status:200 request:0.270s]
[2025-04-14T06:15:45.470+0000] {base.py:271} INFO - POST http://elasticsearch:9200/_bulk [status:200 request:0.261s]
[2025-04-14T06:15:45.837+0000] {base.py:271} INFO - POST http://elasticsearch:9200/_bulk [status:200 request:0.336s]
[2025-04-14T06:15:46.174+0000] {base.py:271} INFO - POST http://elasticsearch:9200/_bulk [status:200 request:0.306s]
[2025-04-14T06:15:46.477+0000] {base.py:271} INFO - POST http://elasticsearch:9200/_bulk [status:200 request:0.264s]
[2025-04-14T06:15:46.768+0000] {base.py:271} INFO - POST http://elasticsearch:9200/_bulk [status:200 request:0.260s]
[2025-04-14T06:15:47.055+0000] {base.py:271} INFO - POST http://elasticsearch:9200/_bulk [status:200 request:0.262s]
[2025-04-14T06:15:47.290+0000] {base.py:271} INFO - POST http://elasticsearch:9200/_bulk [status:200 request:0.203s]
[2025-04-14T06:15:47.521+0000] {base.py:271} INFO - POST http://elasticsearch:9200/_bulk [status:200 request:0.199s]
[2025-04-14T06:15:47.789+0000] {base.py:271} INFO - POST http://elasticsearch:9200/_bulk [status:200 request:0.238s]
[2025-04-14T06:15:48.045+0000] {base.py:271} INFO - POST http://elasticsearch:9200/_bulk [status:200 request:0.225s]
[2025-04-14T06:15:48.272+0000] {base.py:271} INFO - POST http://elasticsearch:9200/_bulk [status:200 request:0.198s]
[2025-04-14T06:15:48.605+0000] {base.py:271} INFO - POST http://elasticsearch:9200/_bulk [status:200 request:0.306s]
[2025-04-14T06:15:48.930+0000] {base.py:271} INFO - POST http://elasticsearch:9200/_bulk [status:200 request:0.275s]
[2025-04-14T06:15:49.232+0000] {base.py:271} INFO - POST http://elasticsearch:9200/_bulk [status:200 request:0.262s]
[2025-04-14T06:15:49.519+0000] {base.py:271} INFO - POST http://elasticsearch:9200/_bulk [status:200 request:0.246s]
[2025-04-14T06:15:49.768+0000] {base.py:271} INFO - POST http://elasticsearch:9200/_bulk [status:200 request:0.212s]
[2025-04-14T06:15:50.001+0000] {base.py:271} INFO - POST http://elasticsearch:9200/_bulk [status:200 request:0.203s]
[2025-04-14T06:15:50.198+0000] {base.py:271} INFO - POST http://elasticsearch:9200/_bulk [status:200 request:0.167s]
[2025-04-14T06:15:50.394+0000] {base.py:271} INFO - POST http://elasticsearch:9200/_bulk [status:200 request:0.170s]
[2025-04-14T06:15:50.597+0000] {base.py:271} INFO - POST http://elasticsearch:9200/_bulk [status:200 request:0.161s]
[2025-04-14T06:15:50.764+0000] {base.py:271} INFO - POST http://elasticsearch:9200/_bulk [status:200 request:0.145s]
[2025-04-14T06:15:50.943+0000] {base.py:271} INFO - POST http://elasticsearch:9200/_bulk [status:200 request:0.156s]
[2025-04-14T06:15:51.142+0000] {base.py:271} INFO - POST http://elasticsearch:9200/_bulk [status:200 request:0.176s]
[2025-04-14T06:15:51.321+0000] {base.py:271} INFO - POST http://elasticsearch:9200/_bulk [status:200 request:0.146s]
[2025-04-14T06:15:51.519+0000] {base.py:271} INFO - POST http://elasticsearch:9200/_bulk [status:200 request:0.168s]
[2025-04-14T06:15:51.768+0000] {base.py:271} INFO - POST http://elasticsearch:9200/_bulk [status:200 request:0.212s]
[2025-04-14T06:15:51.970+0000] {base.py:271} INFO - POST http://elasticsearch:9200/_bulk [status:200 request:0.168s]
[2025-04-14T06:15:52.158+0000] {base.py:271} INFO - POST http://elasticsearch:9200/_bulk [status:200 request:0.163s]
[2025-04-14T06:15:52.332+0000] {base.py:271} INFO - POST http://elasticsearch:9200/_bulk [status:200 request:0.150s]
[2025-04-14T06:15:52.512+0000] {base.py:271} INFO - POST http://elasticsearch:9200/_bulk [status:200 request:0.153s]
[2025-04-14T06:15:52.738+0000] {base.py:271} INFO - POST http://elasticsearch:9200/_bulk [status:200 request:0.202s]
[2025-04-14T06:15:52.995+0000] {base.py:271} INFO - POST http://elasticsearch:9200/_bulk [status:200 request:0.214s]
[2025-04-14T06:15:53.270+0000] {base.py:271} INFO - POST http://elasticsearch:9200/_bulk [status:200 request:0.224s]
[2025-04-14T06:15:53.533+0000] {base.py:271} INFO - POST http://elasticsearch:9200/_bulk [status:200 request:0.226s]
[2025-04-14T06:15:53.780+0000] {base.py:271} INFO - POST http://elasticsearch:9200/_bulk [status:200 request:0.218s]
[2025-04-14T06:15:54.226+0000] {base.py:271} INFO - POST http://elasticsearch:9200/_bulk [status:200 request:0.411s]
[2025-04-14T06:15:54.448+0000] {base.py:271} INFO - POST http://elasticsearch:9200/_bulk [status:200 request:0.186s]
[2025-04-14T06:15:54.648+0000] {base.py:271} INFO - POST http://elasticsearch:9200/_bulk [status:200 request:0.172s]
[2025-04-14T06:15:54.837+0000] {base.py:271} INFO - POST http://elasticsearch:9200/_bulk [status:200 request:0.157s]
[2025-04-14T06:15:54.979+0000] {base.py:271} INFO - POST http://elasticsearch:9200/_bulk [status:200 request:0.121s]
[2025-04-14T06:15:55.129+0000] {base.py:271} INFO - POST http://elasticsearch:9200/_bulk [status:200 request:0.131s]
[2025-04-14T06:15:55.285+0000] {base.py:271} INFO - POST http://elasticsearch:9200/_bulk [status:200 request:0.133s]
[2025-04-14T06:15:55.426+0000] {base.py:271} INFO - POST http://elasticsearch:9200/_bulk [status:200 request:0.122s]
[2025-04-14T06:15:55.602+0000] {base.py:271} INFO - POST http://elasticsearch:9200/_bulk [status:200 request:0.149s]
[2025-04-14T06:15:55.767+0000] {base.py:271} INFO - POST http://elasticsearch:9200/_bulk [status:200 request:0.142s]
[2025-04-14T06:15:55.926+0000] {base.py:271} INFO - POST http://elasticsearch:9200/_bulk [status:200 request:0.138s]
[2025-04-14T06:15:56.076+0000] {base.py:271} INFO - POST http://elasticsearch:9200/_bulk [status:200 request:0.130s]
[2025-04-14T06:15:56.247+0000] {base.py:271} INFO - POST http://elasticsearch:9200/_bulk [status:200 request:0.150s]
[2025-04-14T06:15:56.416+0000] {base.py:271} INFO - POST http://elasticsearch:9200/_bulk [status:200 request:0.144s]
[2025-04-14T06:15:56.608+0000] {base.py:271} INFO - POST http://elasticsearch:9200/_bulk [status:200 request:0.164s]
[2025-04-14T06:15:56.872+0000] {base.py:271} INFO - POST http://elasticsearch:9200/_bulk [status:200 request:0.230s]
[2025-04-14T06:15:57.163+0000] {base.py:271} INFO - POST http://elasticsearch:9200/_bulk [status:200 request:0.248s]
[2025-04-14T06:15:57.440+0000] {base.py:271} INFO - POST http://elasticsearch:9200/_bulk [status:200 request:0.236s]
[2025-04-14T06:15:57.802+0000] {base.py:271} INFO - POST http://elasticsearch:9200/_bulk [status:200 request:0.292s]
[2025-04-14T06:15:58.060+0000] {base.py:271} INFO - POST http://elasticsearch:9200/_bulk [status:200 request:0.213s]
[2025-04-14T06:15:58.255+0000] {base.py:271} INFO - POST http://elasticsearch:9200/_bulk [status:200 request:0.166s]
[2025-04-14T06:15:58.433+0000] {base.py:271} INFO - POST http://elasticsearch:9200/_bulk [status:200 request:0.153s]
[2025-04-14T06:15:58.665+0000] {base.py:271} INFO - POST http://elasticsearch:9200/_bulk [status:200 request:0.198s]
[2025-04-14T06:15:58.931+0000] {base.py:271} INFO - POST http://elasticsearch:9200/_bulk [status:200 request:0.227s]
[2025-04-14T06:15:59.190+0000] {base.py:271} INFO - POST http://elasticsearch:9200/_bulk [status:200 request:0.218s]
[2025-04-14T06:15:59.406+0000] {base.py:271} INFO - POST http://elasticsearch:9200/_bulk [status:200 request:0.184s]
[2025-04-14T06:15:59.628+0000] {base.py:271} INFO - POST http://elasticsearch:9200/_bulk [status:200 request:0.185s]
[2025-04-14T06:15:59.917+0000] {base.py:271} INFO - POST http://elasticsearch:9200/_bulk [status:200 request:0.252s]
[2025-04-14T06:16:00.244+0000] {base.py:271} INFO - POST http://elasticsearch:9200/_bulk [status:200 request:0.288s]
[2025-04-14T06:16:00.534+0000] {base.py:271} INFO - POST http://elasticsearch:9200/_bulk [status:200 request:0.249s]
[2025-04-14T06:16:00.795+0000] {base.py:271} INFO - POST http://elasticsearch:9200/_bulk [status:200 request:0.226s]
[2025-04-14T06:16:01.079+0000] {base.py:271} INFO - POST http://elasticsearch:9200/_bulk [status:200 request:0.242s]
[2025-04-14T06:16:01.292+0000] {base.py:271} INFO - POST http://elasticsearch:9200/_bulk [status:200 request:0.182s]
[2025-04-14T06:16:01.501+0000] {base.py:271} INFO - POST http://elasticsearch:9200/_bulk [status:200 request:0.182s]
[2025-04-14T06:16:01.692+0000] {base.py:271} INFO - POST http://elasticsearch:9200/_bulk [status:200 request:0.155s]
[2025-04-14T06:16:01.862+0000] {base.py:271} INFO - POST http://elasticsearch:9200/_bulk [status:200 request:0.146s]
[2025-04-14T06:16:02.044+0000] {base.py:271} INFO - POST http://elasticsearch:9200/_bulk [status:200 request:0.154s]
[2025-04-14T06:16:02.226+0000] {base.py:271} INFO - POST http://elasticsearch:9200/_bulk [status:200 request:0.159s]
[2025-04-14T06:16:02.416+0000] {base.py:271} INFO - POST http://elasticsearch:9200/_bulk [status:200 request:0.167s]
[2025-04-14T06:16:02.630+0000] {base.py:271} INFO - POST http://elasticsearch:9200/_bulk [status:200 request:0.189s]
[2025-04-14T06:16:02.808+0000] {base.py:271} INFO - POST http://elasticsearch:9200/_bulk [status:200 request:0.150s]
[2025-04-14T06:16:02.948+0000] {base.py:271} INFO - POST http://elasticsearch:9200/_bulk [status:200 request:0.120s]
[2025-04-14T06:16:03.078+0000] {base.py:271} INFO - POST http://elasticsearch:9200/_bulk [status:200 request:0.112s]
[2025-04-14T06:16:03.261+0000] {base.py:271} INFO - POST http://elasticsearch:9200/_bulk [status:200 request:0.164s]
[2025-04-14T06:16:03.454+0000] {base.py:271} INFO - POST http://elasticsearch:9200/_bulk [status:200 request:0.165s]
[2025-04-14T06:16:03.718+0000] {base.py:271} INFO - POST http://elasticsearch:9200/_bulk [status:200 request:0.228s]
[2025-04-14T06:16:03.934+0000] {base.py:271} INFO - POST http://elasticsearch:9200/_bulk [status:200 request:0.186s]
[2025-04-14T06:16:04.123+0000] {base.py:271} INFO - POST http://elasticsearch:9200/_bulk [status:200 request:0.160s]
[2025-04-14T06:16:04.321+0000] {base.py:271} INFO - POST http://elasticsearch:9200/_bulk [status:200 request:0.173s]
[2025-04-14T06:16:04.494+0000] {base.py:271} INFO - POST http://elasticsearch:9200/_bulk [status:200 request:0.148s]
[2025-04-14T06:16:04.689+0000] {base.py:271} INFO - POST http://elasticsearch:9200/_bulk [status:200 request:0.162s]
[2025-04-14T06:16:04.911+0000] {base.py:271} INFO - POST http://elasticsearch:9200/_bulk [status:200 request:0.187s]
[2025-04-14T06:16:05.122+0000] {base.py:271} INFO - POST http://elasticsearch:9200/_bulk [status:200 request:0.172s]
[2025-04-14T06:16:05.331+0000] {base.py:271} INFO - POST http://elasticsearch:9200/_bulk [status:200 request:0.182s]
[2025-04-14T06:16:05.599+0000] {base.py:271} INFO - POST http://elasticsearch:9200/_bulk [status:200 request:0.223s]
[2025-04-14T06:16:05.801+0000] {base.py:271} INFO - POST http://elasticsearch:9200/_bulk [status:200 request:0.174s]
[2025-04-14T06:16:05.972+0000] {base.py:271} INFO - POST http://elasticsearch:9200/_bulk [status:200 request:0.147s]
[2025-04-14T06:16:06.138+0000] {base.py:271} INFO - POST http://elasticsearch:9200/_bulk [status:200 request:0.143s]
[2025-04-14T06:16:06.291+0000] {base.py:271} INFO - POST http://elasticsearch:9200/_bulk [status:200 request:0.130s]
[2025-04-14T06:16:06.447+0000] {base.py:271} INFO - POST http://elasticsearch:9200/_bulk [status:200 request:0.133s]
[2025-04-14T06:16:06.634+0000] {base.py:271} INFO - POST http://elasticsearch:9200/_bulk [status:200 request:0.166s]
[2025-04-14T06:16:06.839+0000] {base.py:271} INFO - POST http://elasticsearch:9200/_bulk [status:200 request:0.167s]
[2025-04-14T06:16:07.002+0000] {base.py:271} INFO - POST http://elasticsearch:9200/_bulk [status:200 request:0.138s]
[2025-04-14T06:16:07.198+0000] {base.py:271} INFO - POST http://elasticsearch:9200/_bulk [status:200 request:0.173s]
[2025-04-14T06:16:07.442+0000] {base.py:271} INFO - POST http://elasticsearch:9200/_bulk [status:200 request:0.207s]
[2025-04-14T06:16:07.802+0000] {base.py:271} INFO - POST http://elasticsearch:9200/_bulk [status:200 request:0.329s]
[2025-04-14T06:16:08.104+0000] {base.py:271} INFO - POST http://elasticsearch:9200/_bulk [status:200 request:0.248s]
[2025-04-14T06:16:08.325+0000] {base.py:271} INFO - POST http://elasticsearch:9200/_bulk [status:200 request:0.188s]
[2025-04-14T06:16:08.546+0000] {base.py:271} INFO - POST http://elasticsearch:9200/_bulk [status:200 request:0.192s]
[2025-04-14T06:16:08.759+0000] {base.py:271} INFO - POST http://elasticsearch:9200/_bulk [status:200 request:0.174s]
[2025-04-14T06:16:08.955+0000] {base.py:271} INFO - POST http://elasticsearch:9200/_bulk [status:200 request:0.170s]
[2025-04-14T06:16:09.197+0000] {base.py:271} INFO - POST http://elasticsearch:9200/_bulk [status:200 request:0.212s]
[2025-04-14T06:16:09.418+0000] {base.py:271} INFO - POST http://elasticsearch:9200/_bulk [status:200 request:0.190s]
[2025-04-14T06:16:09.650+0000] {base.py:271} INFO - POST http://elasticsearch:9200/_bulk [status:200 request:0.202s]
[2025-04-14T06:16:09.907+0000] {base.py:271} INFO - POST http://elasticsearch:9200/_bulk [status:200 request:0.201s]
[2025-04-14T06:16:10.125+0000] {base.py:271} INFO - POST http://elasticsearch:9200/_bulk [status:200 request:0.192s]
[2025-04-14T06:16:10.327+0000] {base.py:271} INFO - POST http://elasticsearch:9200/_bulk [status:200 request:0.173s]
[2025-04-14T06:16:10.524+0000] {base.py:271} INFO - POST http://elasticsearch:9200/_bulk [status:200 request:0.164s]
[2025-04-14T06:16:10.732+0000] {base.py:271} INFO - POST http://elasticsearch:9200/_bulk [status:200 request:0.176s]
[2025-04-14T06:16:10.912+0000] {base.py:271} INFO - POST http://elasticsearch:9200/_bulk [status:200 request:0.153s]
[2025-04-14T06:16:11.065+0000] {base.py:271} INFO - POST http://elasticsearch:9200/_bulk [status:200 request:0.129s]
[2025-04-14T06:16:11.237+0000] {base.py:271} INFO - POST http://elasticsearch:9200/_bulk [status:200 request:0.147s]
[2025-04-14T06:16:11.387+0000] {base.py:271} INFO - POST http://elasticsearch:9200/_bulk [status:200 request:0.128s]
[2025-04-14T06:16:11.579+0000] {base.py:271} INFO - POST http://elasticsearch:9200/_bulk [status:200 request:0.173s]
[2025-04-14T06:16:11.854+0000] {base.py:271} INFO - POST http://elasticsearch:9200/_bulk [status:200 request:0.241s]
[2025-04-14T06:16:12.066+0000] {base.py:271} INFO - POST http://elasticsearch:9200/_bulk [status:200 request:0.173s]
[2025-04-14T06:16:12.243+0000] {base.py:271} INFO - POST http://elasticsearch:9200/_bulk [status:200 request:0.153s]
[2025-04-14T06:16:12.438+0000] {base.py:271} INFO - POST http://elasticsearch:9200/_bulk [status:200 request:0.171s]
[2025-04-14T06:16:12.638+0000] {base.py:271} INFO - POST http://elasticsearch:9200/_bulk [status:200 request:0.176s]
[2025-04-14T06:16:12.882+0000] {base.py:271} INFO - POST http://elasticsearch:9200/_bulk [status:200 request:0.198s]
[2025-04-14T06:16:13.079+0000] {base.py:271} INFO - POST http://elasticsearch:9200/_bulk [status:200 request:0.161s]
[2025-04-14T06:16:13.276+0000] {base.py:271} INFO - POST http://elasticsearch:9200/_bulk [status:200 request:0.162s]
[2025-04-14T06:16:13.590+0000] {base.py:271} INFO - POST http://elasticsearch:9200/_bulk [status:200 request:0.289s]
[2025-04-14T06:16:13.869+0000] {base.py:271} INFO - POST http://elasticsearch:9200/_bulk [status:200 request:0.252s]
[2025-04-14T06:16:14.217+0000] {base.py:271} INFO - POST http://elasticsearch:9200/_bulk [status:200 request:0.307s]
[2025-04-14T06:16:14.679+0000] {base.py:271} INFO - POST http://elasticsearch:9200/_bulk [status:200 request:0.410s]
[2025-04-14T06:16:14.842+0000] {base.py:271} INFO - POST http://elasticsearch:9200/_bulk [status:200 request:0.102s]
[2025-04-14T06:16:14.951+0000] {base.py:271} INFO - POST http://elasticsearch:9200/_bulk [status:200 request:0.075s]
[2025-04-14T06:16:15.247+0000] {base.py:271} INFO - POST http://elasticsearch:9200/_bulk [status:200 request:0.085s]
[2025-04-14T06:16:15.363+0000] {base.py:271} INFO - POST http://elasticsearch:9200/_bulk [status:200 request:0.084s]
[2025-04-14T06:16:15.518+0000] {base.py:271} INFO - POST http://elasticsearch:9200/_bulk [status:200 request:0.126s]
[2025-04-14T06:16:15.650+0000] {base.py:271} INFO - POST http://elasticsearch:9200/_bulk [status:200 request:0.096s]
[2025-04-14T06:16:15.784+0000] {base.py:271} INFO - POST http://elasticsearch:9200/_bulk [status:200 request:0.103s]
[2025-04-14T06:16:15.901+0000] {base.py:271} INFO - POST http://elasticsearch:9200/_bulk [status:200 request:0.093s]
[2025-04-14T06:16:16.013+0000] {base.py:271} INFO - POST http://elasticsearch:9200/_bulk [status:200 request:0.088s]
[2025-04-14T06:16:16.099+0000] {base.py:271} INFO - POST http://elasticsearch:9200/_bulk [status:200 request:0.064s]
[2025-04-14T06:16:16.215+0000] {base.py:271} INFO - POST http://elasticsearch:9200/_bulk [status:200 request:0.093s]
[2025-04-14T06:16:16.322+0000] {base.py:271} INFO - POST http://elasticsearch:9200/_bulk [status:200 request:0.086s]
[2025-04-14T06:16:16.430+0000] {base.py:271} INFO - POST http://elasticsearch:9200/_bulk [status:200 request:0.087s]
[2025-04-14T06:16:16.553+0000] {base.py:271} INFO - POST http://elasticsearch:9200/_bulk [status:200 request:0.098s]
[2025-04-14T06:16:16.667+0000] {base.py:271} INFO - POST http://elasticsearch:9200/_bulk [status:200 request:0.082s]
[2025-04-14T06:16:16.776+0000] {base.py:271} INFO - POST http://elasticsearch:9200/_bulk [status:200 request:0.079s]
[2025-04-14T06:16:16.888+0000] {base.py:271} INFO - POST http://elasticsearch:9200/_bulk [status:200 request:0.087s]
[2025-04-14T06:16:16.997+0000] {base.py:271} INFO - POST http://elasticsearch:9200/_bulk [status:200 request:0.085s]
[2025-04-14T06:16:17.081+0000] {base.py:271} INFO - POST http://elasticsearch:9200/_bulk [status:200 request:0.061s]
[2025-04-14T06:16:17.168+0000] {base.py:271} INFO - POST http://elasticsearch:9200/_bulk [status:200 request:0.063s]
[2025-04-14T06:16:17.249+0000] {base.py:271} INFO - POST http://elasticsearch:9200/_bulk [status:200 request:0.057s]
[2025-04-14T06:16:17.340+0000] {base.py:271} INFO - POST http://elasticsearch:9200/_bulk [status:200 request:0.069s]
[2025-04-14T06:16:17.412+0000] {base.py:271} INFO - POST http://elasticsearch:9200/_bulk [status:200 request:0.049s]
[2025-04-14T06:16:17.493+0000] {base.py:271} INFO - POST http://elasticsearch:9200/_bulk [status:200 request:0.051s]
[2025-04-14T06:16:17.570+0000] {base.py:271} INFO - POST http://elasticsearch:9200/_bulk [status:200 request:0.046s]
[2025-04-14T06:16:17.639+0000] {base.py:271} INFO - POST http://elasticsearch:9200/_bulk [status:200 request:0.047s]
[2025-04-14T06:16:17.718+0000] {base.py:271} INFO - POST http://elasticsearch:9200/_bulk [status:200 request:0.048s]
[2025-04-14T06:16:17.792+0000] {base.py:271} INFO - POST http://elasticsearch:9200/_bulk [status:200 request:0.049s]
[2025-04-14T06:16:17.862+0000] {base.py:271} INFO - POST http://elasticsearch:9200/_bulk [status:200 request:0.048s]
[2025-04-14T06:16:17.943+0000] {base.py:271} INFO - POST http://elasticsearch:9200/_bulk [status:200 request:0.055s]
[2025-04-14T06:16:18.024+0000] {base.py:271} INFO - POST http://elasticsearch:9200/_bulk [status:200 request:0.057s]
[2025-04-14T06:16:18.134+0000] {base.py:271} INFO - POST http://elasticsearch:9200/_bulk [status:200 request:0.077s]
[2025-04-14T06:16:18.209+0000] {base.py:271} INFO - POST http://elasticsearch:9200/_bulk [status:200 request:0.051s]
[2025-04-14T06:16:18.290+0000] {base.py:271} INFO - POST http://elasticsearch:9200/_bulk [status:200 request:0.053s]
[2025-04-14T06:16:18.371+0000] {base.py:271} INFO - POST http://elasticsearch:9200/_bulk [status:200 request:0.054s]
[2025-04-14T06:16:18.448+0000] {base.py:271} INFO - POST http://elasticsearch:9200/_bulk [status:200 request:0.053s]
[2025-04-14T06:16:18.524+0000] {base.py:271} INFO - POST http://elasticsearch:9200/_bulk [status:200 request:0.052s]
[2025-04-14T06:16:18.707+0000] {base.py:271} INFO - POST http://elasticsearch:9200/_bulk [status:200 request:0.158s]
[2025-04-14T06:16:18.803+0000] {base.py:271} INFO - POST http://elasticsearch:9200/_bulk [status:200 request:0.067s]
[2025-04-14T06:16:18.885+0000] {base.py:271} INFO - POST http://elasticsearch:9200/_bulk [status:200 request:0.055s]
[2025-04-14T06:16:18.971+0000] {base.py:271} INFO - POST http://elasticsearch:9200/_bulk [status:200 request:0.058s]
[2025-04-14T06:16:19.063+0000] {base.py:271} INFO - POST http://elasticsearch:9200/_bulk [status:200 request:0.062s]
[2025-04-14T06:16:19.176+0000] {base.py:271} INFO - POST http://elasticsearch:9200/_bulk [status:200 request:0.082s]
[2025-04-14T06:16:19.255+0000] {base.py:271} INFO - POST http://elasticsearch:9200/_bulk [status:200 request:0.052s]
[2025-04-14T06:16:19.329+0000] {base.py:271} INFO - POST http://elasticsearch:9200/_bulk [status:200 request:0.049s]
[2025-04-14T06:16:19.408+0000] {base.py:271} INFO - POST http://elasticsearch:9200/_bulk [status:200 request:0.052s]
[2025-04-14T06:16:19.480+0000] {base.py:271} INFO - POST http://elasticsearch:9200/_bulk [status:200 request:0.049s]
[2025-04-14T06:16:19.555+0000] {base.py:271} INFO - POST http://elasticsearch:9200/_bulk [status:200 request:0.052s]
[2025-04-14T06:16:19.625+0000] {base.py:271} INFO - POST http://elasticsearch:9200/_bulk [status:200 request:0.048s]
[2025-04-14T06:16:19.711+0000] {base.py:271} INFO - POST http://elasticsearch:9200/_bulk [status:200 request:0.062s]
[2025-04-14T06:16:19.787+0000] {base.py:271} INFO - POST http://elasticsearch:9200/_bulk [status:200 request:0.050s]
[2025-04-14T06:16:19.861+0000] {base.py:271} INFO - POST http://elasticsearch:9200/_bulk [status:200 request:0.051s]
[2025-04-14T06:16:19.933+0000] {base.py:271} INFO - POST http://elasticsearch:9200/_bulk [status:200 request:0.049s]
[2025-04-14T06:16:20.003+0000] {base.py:271} INFO - POST http://elasticsearch:9200/_bulk [status:200 request:0.047s]
[2025-04-14T06:16:20.069+0000] {base.py:271} INFO - POST http://elasticsearch:9200/_bulk [status:200 request:0.044s]
[2025-04-14T06:16:20.136+0000] {base.py:271} INFO - POST http://elasticsearch:9200/_bulk [status:200 request:0.043s]
[2025-04-14T06:16:20.208+0000] {base.py:271} INFO - POST http://elasticsearch:9200/_bulk [status:200 request:0.049s]
[2025-04-14T06:16:20.276+0000] {base.py:271} INFO - POST http://elasticsearch:9200/_bulk [status:200 request:0.046s]
[2025-04-14T06:16:20.344+0000] {base.py:271} INFO - POST http://elasticsearch:9200/_bulk [status:200 request:0.046s]
[2025-04-14T06:16:20.408+0000] {base.py:271} INFO - POST http://elasticsearch:9200/_bulk [status:200 request:0.042s]
[2025-04-14T06:16:20.476+0000] {base.py:271} INFO - POST http://elasticsearch:9200/_bulk [status:200 request:0.047s]
[2025-04-14T06:16:20.546+0000] {base.py:271} INFO - POST http://elasticsearch:9200/_bulk [status:200 request:0.049s]
[2025-04-14T06:16:20.610+0000] {base.py:271} INFO - POST http://elasticsearch:9200/_bulk [status:200 request:0.044s]
[2025-04-14T06:16:20.681+0000] {base.py:271} INFO - POST http://elasticsearch:9200/_bulk [status:200 request:0.049s]
[2025-04-14T06:16:20.749+0000] {base.py:271} INFO - POST http://elasticsearch:9200/_bulk [status:200 request:0.046s]
[2025-04-14T06:16:20.825+0000] {base.py:271} INFO - POST http://elasticsearch:9200/_bulk [status:200 request:0.049s]
[2025-04-14T06:16:20.894+0000] {base.py:271} INFO - POST http://elasticsearch:9200/_bulk [status:200 request:0.046s]
[2025-04-14T06:16:20.958+0000] {base.py:271} INFO - POST http://elasticsearch:9200/_bulk [status:200 request:0.042s]
[2025-04-14T06:16:21.044+0000] {base.py:271} INFO - POST http://elasticsearch:9200/_bulk [status:200 request:0.061s]
[2025-04-14T06:16:21.143+0000] {base.py:271} INFO - POST http://elasticsearch:9200/_bulk [status:200 request:0.074s]
[2025-04-14T06:16:21.261+0000] {base.py:271} INFO - POST http://elasticsearch:9200/_bulk [status:200 request:0.078s]
[2025-04-14T06:16:21.352+0000] {base.py:271} INFO - POST http://elasticsearch:9200/_bulk [status:200 request:0.060s]
[2025-04-14T06:16:21.444+0000] {base.py:271} INFO - POST http://elasticsearch:9200/_bulk [status:200 request:0.061s]
[2025-04-14T06:16:21.533+0000] {base.py:271} INFO - POST http://elasticsearch:9200/_bulk [status:200 request:0.058s]
[2025-04-14T06:16:21.617+0000] {base.py:271} INFO - POST http://elasticsearch:9200/_bulk [status:200 request:0.056s]
[2025-04-14T06:16:21.709+0000] {base.py:271} INFO - POST http://elasticsearch:9200/_bulk [status:200 request:0.064s]
[2025-04-14T06:16:21.792+0000] {base.py:271} INFO - POST http://elasticsearch:9200/_bulk [status:200 request:0.055s]
[2025-04-14T06:16:21.873+0000] {base.py:271} INFO - POST http://elasticsearch:9200/_bulk [status:200 request:0.055s]
[2025-04-14T06:16:21.961+0000] {base.py:271} INFO - POST http://elasticsearch:9200/_bulk [status:200 request:0.062s]
[2025-04-14T06:16:22.039+0000] {base.py:271} INFO - POST http://elasticsearch:9200/_bulk [status:200 request:0.053s]
[2025-04-14T06:16:22.114+0000] {base.py:271} INFO - POST http://elasticsearch:9200/_bulk [status:200 request:0.052s]
[2025-04-14T06:16:22.189+0000] {base.py:271} INFO - POST http://elasticsearch:9200/_bulk [status:200 request:0.052s]
[2025-04-14T06:16:22.262+0000] {base.py:271} INFO - POST http://elasticsearch:9200/_bulk [status:200 request:0.050s]
[2025-04-14T06:16:22.329+0000] {base.py:271} INFO - POST http://elasticsearch:9200/_bulk [status:200 request:0.045s]
[2025-04-14T06:16:22.407+0000] {base.py:271} INFO - POST http://elasticsearch:9200/_bulk [status:200 request:0.055s]
[2025-04-14T06:16:22.496+0000] {base.py:271} INFO - POST http://elasticsearch:9200/_bulk [status:200 request:0.066s]
[2025-04-14T06:16:22.572+0000] {base.py:271} INFO - POST http://elasticsearch:9200/_bulk [status:200 request:0.052s]
[2025-04-14T06:16:22.659+0000] {base.py:271} INFO - POST http://elasticsearch:9200/_bulk [status:200 request:0.063s]
[2025-04-14T06:16:22.736+0000] {base.py:271} INFO - POST http://elasticsearch:9200/_bulk [status:200 request:0.051s]
[2025-04-14T06:16:22.811+0000] {base.py:271} INFO - POST http://elasticsearch:9200/_bulk [status:200 request:0.051s]
[2025-04-14T06:16:22.885+0000] {base.py:271} INFO - POST http://elasticsearch:9200/_bulk [status:200 request:0.051s]
[2025-04-14T06:16:22.955+0000] {base.py:271} INFO - POST http://elasticsearch:9200/_bulk [status:200 request:0.048s]
[2025-04-14T06:16:23.040+0000] {base.py:271} INFO - POST http://elasticsearch:9200/_bulk [status:200 request:0.063s]
[2025-04-14T06:16:23.111+0000] {base.py:271} INFO - POST http://elasticsearch:9200/_bulk [status:200 request:0.049s]
[2025-04-14T06:16:23.188+0000] {base.py:271} INFO - POST http://elasticsearch:9200/_bulk [status:200 request:0.050s]
[2025-04-14T06:16:23.256+0000] {base.py:271} INFO - POST http://elasticsearch:9200/_bulk [status:200 request:0.048s]
[2025-04-14T06:16:23.336+0000] {base.py:271} INFO - POST http://elasticsearch:9200/_bulk [status:200 request:0.056s]
[2025-04-14T06:16:23.434+0000] {base.py:271} INFO - POST http://elasticsearch:9200/_bulk [status:200 request:0.075s]
[2025-04-14T06:16:23.504+0000] {base.py:271} INFO - POST http://elasticsearch:9200/_bulk [status:200 request:0.048s]
[2025-04-14T06:16:23.567+0000] {base.py:271} INFO - POST http://elasticsearch:9200/_bulk [status:200 request:0.041s]
[2025-04-14T06:16:23.570+0000] {logging_mixin.py:115} INFO - 117481 documents indexed to Elasticsearch 'table_m3'.
[2025-04-14T06:16:23.649+0000] {python.py:173} INFO - Done. Returned value was: None
[2025-04-14T06:16:23.689+0000] {taskinstance.py:1412} INFO - Marking task as SUCCESS. dag_id=M3_GA_pipeline, task_id=post_to_elasticsearch, execution_date=20250414T061457, start_date=20250414T061522, end_date=20250414T061623
[2025-04-14T06:16:23.739+0000] {local_task_job.py:156} INFO - Task exited with return code 0
[2025-04-14T06:16:23.863+0000] {local_task_job.py:279} INFO - 0 downstream tasks scheduled from follow-on schedule check
