[2025-04-14T02:15:13.848+0000] {taskinstance.py:1171} INFO - Dependencies all met for <TaskInstance: M3_GA_pipeline.post_to_elasticsearch manual__2025-04-14T02:14:42.629532+00:00 [queued]>
[2025-04-14T02:15:13.874+0000] {taskinstance.py:1171} INFO - Dependencies all met for <TaskInstance: M3_GA_pipeline.post_to_elasticsearch manual__2025-04-14T02:14:42.629532+00:00 [queued]>
[2025-04-14T02:15:13.875+0000] {taskinstance.py:1368} INFO - 
--------------------------------------------------------------------------------
[2025-04-14T02:15:13.875+0000] {taskinstance.py:1369} INFO - Starting attempt 1 of 1
[2025-04-14T02:15:13.876+0000] {taskinstance.py:1370} INFO - 
--------------------------------------------------------------------------------
[2025-04-14T02:15:13.918+0000] {taskinstance.py:1389} INFO - Executing <Task(PythonOperator): post_to_elasticsearch> on 2025-04-14 02:14:42.629532+00:00
[2025-04-14T02:15:13.927+0000] {standard_task_runner.py:52} INFO - Started process 779 to run task
[2025-04-14T02:15:13.933+0000] {standard_task_runner.py:79} INFO - Running: ['***', 'tasks', 'run', 'M3_GA_pipeline', 'post_to_elasticsearch', 'manual__2025-04-14T02:14:42.629532+00:00', '--job-id', '36', '--raw', '--subdir', 'DAGS_FOLDER/P2M3_galuh_alifani_DAG.py', '--cfg-path', '/tmp/tmpqhoot4uu', '--error-file', '/tmp/tmphg6nazhl']
[2025-04-14T02:15:13.937+0000] {standard_task_runner.py:80} INFO - Job 36: Subtask post_to_elasticsearch
[2025-04-14T02:15:14.130+0000] {task_command.py:371} INFO - Running <TaskInstance: M3_GA_pipeline.post_to_elasticsearch manual__2025-04-14T02:14:42.629532+00:00 [running]> on host 3a167a6250ea
[2025-04-14T02:15:14.379+0000] {taskinstance.py:1583} INFO - Exporting the following env vars:
AIRFLOW_CTX_DAG_OWNER=Galuh
AIRFLOW_CTX_DAG_ID=M3_GA_pipeline
AIRFLOW_CTX_TASK_ID=post_to_elasticsearch
AIRFLOW_CTX_EXECUTION_DATE=2025-04-14T02:14:42.629532+00:00
AIRFLOW_CTX_TRY_NUMBER=1
AIRFLOW_CTX_DAG_RUN_ID=manual__2025-04-14T02:14:42.629532+00:00
[2025-04-14T02:15:14.429+0000] {base.py:271} INFO - HEAD http://elasticsearch:9200/table_m3 [status:200 request:0.036s]
[2025-04-14T02:15:14.807+0000] {base.py:271} INFO - DELETE http://elasticsearch:9200/table_m3 [status:200 request:0.376s]
[2025-04-14T02:15:37.040+0000] {base.py:271} INFO - POST http://elasticsearch:9200/_bulk [status:200 request:1.507s]
[2025-04-14T02:15:37.467+0000] {base.py:271} INFO - POST http://elasticsearch:9200/_bulk [status:200 request:0.392s]
[2025-04-14T02:15:37.838+0000] {base.py:271} INFO - POST http://elasticsearch:9200/_bulk [status:200 request:0.330s]
[2025-04-14T02:15:38.169+0000] {base.py:271} INFO - POST http://elasticsearch:9200/_bulk [status:200 request:0.284s]
[2025-04-14T02:15:38.519+0000] {base.py:271} INFO - POST http://elasticsearch:9200/_bulk [status:200 request:0.318s]
[2025-04-14T02:15:38.787+0000] {base.py:271} INFO - POST http://elasticsearch:9200/_bulk [status:200 request:0.231s]
[2025-04-14T02:15:39.043+0000] {base.py:271} INFO - POST http://elasticsearch:9200/_bulk [status:200 request:0.228s]
[2025-04-14T02:15:39.334+0000] {base.py:271} INFO - POST http://elasticsearch:9200/_bulk [status:200 request:0.259s]
[2025-04-14T02:15:39.594+0000] {base.py:271} INFO - POST http://elasticsearch:9200/_bulk [status:200 request:0.232s]
[2025-04-14T02:15:39.956+0000] {base.py:271} INFO - POST http://elasticsearch:9200/_bulk [status:200 request:0.331s]
[2025-04-14T02:15:40.241+0000] {base.py:271} INFO - POST http://elasticsearch:9200/_bulk [status:200 request:0.247s]
[2025-04-14T02:15:40.512+0000] {base.py:271} INFO - POST http://elasticsearch:9200/_bulk [status:200 request:0.239s]
[2025-04-14T02:15:40.788+0000] {base.py:271} INFO - POST http://elasticsearch:9200/_bulk [status:200 request:0.251s]
[2025-04-14T02:15:41.077+0000] {base.py:271} INFO - POST http://elasticsearch:9200/_bulk [status:200 request:0.259s]
[2025-04-14T02:15:41.308+0000] {base.py:271} INFO - POST http://elasticsearch:9200/_bulk [status:200 request:0.206s]
[2025-04-14T02:15:41.585+0000] {base.py:271} INFO - POST http://elasticsearch:9200/_bulk [status:200 request:0.245s]
[2025-04-14T02:15:41.821+0000] {base.py:271} INFO - POST http://elasticsearch:9200/_bulk [status:200 request:0.209s]
[2025-04-14T02:15:42.062+0000] {base.py:271} INFO - POST http://elasticsearch:9200/_bulk [status:200 request:0.217s]
[2025-04-14T02:15:42.250+0000] {base.py:271} INFO - POST http://elasticsearch:9200/_bulk [status:200 request:0.161s]
[2025-04-14T02:15:42.433+0000] {base.py:271} INFO - POST http://elasticsearch:9200/_bulk [status:200 request:0.162s]
[2025-04-14T02:15:42.617+0000] {base.py:271} INFO - POST http://elasticsearch:9200/_bulk [status:200 request:0.162s]
[2025-04-14T02:15:42.776+0000] {base.py:271} INFO - POST http://elasticsearch:9200/_bulk [status:200 request:0.138s]
[2025-04-14T02:15:42.966+0000] {base.py:271} INFO - POST http://elasticsearch:9200/_bulk [status:200 request:0.169s]
[2025-04-14T02:15:43.179+0000] {base.py:271} INFO - POST http://elasticsearch:9200/_bulk [status:200 request:0.191s]
[2025-04-14T02:15:43.360+0000] {base.py:271} INFO - POST http://elasticsearch:9200/_bulk [status:200 request:0.160s]
[2025-04-14T02:15:43.554+0000] {base.py:271} INFO - POST http://elasticsearch:9200/_bulk [status:200 request:0.172s]
[2025-04-14T02:15:43.767+0000] {base.py:271} INFO - POST http://elasticsearch:9200/_bulk [status:200 request:0.190s]
[2025-04-14T02:15:44.009+0000] {base.py:271} INFO - POST http://elasticsearch:9200/_bulk [status:200 request:0.217s]
[2025-04-14T02:15:44.286+0000] {base.py:271} INFO - POST http://elasticsearch:9200/_bulk [status:200 request:0.249s]
[2025-04-14T02:15:44.495+0000] {base.py:271} INFO - POST http://elasticsearch:9200/_bulk [status:200 request:0.177s]
[2025-04-14T02:15:44.759+0000] {base.py:271} INFO - POST http://elasticsearch:9200/_bulk [status:200 request:0.234s]
[2025-04-14T02:15:45.012+0000] {base.py:271} INFO - POST http://elasticsearch:9200/_bulk [status:200 request:0.226s]
[2025-04-14T02:15:45.232+0000] {base.py:271} INFO - POST http://elasticsearch:9200/_bulk [status:200 request:0.193s]
[2025-04-14T02:15:45.536+0000] {base.py:271} INFO - POST http://elasticsearch:9200/_bulk [status:200 request:0.280s]
[2025-04-14T02:15:45.772+0000] {base.py:271} INFO - POST http://elasticsearch:9200/_bulk [status:200 request:0.206s]
[2025-04-14T02:15:45.996+0000] {base.py:271} INFO - POST http://elasticsearch:9200/_bulk [status:200 request:0.193s]
[2025-04-14T02:15:46.183+0000] {base.py:271} INFO - POST http://elasticsearch:9200/_bulk [status:200 request:0.163s]
[2025-04-14T02:15:46.339+0000] {base.py:271} INFO - POST http://elasticsearch:9200/_bulk [status:200 request:0.136s]
[2025-04-14T02:15:46.537+0000] {base.py:271} INFO - POST http://elasticsearch:9200/_bulk [status:200 request:0.177s]
[2025-04-14T02:15:46.781+0000] {base.py:271} INFO - POST http://elasticsearch:9200/_bulk [status:200 request:0.220s]
[2025-04-14T02:15:46.953+0000] {base.py:271} INFO - POST http://elasticsearch:9200/_bulk [status:200 request:0.149s]
[2025-04-14T02:15:47.094+0000] {base.py:271} INFO - POST http://elasticsearch:9200/_bulk [status:200 request:0.119s]
[2025-04-14T02:15:47.241+0000] {base.py:271} INFO - POST http://elasticsearch:9200/_bulk [status:200 request:0.125s]
[2025-04-14T02:15:47.397+0000] {base.py:271} INFO - POST http://elasticsearch:9200/_bulk [status:200 request:0.136s]
[2025-04-14T02:15:47.666+0000] {base.py:271} INFO - POST http://elasticsearch:9200/_bulk [status:200 request:0.247s]
[2025-04-14T02:15:47.934+0000] {base.py:271} INFO - POST http://elasticsearch:9200/_bulk [status:200 request:0.229s]
[2025-04-14T02:15:48.228+0000] {base.py:271} INFO - POST http://elasticsearch:9200/_bulk [status:200 request:0.270s]
[2025-04-14T02:15:48.501+0000] {base.py:271} INFO - POST http://elasticsearch:9200/_bulk [status:200 request:0.242s]
[2025-04-14T02:15:48.807+0000] {base.py:271} INFO - POST http://elasticsearch:9200/_bulk [status:200 request:0.277s]
[2025-04-14T02:15:49.227+0000] {base.py:271} INFO - POST http://elasticsearch:9200/_bulk [status:200 request:0.383s]
[2025-04-14T02:15:49.541+0000] {base.py:271} INFO - POST http://elasticsearch:9200/_bulk [status:200 request:0.285s]
[2025-04-14T02:15:49.861+0000] {base.py:271} INFO - POST http://elasticsearch:9200/_bulk [status:200 request:0.295s]
[2025-04-14T02:15:50.263+0000] {base.py:271} INFO - POST http://elasticsearch:9200/_bulk [status:200 request:0.355s]
[2025-04-14T02:15:50.828+0000] {base.py:271} INFO - POST http://elasticsearch:9200/_bulk [status:200 request:0.525s]
[2025-04-14T02:15:51.270+0000] {base.py:271} INFO - POST http://elasticsearch:9200/_bulk [status:200 request:0.386s]
[2025-04-14T02:15:52.052+0000] {base.py:271} INFO - POST http://elasticsearch:9200/_bulk [status:200 request:0.706s]
[2025-04-14T02:15:52.528+0000] {base.py:271} INFO - POST http://elasticsearch:9200/_bulk [status:200 request:0.425s]
[2025-04-14T02:15:52.807+0000] {base.py:271} INFO - POST http://elasticsearch:9200/_bulk [status:200 request:0.236s]
[2025-04-14T02:15:53.076+0000] {base.py:271} INFO - POST http://elasticsearch:9200/_bulk [status:200 request:0.233s]
[2025-04-14T02:15:53.313+0000] {base.py:271} INFO - POST http://elasticsearch:9200/_bulk [status:200 request:0.210s]
[2025-04-14T02:15:53.577+0000] {base.py:271} INFO - POST http://elasticsearch:9200/_bulk [status:200 request:0.232s]
[2025-04-14T02:15:53.861+0000] {base.py:271} INFO - POST http://elasticsearch:9200/_bulk [status:200 request:0.240s]
[2025-04-14T02:15:54.123+0000] {base.py:271} INFO - POST http://elasticsearch:9200/_bulk [status:200 request:0.219s]
[2025-04-14T02:15:54.385+0000] {base.py:271} INFO - POST http://elasticsearch:9200/_bulk [status:200 request:0.232s]
[2025-04-14T02:15:54.609+0000] {base.py:271} INFO - POST http://elasticsearch:9200/_bulk [status:200 request:0.197s]
[2025-04-14T02:15:54.843+0000] {base.py:271} INFO - POST http://elasticsearch:9200/_bulk [status:200 request:0.207s]
[2025-04-14T02:15:55.028+0000] {base.py:271} INFO - POST http://elasticsearch:9200/_bulk [status:200 request:0.159s]
[2025-04-14T02:15:55.234+0000] {base.py:271} INFO - POST http://elasticsearch:9200/_bulk [status:200 request:0.184s]
[2025-04-14T02:15:55.428+0000] {base.py:271} INFO - POST http://elasticsearch:9200/_bulk [status:200 request:0.169s]
[2025-04-14T02:15:55.599+0000] {base.py:271} INFO - POST http://elasticsearch:9200/_bulk [status:200 request:0.134s]
[2025-04-14T02:15:55.766+0000] {base.py:271} INFO - POST http://elasticsearch:9200/_bulk [status:200 request:0.141s]
[2025-04-14T02:15:56.033+0000] {base.py:271} INFO - POST http://elasticsearch:9200/_bulk [status:200 request:0.238s]
[2025-04-14T02:15:56.283+0000] {base.py:271} INFO - POST http://elasticsearch:9200/_bulk [status:200 request:0.206s]
[2025-04-14T02:15:56.543+0000] {base.py:271} INFO - POST http://elasticsearch:9200/_bulk [status:200 request:0.226s]
[2025-04-14T02:15:56.779+0000] {base.py:271} INFO - POST http://elasticsearch:9200/_bulk [status:200 request:0.202s]
[2025-04-14T02:15:56.985+0000] {base.py:271} INFO - POST http://elasticsearch:9200/_bulk [status:200 request:0.181s]
[2025-04-14T02:15:57.193+0000] {base.py:271} INFO - POST http://elasticsearch:9200/_bulk [status:200 request:0.182s]
[2025-04-14T02:15:57.329+0000] {base.py:271} INFO - POST http://elasticsearch:9200/_bulk [status:200 request:0.111s]
[2025-04-14T02:15:57.572+0000] {base.py:271} INFO - POST http://elasticsearch:9200/_bulk [status:200 request:0.221s]
[2025-04-14T02:15:57.965+0000] {base.py:271} INFO - POST http://elasticsearch:9200/_bulk [status:200 request:0.369s]
[2025-04-14T02:15:58.263+0000] {base.py:271} INFO - POST http://elasticsearch:9200/_bulk [status:200 request:0.260s]
[2025-04-14T02:15:58.490+0000] {base.py:271} INFO - POST http://elasticsearch:9200/_bulk [status:200 request:0.193s]
[2025-04-14T02:15:58.675+0000] {base.py:271} INFO - POST http://elasticsearch:9200/_bulk [status:200 request:0.163s]
[2025-04-14T02:15:58.874+0000] {base.py:271} INFO - POST http://elasticsearch:9200/_bulk [status:200 request:0.176s]
[2025-04-14T02:15:59.093+0000] {base.py:271} INFO - POST http://elasticsearch:9200/_bulk [status:200 request:0.192s]
[2025-04-14T02:15:59.283+0000] {base.py:271} INFO - POST http://elasticsearch:9200/_bulk [status:200 request:0.166s]
[2025-04-14T02:15:59.460+0000] {base.py:271} INFO - POST http://elasticsearch:9200/_bulk [status:200 request:0.155s]
[2025-04-14T02:15:59.605+0000] {base.py:271} INFO - POST http://elasticsearch:9200/_bulk [status:200 request:0.123s]
[2025-04-14T02:15:59.737+0000] {base.py:271} INFO - POST http://elasticsearch:9200/_bulk [status:200 request:0.108s]
[2025-04-14T02:15:59.896+0000] {base.py:271} INFO - POST http://elasticsearch:9200/_bulk [status:200 request:0.138s]
[2025-04-14T02:16:00.098+0000] {base.py:271} INFO - POST http://elasticsearch:9200/_bulk [status:200 request:0.181s]
[2025-04-14T02:16:00.338+0000] {base.py:271} INFO - POST http://elasticsearch:9200/_bulk [status:200 request:0.203s]
[2025-04-14T02:16:00.797+0000] {base.py:271} INFO - POST http://elasticsearch:9200/_bulk [status:200 request:0.424s]
[2025-04-14T02:16:01.245+0000] {base.py:271} INFO - POST http://elasticsearch:9200/_bulk [status:200 request:0.407s]
[2025-04-14T02:16:01.510+0000] {base.py:271} INFO - POST http://elasticsearch:9200/_bulk [status:200 request:0.228s]
[2025-04-14T02:16:01.794+0000] {base.py:271} INFO - POST http://elasticsearch:9200/_bulk [status:200 request:0.251s]
[2025-04-14T02:16:01.985+0000] {base.py:271} INFO - POST http://elasticsearch:9200/_bulk [status:200 request:0.162s]
[2025-04-14T02:16:02.187+0000] {base.py:271} INFO - POST http://elasticsearch:9200/_bulk [status:200 request:0.174s]
[2025-04-14T02:16:02.396+0000] {base.py:271} INFO - POST http://elasticsearch:9200/_bulk [status:200 request:0.187s]
[2025-04-14T02:16:02.623+0000] {base.py:271} INFO - POST http://elasticsearch:9200/_bulk [status:200 request:0.206s]
[2025-04-14T02:16:02.855+0000] {base.py:271} INFO - POST http://elasticsearch:9200/_bulk [status:200 request:0.202s]
[2025-04-14T02:16:03.144+0000] {base.py:271} INFO - POST http://elasticsearch:9200/_bulk [status:200 request:0.263s]
[2025-04-14T02:16:03.344+0000] {base.py:271} INFO - POST http://elasticsearch:9200/_bulk [status:200 request:0.176s]
[2025-04-14T02:16:03.543+0000] {base.py:271} INFO - POST http://elasticsearch:9200/_bulk [status:200 request:0.174s]
[2025-04-14T02:16:03.777+0000] {base.py:271} INFO - POST http://elasticsearch:9200/_bulk [status:200 request:0.205s]
[2025-04-14T02:16:03.942+0000] {base.py:271} INFO - POST http://elasticsearch:9200/_bulk [status:200 request:0.140s]
[2025-04-14T02:16:04.160+0000] {base.py:271} INFO - POST http://elasticsearch:9200/_bulk [status:200 request:0.196s]
[2025-04-14T02:16:04.425+0000] {base.py:271} INFO - POST http://elasticsearch:9200/_bulk [status:200 request:0.226s]
[2025-04-14T02:16:04.643+0000] {base.py:271} INFO - POST http://elasticsearch:9200/_bulk [status:200 request:0.190s]
[2025-04-14T02:16:04.875+0000] {base.py:271} INFO - POST http://elasticsearch:9200/_bulk [status:200 request:0.196s]
[2025-04-14T02:16:05.069+0000] {base.py:271} INFO - POST http://elasticsearch:9200/_bulk [status:200 request:0.167s]
[2025-04-14T02:16:05.244+0000] {base.py:271} INFO - POST http://elasticsearch:9200/_bulk [status:200 request:0.151s]
[2025-04-14T02:16:05.434+0000] {base.py:271} INFO - POST http://elasticsearch:9200/_bulk [status:200 request:0.162s]
[2025-04-14T02:16:05.653+0000] {base.py:271} INFO - POST http://elasticsearch:9200/_bulk [status:200 request:0.193s]
[2025-04-14T02:16:05.875+0000] {base.py:271} INFO - POST http://elasticsearch:9200/_bulk [status:200 request:0.172s]
[2025-04-14T02:16:06.089+0000] {base.py:271} INFO - POST http://elasticsearch:9200/_bulk [status:200 request:0.189s]
[2025-04-14T02:16:06.333+0000] {base.py:271} INFO - POST http://elasticsearch:9200/_bulk [status:200 request:0.211s]
[2025-04-14T02:16:06.507+0000] {base.py:271} INFO - POST http://elasticsearch:9200/_bulk [status:200 request:0.153s]
[2025-04-14T02:16:06.641+0000] {base.py:271} INFO - POST http://elasticsearch:9200/_bulk [status:200 request:0.115s]
[2025-04-14T02:16:06.825+0000] {base.py:271} INFO - POST http://elasticsearch:9200/_bulk [status:200 request:0.146s]
[2025-04-14T02:16:07.011+0000] {base.py:271} INFO - POST http://elasticsearch:9200/_bulk [status:200 request:0.162s]
[2025-04-14T02:16:07.167+0000] {base.py:271} INFO - POST http://elasticsearch:9200/_bulk [status:200 request:0.131s]
[2025-04-14T02:16:07.336+0000] {base.py:271} INFO - POST http://elasticsearch:9200/_bulk [status:200 request:0.139s]
[2025-04-14T02:16:07.523+0000] {base.py:271} INFO - POST http://elasticsearch:9200/_bulk [status:200 request:0.157s]
[2025-04-14T02:16:07.760+0000] {base.py:271} INFO - POST http://elasticsearch:9200/_bulk [status:200 request:0.206s]
[2025-04-14T02:16:07.974+0000] {base.py:271} INFO - POST http://elasticsearch:9200/_bulk [status:200 request:0.187s]
[2025-04-14T02:16:08.095+0000] {base.py:271} INFO - POST http://elasticsearch:9200/_bulk [status:200 request:0.091s]
[2025-04-14T02:16:08.277+0000] {base.py:271} INFO - POST http://elasticsearch:9200/_bulk [status:200 request:0.157s]
[2025-04-14T02:16:08.428+0000] {base.py:271} INFO - POST http://elasticsearch:9200/_bulk [status:200 request:0.117s]
[2025-04-14T02:16:08.644+0000] {base.py:271} INFO - POST http://elasticsearch:9200/_bulk [status:200 request:0.184s]
[2025-04-14T02:16:08.839+0000] {base.py:271} INFO - POST http://elasticsearch:9200/_bulk [status:200 request:0.160s]
[2025-04-14T02:16:08.973+0000] {base.py:271} INFO - POST http://elasticsearch:9200/_bulk [status:200 request:0.107s]
[2025-04-14T02:16:09.089+0000] {base.py:271} INFO - POST http://elasticsearch:9200/_bulk [status:200 request:0.092s]
[2025-04-14T02:16:09.253+0000] {base.py:271} INFO - POST http://elasticsearch:9200/_bulk [status:200 request:0.141s]
[2025-04-14T02:16:09.405+0000] {base.py:271} INFO - POST http://elasticsearch:9200/_bulk [status:200 request:0.128s]
[2025-04-14T02:16:09.595+0000] {base.py:271} INFO - POST http://elasticsearch:9200/_bulk [status:200 request:0.166s]
[2025-04-14T02:16:09.716+0000] {base.py:271} INFO - POST http://elasticsearch:9200/_bulk [status:200 request:0.098s]
[2025-04-14T02:16:10.142+0000] {base.py:271} INFO - POST http://elasticsearch:9200/_bulk [status:200 request:0.169s]
[2025-04-14T02:16:10.235+0000] {base.py:271} INFO - POST http://elasticsearch:9200/_bulk [status:200 request:0.068s]
[2025-04-14T02:16:10.304+0000] {base.py:271} INFO - POST http://elasticsearch:9200/_bulk [status:200 request:0.047s]
[2025-04-14T02:16:10.371+0000] {base.py:271} INFO - POST http://elasticsearch:9200/_bulk [status:200 request:0.045s]
[2025-04-14T02:16:10.444+0000] {base.py:271} INFO - POST http://elasticsearch:9200/_bulk [status:200 request:0.053s]
[2025-04-14T02:16:10.511+0000] {base.py:271} INFO - POST http://elasticsearch:9200/_bulk [status:200 request:0.047s]
[2025-04-14T02:16:10.615+0000] {base.py:271} INFO - POST http://elasticsearch:9200/_bulk [status:200 request:0.086s]
[2025-04-14T02:16:10.753+0000] {base.py:271} INFO - POST http://elasticsearch:9200/_bulk [status:200 request:0.115s]
[2025-04-14T02:16:10.882+0000] {base.py:271} INFO - POST http://elasticsearch:9200/_bulk [status:200 request:0.109s]
[2025-04-14T02:16:11.039+0000] {base.py:271} INFO - POST http://elasticsearch:9200/_bulk [status:200 request:0.136s]
[2025-04-14T02:16:11.182+0000] {base.py:271} INFO - POST http://elasticsearch:9200/_bulk [status:200 request:0.122s]
[2025-04-14T02:16:11.324+0000] {base.py:271} INFO - POST http://elasticsearch:9200/_bulk [status:200 request:0.116s]
[2025-04-14T02:16:11.495+0000] {base.py:271} INFO - POST http://elasticsearch:9200/_bulk [status:200 request:0.149s]
[2025-04-14T02:16:11.626+0000] {base.py:271} INFO - POST http://elasticsearch:9200/_bulk [status:200 request:0.102s]
[2025-04-14T02:16:11.811+0000] {base.py:271} INFO - POST http://elasticsearch:9200/_bulk [status:200 request:0.159s]
[2025-04-14T02:16:12.020+0000] {base.py:271} INFO - POST http://elasticsearch:9200/_bulk [status:200 request:0.186s]
[2025-04-14T02:16:12.237+0000] {base.py:271} INFO - POST http://elasticsearch:9200/_bulk [status:200 request:0.185s]
[2025-04-14T02:16:12.514+0000] {base.py:271} INFO - POST http://elasticsearch:9200/_bulk [status:200 request:0.220s]
[2025-04-14T02:16:12.750+0000] {base.py:271} INFO - POST http://elasticsearch:9200/_bulk [status:200 request:0.198s]
[2025-04-14T02:16:12.875+0000] {base.py:271} INFO - POST http://elasticsearch:9200/_bulk [status:200 request:0.089s]
[2025-04-14T02:16:13.076+0000] {base.py:271} INFO - POST http://elasticsearch:9200/_bulk [status:200 request:0.167s]
[2025-04-14T02:16:13.273+0000] {base.py:271} INFO - POST http://elasticsearch:9200/_bulk [status:200 request:0.162s]
[2025-04-14T02:16:13.492+0000] {base.py:271} INFO - POST http://elasticsearch:9200/_bulk [status:200 request:0.177s]
[2025-04-14T02:16:13.796+0000] {base.py:271} INFO - POST http://elasticsearch:9200/_bulk [status:200 request:0.275s]
[2025-04-14T02:16:14.217+0000] {base.py:271} INFO - POST http://elasticsearch:9200/_bulk [status:200 request:0.334s]
[2025-04-14T02:16:14.383+0000] {base.py:271} INFO - POST http://elasticsearch:9200/_bulk [status:200 request:0.135s]
[2025-04-14T02:16:14.622+0000] {base.py:271} INFO - POST http://elasticsearch:9200/_bulk [status:200 request:0.193s]
[2025-04-14T02:16:14.924+0000] {base.py:271} INFO - POST http://elasticsearch:9200/_bulk [status:200 request:0.221s]
[2025-04-14T02:16:15.517+0000] {base.py:271} INFO - POST http://elasticsearch:9200/_bulk [status:200 request:0.501s]
[2025-04-14T02:16:15.722+0000] {base.py:271} INFO - POST http://elasticsearch:9200/_bulk [status:200 request:0.169s]
[2025-04-14T02:16:16.328+0000] {base.py:271} INFO - POST http://elasticsearch:9200/_bulk [status:200 request:0.488s]
[2025-04-14T02:16:16.666+0000] {base.py:271} INFO - POST http://elasticsearch:9200/_bulk [status:200 request:0.276s]
[2025-04-14T02:16:17.129+0000] {base.py:271} INFO - POST http://elasticsearch:9200/_bulk [status:200 request:0.403s]
[2025-04-14T02:16:17.337+0000] {base.py:271} INFO - POST http://elasticsearch:9200/_bulk [status:200 request:0.162s]
[2025-04-14T02:16:17.594+0000] {base.py:271} INFO - POST http://elasticsearch:9200/_bulk [status:200 request:0.217s]
[2025-04-14T02:16:17.775+0000] {base.py:271} INFO - POST http://elasticsearch:9200/_bulk [status:200 request:0.136s]
[2025-04-14T02:16:17.901+0000] {base.py:271} INFO - POST http://elasticsearch:9200/_bulk [status:200 request:0.090s]
[2025-04-14T02:16:18.065+0000] {base.py:271} INFO - POST http://elasticsearch:9200/_bulk [status:200 request:0.132s]
[2025-04-14T02:16:18.617+0000] {base.py:271} INFO - POST http://elasticsearch:9200/_bulk [status:200 request:0.518s]
[2025-04-14T02:16:20.007+0000] {base.py:271} INFO - POST http://elasticsearch:9200/_bulk [status:200 request:1.282s]
[2025-04-14T02:16:21.163+0000] {base.py:271} INFO - POST http://elasticsearch:9200/_bulk [status:200 request:1.009s]
[2025-04-14T02:16:22.037+0000] {base.py:271} INFO - POST http://elasticsearch:9200/_bulk [status:200 request:0.819s]
[2025-04-14T02:16:22.730+0000] {base.py:271} INFO - POST http://elasticsearch:9200/_bulk [status:200 request:0.648s]
[2025-04-14T02:16:23.048+0000] {base.py:271} INFO - POST http://elasticsearch:9200/_bulk [status:200 request:0.270s]
[2025-04-14T02:16:23.478+0000] {base.py:271} INFO - POST http://elasticsearch:9200/_bulk [status:200 request:0.331s]
[2025-04-14T02:16:23.778+0000] {base.py:271} INFO - POST http://elasticsearch:9200/_bulk [status:200 request:0.256s]
[2025-04-14T02:16:24.108+0000] {base.py:271} INFO - POST http://elasticsearch:9200/_bulk [status:200 request:0.282s]
[2025-04-14T02:16:24.399+0000] {base.py:271} INFO - POST http://elasticsearch:9200/_bulk [status:200 request:0.260s]
[2025-04-14T02:16:24.695+0000] {base.py:271} INFO - POST http://elasticsearch:9200/_bulk [status:200 request:0.258s]
[2025-04-14T02:16:25.064+0000] {base.py:271} INFO - POST http://elasticsearch:9200/_bulk [status:200 request:0.327s]
[2025-04-14T02:16:25.324+0000] {base.py:271} INFO - POST http://elasticsearch:9200/_bulk [status:200 request:0.228s]
[2025-04-14T02:16:25.583+0000] {base.py:271} INFO - POST http://elasticsearch:9200/_bulk [status:200 request:0.222s]
[2025-04-14T02:16:25.819+0000] {base.py:271} INFO - POST http://elasticsearch:9200/_bulk [status:200 request:0.205s]
[2025-04-14T02:16:26.045+0000] {base.py:271} INFO - POST http://elasticsearch:9200/_bulk [status:200 request:0.200s]
[2025-04-14T02:16:26.267+0000] {base.py:271} INFO - POST http://elasticsearch:9200/_bulk [status:200 request:0.196s]
[2025-04-14T02:16:26.479+0000] {base.py:271} INFO - POST http://elasticsearch:9200/_bulk [status:200 request:0.183s]
[2025-04-14T02:16:26.766+0000] {base.py:271} INFO - POST http://elasticsearch:9200/_bulk [status:200 request:0.260s]
[2025-04-14T02:16:27.006+0000] {base.py:271} INFO - POST http://elasticsearch:9200/_bulk [status:200 request:0.205s]
[2025-04-14T02:16:27.204+0000] {base.py:271} INFO - POST http://elasticsearch:9200/_bulk [status:200 request:0.171s]
[2025-04-14T02:16:27.350+0000] {base.py:271} INFO - POST http://elasticsearch:9200/_bulk [status:200 request:0.125s]
[2025-04-14T02:16:27.499+0000] {base.py:271} INFO - POST http://elasticsearch:9200/_bulk [status:200 request:0.127s]
[2025-04-14T02:16:27.673+0000] {base.py:271} INFO - POST http://elasticsearch:9200/_bulk [status:200 request:0.150s]
[2025-04-14T02:16:27.883+0000] {base.py:271} INFO - POST http://elasticsearch:9200/_bulk [status:200 request:0.173s]
[2025-04-14T02:16:28.055+0000] {base.py:271} INFO - POST http://elasticsearch:9200/_bulk [status:200 request:0.147s]
[2025-04-14T02:16:28.223+0000] {base.py:271} INFO - POST http://elasticsearch:9200/_bulk [status:200 request:0.140s]
[2025-04-14T02:16:28.416+0000] {base.py:271} INFO - POST http://elasticsearch:9200/_bulk [status:200 request:0.169s]
[2025-04-14T02:16:28.534+0000] {base.py:271} INFO - POST http://elasticsearch:9200/_bulk [status:200 request:0.094s]
[2025-04-14T02:16:28.695+0000] {base.py:271} INFO - POST http://elasticsearch:9200/_bulk [status:200 request:0.102s]
[2025-04-14T02:16:28.892+0000] {base.py:271} INFO - POST http://elasticsearch:9200/_bulk [status:200 request:0.170s]
[2025-04-14T02:16:29.295+0000] {base.py:271} INFO - POST http://elasticsearch:9200/_bulk [status:200 request:0.352s]
[2025-04-14T02:16:30.090+0000] {base.py:271} INFO - POST http://elasticsearch:9200/_bulk [status:200 request:0.753s]
[2025-04-14T02:16:30.474+0000] {base.py:271} INFO - POST http://elasticsearch:9200/_bulk [status:200 request:0.284s]
[2025-04-14T02:16:30.674+0000] {base.py:271} INFO - POST http://elasticsearch:9200/_bulk [status:200 request:0.138s]
[2025-04-14T02:16:30.849+0000] {base.py:271} INFO - POST http://elasticsearch:9200/_bulk [status:200 request:0.112s]
[2025-04-14T02:16:30.972+0000] {base.py:271} INFO - POST http://elasticsearch:9200/_bulk [status:200 request:0.079s]
[2025-04-14T02:16:31.083+0000] {base.py:271} INFO - POST http://elasticsearch:9200/_bulk [status:200 request:0.069s]
[2025-04-14T02:16:31.196+0000] {base.py:271} INFO - POST http://elasticsearch:9200/_bulk [status:200 request:0.080s]
[2025-04-14T02:16:31.397+0000] {base.py:271} INFO - POST http://elasticsearch:9200/_bulk [status:200 request:0.158s]
[2025-04-14T02:16:31.497+0000] {base.py:271} INFO - POST http://elasticsearch:9200/_bulk [status:200 request:0.059s]
[2025-04-14T02:16:31.615+0000] {base.py:271} INFO - POST http://elasticsearch:9200/_bulk [status:200 request:0.084s]
[2025-04-14T02:16:31.769+0000] {base.py:271} INFO - POST http://elasticsearch:9200/_bulk [status:200 request:0.112s]
[2025-04-14T02:16:31.912+0000] {base.py:271} INFO - POST http://elasticsearch:9200/_bulk [status:200 request:0.102s]
[2025-04-14T02:16:32.037+0000] {base.py:271} INFO - POST http://elasticsearch:9200/_bulk [status:200 request:0.079s]
[2025-04-14T02:16:32.129+0000] {base.py:271} INFO - POST http://elasticsearch:9200/_bulk [status:200 request:0.060s]
[2025-04-14T02:16:32.214+0000] {base.py:271} INFO - POST http://elasticsearch:9200/_bulk [status:200 request:0.057s]
[2025-04-14T02:16:32.301+0000] {base.py:271} INFO - POST http://elasticsearch:9200/_bulk [status:200 request:0.056s]
[2025-04-14T02:16:32.382+0000] {base.py:271} INFO - POST http://elasticsearch:9200/_bulk [status:200 request:0.055s]
[2025-04-14T02:16:32.540+0000] {base.py:271} INFO - POST http://elasticsearch:9200/_bulk [status:200 request:0.130s]
[2025-04-14T02:16:32.630+0000] {base.py:271} INFO - POST http://elasticsearch:9200/_bulk [status:200 request:0.056s]
[2025-04-14T02:16:32.749+0000] {base.py:271} INFO - POST http://elasticsearch:9200/_bulk [status:200 request:0.076s]
[2025-04-14T02:16:32.849+0000] {base.py:271} INFO - POST http://elasticsearch:9200/_bulk [status:200 request:0.065s]
[2025-04-14T02:16:32.986+0000] {base.py:271} INFO - POST http://elasticsearch:9200/_bulk [status:200 request:0.092s]
[2025-04-14T02:16:33.242+0000] {base.py:271} INFO - POST http://elasticsearch:9200/_bulk [status:200 request:0.210s]
[2025-04-14T02:16:33.394+0000] {base.py:271} INFO - POST http://elasticsearch:9200/_bulk [status:200 request:0.090s]
[2025-04-14T02:16:33.500+0000] {base.py:271} INFO - POST http://elasticsearch:9200/_bulk [status:200 request:0.069s]
[2025-04-14T02:16:33.620+0000] {base.py:271} INFO - POST http://elasticsearch:9200/_bulk [status:200 request:0.072s]
[2025-04-14T02:16:33.753+0000] {base.py:271} INFO - POST http://elasticsearch:9200/_bulk [status:200 request:0.094s]
[2025-04-14T02:16:33.850+0000] {base.py:271} INFO - POST http://elasticsearch:9200/_bulk [status:200 request:0.064s]
[2025-04-14T02:16:33.855+0000] {logging_mixin.py:115} INFO - 117481 documents indexed to Elasticsearch 'table_m3'.
[2025-04-14T02:16:34.152+0000] {python.py:173} INFO - Done. Returned value was: None
[2025-04-14T02:16:34.207+0000] {taskinstance.py:1412} INFO - Marking task as SUCCESS. dag_id=M3_GA_pipeline, task_id=post_to_elasticsearch, execution_date=20250414T021442, start_date=20250414T021513, end_date=20250414T021634
[2025-04-14T02:16:34.285+0000] {local_task_job.py:156} INFO - Task exited with return code 0
[2025-04-14T02:16:34.375+0000] {local_task_job.py:279} INFO - 0 downstream tasks scheduled from follow-on schedule check
