[2025-04-14T02:14:53.918+0000] {taskinstance.py:1171} INFO - Dependencies all met for <TaskInstance: M3_GA_pipeline.data_cleaning manual__2025-04-14T02:14:42.629532+00:00 [queued]>
[2025-04-14T02:14:53.937+0000] {taskinstance.py:1171} INFO - Dependencies all met for <TaskInstance: M3_GA_pipeline.data_cleaning manual__2025-04-14T02:14:42.629532+00:00 [queued]>
[2025-04-14T02:14:53.937+0000] {taskinstance.py:1368} INFO - 
--------------------------------------------------------------------------------
[2025-04-14T02:14:53.938+0000] {taskinstance.py:1369} INFO - Starting attempt 1 of 1
[2025-04-14T02:14:53.938+0000] {taskinstance.py:1370} INFO - 
--------------------------------------------------------------------------------
[2025-04-14T02:14:53.971+0000] {taskinstance.py:1389} INFO - Executing <Task(PythonOperator): data_cleaning> on 2025-04-14 02:14:42.629532+00:00
[2025-04-14T02:14:53.980+0000] {standard_task_runner.py:52} INFO - Started process 776 to run task
[2025-04-14T02:14:53.985+0000] {standard_task_runner.py:79} INFO - Running: ['***', 'tasks', 'run', 'M3_GA_pipeline', 'data_cleaning', 'manual__2025-04-14T02:14:42.629532+00:00', '--job-id', '35', '--raw', '--subdir', 'DAGS_FOLDER/P2M3_galuh_alifani_DAG.py', '--cfg-path', '/tmp/tmp648wobwt', '--error-file', '/tmp/tmpyhj8f3je']
[2025-04-14T02:14:53.987+0000] {standard_task_runner.py:80} INFO - Job 35: Subtask data_cleaning
[2025-04-14T02:14:54.157+0000] {task_command.py:371} INFO - Running <TaskInstance: M3_GA_pipeline.data_cleaning manual__2025-04-14T02:14:42.629532+00:00 [running]> on host 3a167a6250ea
[2025-04-14T02:14:54.312+0000] {taskinstance.py:1583} INFO - Exporting the following env vars:
AIRFLOW_CTX_DAG_OWNER=Galuh
AIRFLOW_CTX_DAG_ID=M3_GA_pipeline
AIRFLOW_CTX_TASK_ID=data_cleaning
AIRFLOW_CTX_EXECUTION_DATE=2025-04-14T02:14:42.629532+00:00
AIRFLOW_CTX_TRY_NUMBER=1
AIRFLOW_CTX_DAG_RUN_ID=manual__2025-04-14T02:14:42.629532+00:00
[2025-04-14T02:15:10.936+0000] {logging_mixin.py:115} INFO - data has been cleaned
[2025-04-14T02:15:11.083+0000] {python.py:173} INFO - Done. Returned value was: None
[2025-04-14T02:15:11.119+0000] {taskinstance.py:1412} INFO - Marking task as SUCCESS. dag_id=M3_GA_pipeline, task_id=data_cleaning, execution_date=20250414T021442, start_date=20250414T021453, end_date=20250414T021511
[2025-04-14T02:15:11.166+0000] {local_task_job.py:156} INFO - Task exited with return code 0
[2025-04-14T02:15:11.236+0000] {local_task_job.py:279} INFO - 1 downstream tasks scheduled from follow-on schedule check
