[2025-04-14T07:43:06.473+0000] {taskinstance.py:1171} INFO - Dependencies all met for <TaskInstance: M3_GA_pipeline.post_to_elasticsearch manual__2025-04-14T07:42:40.464504+00:00 [queued]>
[2025-04-14T07:43:06.500+0000] {taskinstance.py:1171} INFO - Dependencies all met for <TaskInstance: M3_GA_pipeline.post_to_elasticsearch manual__2025-04-14T07:42:40.464504+00:00 [queued]>
[2025-04-14T07:43:06.500+0000] {taskinstance.py:1368} INFO - 
--------------------------------------------------------------------------------
[2025-04-14T07:43:06.501+0000] {taskinstance.py:1369} INFO - Starting attempt 1 of 1
[2025-04-14T07:43:06.502+0000] {taskinstance.py:1370} INFO - 
--------------------------------------------------------------------------------
[2025-04-14T07:43:06.539+0000] {taskinstance.py:1389} INFO - Executing <Task(PythonOperator): post_to_elasticsearch> on 2025-04-14 07:42:40.464504+00:00
[2025-04-14T07:43:06.557+0000] {standard_task_runner.py:52} INFO - Started process 1666 to run task
[2025-04-14T07:43:06.560+0000] {standard_task_runner.py:79} INFO - Running: ['***', 'tasks', 'run', 'M3_GA_pipeline', 'post_to_elasticsearch', 'manual__2025-04-14T07:42:40.464504+00:00', '--job-id', '55', '--raw', '--subdir', 'DAGS_FOLDER/P2M3_galuh_alifani_DAG.py', '--cfg-path', '/tmp/tmp7nbc9vim', '--error-file', '/tmp/tmp5sc_bufy']
[2025-04-14T07:43:06.563+0000] {standard_task_runner.py:80} INFO - Job 55: Subtask post_to_elasticsearch
[2025-04-14T07:43:06.860+0000] {task_command.py:371} INFO - Running <TaskInstance: M3_GA_pipeline.post_to_elasticsearch manual__2025-04-14T07:42:40.464504+00:00 [running]> on host b652548eb1f7
[2025-04-14T07:43:07.153+0000] {taskinstance.py:1583} INFO - Exporting the following env vars:
AIRFLOW_CTX_DAG_OWNER=Galuh
AIRFLOW_CTX_DAG_ID=M3_GA_pipeline
AIRFLOW_CTX_TASK_ID=post_to_elasticsearch
AIRFLOW_CTX_EXECUTION_DATE=2025-04-14T07:42:40.464504+00:00
AIRFLOW_CTX_TRY_NUMBER=1
AIRFLOW_CTX_DAG_RUN_ID=manual__2025-04-14T07:42:40.464504+00:00
[2025-04-14T07:43:07.170+0000] {base.py:271} INFO - HEAD http://elasticsearch:9200/table_m3 [status:200 request:0.012s]
[2025-04-14T07:43:07.319+0000] {base.py:271} INFO - DELETE http://elasticsearch:9200/table_m3 [status:200 request:0.148s]
[2025-04-14T07:43:28.756+0000] {base.py:271} INFO - POST http://elasticsearch:9200/_bulk [status:200 request:0.646s]
[2025-04-14T07:43:29.026+0000] {base.py:271} INFO - POST http://elasticsearch:9200/_bulk [status:200 request:0.236s]
[2025-04-14T07:43:29.298+0000] {base.py:271} INFO - POST http://elasticsearch:9200/_bulk [status:200 request:0.244s]
[2025-04-14T07:43:29.564+0000] {base.py:271} INFO - POST http://elasticsearch:9200/_bulk [status:200 request:0.239s]
[2025-04-14T07:43:29.784+0000] {base.py:271} INFO - POST http://elasticsearch:9200/_bulk [status:200 request:0.197s]
[2025-04-14T07:43:30.102+0000] {base.py:271} INFO - POST http://elasticsearch:9200/_bulk [status:200 request:0.285s]
[2025-04-14T07:43:30.395+0000] {base.py:271} INFO - POST http://elasticsearch:9200/_bulk [status:200 request:0.250s]
[2025-04-14T07:43:30.643+0000] {base.py:271} INFO - POST http://elasticsearch:9200/_bulk [status:200 request:0.220s]
[2025-04-14T07:43:30.865+0000] {base.py:271} INFO - POST http://elasticsearch:9200/_bulk [status:200 request:0.196s]
[2025-04-14T07:43:31.094+0000] {base.py:271} INFO - POST http://elasticsearch:9200/_bulk [status:200 request:0.202s]
[2025-04-14T07:43:31.294+0000] {base.py:271} INFO - POST http://elasticsearch:9200/_bulk [status:200 request:0.176s]
[2025-04-14T07:43:31.531+0000] {base.py:271} INFO - POST http://elasticsearch:9200/_bulk [status:200 request:0.212s]
[2025-04-14T07:43:31.747+0000] {base.py:271} INFO - POST http://elasticsearch:9200/_bulk [status:200 request:0.187s]
[2025-04-14T07:43:31.940+0000] {base.py:271} INFO - POST http://elasticsearch:9200/_bulk [status:200 request:0.170s]
[2025-04-14T07:43:32.118+0000] {base.py:271} INFO - POST http://elasticsearch:9200/_bulk [status:200 request:0.157s]
[2025-04-14T07:43:32.307+0000] {base.py:271} INFO - POST http://elasticsearch:9200/_bulk [status:200 request:0.167s]
[2025-04-14T07:43:32.499+0000] {base.py:271} INFO - POST http://elasticsearch:9200/_bulk [status:200 request:0.172s]
[2025-04-14T07:43:32.707+0000] {base.py:271} INFO - POST http://elasticsearch:9200/_bulk [status:200 request:0.186s]
[2025-04-14T07:43:32.916+0000] {base.py:271} INFO - POST http://elasticsearch:9200/_bulk [status:200 request:0.185s]
[2025-04-14T07:43:33.101+0000] {base.py:271} INFO - POST http://elasticsearch:9200/_bulk [status:200 request:0.164s]
[2025-04-14T07:43:33.338+0000] {base.py:271} INFO - POST http://elasticsearch:9200/_bulk [status:200 request:0.210s]
[2025-04-14T07:43:33.541+0000] {base.py:271} INFO - POST http://elasticsearch:9200/_bulk [status:200 request:0.180s]
[2025-04-14T07:43:33.840+0000] {base.py:271} INFO - POST http://elasticsearch:9200/_bulk [status:200 request:0.273s]
[2025-04-14T07:43:34.170+0000] {base.py:271} INFO - POST http://elasticsearch:9200/_bulk [status:200 request:0.287s]
[2025-04-14T07:43:34.486+0000] {base.py:271} INFO - POST http://elasticsearch:9200/_bulk [status:200 request:0.280s]
[2025-04-14T07:43:34.764+0000] {base.py:271} INFO - POST http://elasticsearch:9200/_bulk [status:200 request:0.246s]
[2025-04-14T07:43:35.009+0000] {base.py:271} INFO - POST http://elasticsearch:9200/_bulk [status:200 request:0.214s]
[2025-04-14T07:43:35.292+0000] {base.py:271} INFO - POST http://elasticsearch:9200/_bulk [status:200 request:0.255s]
[2025-04-14T07:43:35.564+0000] {base.py:271} INFO - POST http://elasticsearch:9200/_bulk [status:200 request:0.216s]
[2025-04-14T07:43:35.774+0000] {base.py:271} INFO - POST http://elasticsearch:9200/_bulk [status:200 request:0.187s]
[2025-04-14T07:43:35.986+0000] {base.py:271} INFO - POST http://elasticsearch:9200/_bulk [status:200 request:0.186s]
[2025-04-14T07:43:36.195+0000] {base.py:271} INFO - POST http://elasticsearch:9200/_bulk [status:200 request:0.187s]
[2025-04-14T07:43:36.389+0000] {base.py:271} INFO - POST http://elasticsearch:9200/_bulk [status:200 request:0.173s]
[2025-04-14T07:43:36.575+0000] {base.py:271} INFO - POST http://elasticsearch:9200/_bulk [status:200 request:0.165s]
[2025-04-14T07:43:36.769+0000] {base.py:271} INFO - POST http://elasticsearch:9200/_bulk [status:200 request:0.171s]
[2025-04-14T07:43:36.982+0000] {base.py:271} INFO - POST http://elasticsearch:9200/_bulk [status:200 request:0.192s]
[2025-04-14T07:43:37.200+0000] {base.py:271} INFO - POST http://elasticsearch:9200/_bulk [status:200 request:0.191s]
[2025-04-14T07:43:37.431+0000] {base.py:271} INFO - POST http://elasticsearch:9200/_bulk [status:200 request:0.207s]
[2025-04-14T07:43:37.675+0000] {base.py:271} INFO - POST http://elasticsearch:9200/_bulk [status:200 request:0.217s]
[2025-04-14T07:43:37.945+0000] {base.py:271} INFO - POST http://elasticsearch:9200/_bulk [status:200 request:0.237s]
[2025-04-14T07:43:38.196+0000] {base.py:271} INFO - POST http://elasticsearch:9200/_bulk [status:200 request:0.222s]
[2025-04-14T07:43:38.528+0000] {base.py:271} INFO - POST http://elasticsearch:9200/_bulk [status:200 request:0.285s]
[2025-04-14T07:43:38.800+0000] {base.py:271} INFO - POST http://elasticsearch:9200/_bulk [status:200 request:0.245s]
[2025-04-14T07:43:39.066+0000] {base.py:271} INFO - POST http://elasticsearch:9200/_bulk [status:200 request:0.235s]
[2025-04-14T07:43:39.296+0000] {base.py:271} INFO - POST http://elasticsearch:9200/_bulk [status:200 request:0.202s]
[2025-04-14T07:43:39.527+0000] {base.py:271} INFO - POST http://elasticsearch:9200/_bulk [status:200 request:0.203s]
[2025-04-14T07:43:39.737+0000] {base.py:271} INFO - POST http://elasticsearch:9200/_bulk [status:200 request:0.186s]
[2025-04-14T07:43:39.916+0000] {base.py:271} INFO - POST http://elasticsearch:9200/_bulk [status:200 request:0.155s]
[2025-04-14T07:43:40.103+0000] {base.py:271} INFO - POST http://elasticsearch:9200/_bulk [status:200 request:0.166s]
[2025-04-14T07:43:40.285+0000] {base.py:271} INFO - POST http://elasticsearch:9200/_bulk [status:200 request:0.164s]
[2025-04-14T07:43:40.476+0000] {base.py:271} INFO - POST http://elasticsearch:9200/_bulk [status:200 request:0.169s]
[2025-04-14T07:43:40.739+0000] {base.py:271} INFO - POST http://elasticsearch:9200/_bulk [status:200 request:0.237s]
[2025-04-14T07:43:41.031+0000] {base.py:271} INFO - POST http://elasticsearch:9200/_bulk [status:200 request:0.256s]
[2025-04-14T07:43:41.278+0000] {base.py:271} INFO - POST http://elasticsearch:9200/_bulk [status:200 request:0.217s]
[2025-04-14T07:43:41.531+0000] {base.py:271} INFO - POST http://elasticsearch:9200/_bulk [status:200 request:0.227s]
[2025-04-14T07:43:41.781+0000] {base.py:271} INFO - POST http://elasticsearch:9200/_bulk [status:200 request:0.215s]
[2025-04-14T07:43:42.248+0000] {base.py:271} INFO - POST http://elasticsearch:9200/_bulk [status:200 request:0.439s]
[2025-04-14T07:43:42.735+0000] {base.py:271} INFO - POST http://elasticsearch:9200/_bulk [status:200 request:0.425s]
[2025-04-14T07:43:43.159+0000] {base.py:271} INFO - POST http://elasticsearch:9200/_bulk [status:200 request:0.373s]
[2025-04-14T07:43:43.500+0000] {base.py:271} INFO - POST http://elasticsearch:9200/_bulk [status:200 request:0.301s]
[2025-04-14T07:43:43.744+0000] {base.py:271} INFO - POST http://elasticsearch:9200/_bulk [status:200 request:0.214s]
[2025-04-14T07:43:44.001+0000] {base.py:271} INFO - POST http://elasticsearch:9200/_bulk [status:200 request:0.228s]
[2025-04-14T07:43:44.213+0000] {base.py:271} INFO - POST http://elasticsearch:9200/_bulk [status:200 request:0.188s]
[2025-04-14T07:43:44.387+0000] {base.py:271} INFO - POST http://elasticsearch:9200/_bulk [status:200 request:0.153s]
[2025-04-14T07:43:44.620+0000] {base.py:271} INFO - POST http://elasticsearch:9200/_bulk [status:200 request:0.214s]
[2025-04-14T07:43:44.801+0000] {base.py:271} INFO - POST http://elasticsearch:9200/_bulk [status:200 request:0.158s]
[2025-04-14T07:43:45.056+0000] {base.py:271} INFO - POST http://elasticsearch:9200/_bulk [status:200 request:0.230s]
[2025-04-14T07:43:45.302+0000] {base.py:271} INFO - POST http://elasticsearch:9200/_bulk [status:200 request:0.217s]
[2025-04-14T07:43:45.476+0000] {base.py:271} INFO - POST http://elasticsearch:9200/_bulk [status:200 request:0.146s]
[2025-04-14T07:43:45.695+0000] {base.py:271} INFO - POST http://elasticsearch:9200/_bulk [status:200 request:0.192s]
[2025-04-14T07:43:45.902+0000] {base.py:271} INFO - POST http://elasticsearch:9200/_bulk [status:200 request:0.181s]
[2025-04-14T07:43:46.161+0000] {base.py:271} INFO - POST http://elasticsearch:9200/_bulk [status:200 request:0.223s]
[2025-04-14T07:43:46.447+0000] {base.py:271} INFO - POST http://elasticsearch:9200/_bulk [status:200 request:0.250s]
[2025-04-14T07:43:46.642+0000] {base.py:271} INFO - POST http://elasticsearch:9200/_bulk [status:200 request:0.157s]
[2025-04-14T07:43:46.825+0000] {base.py:271} INFO - POST http://elasticsearch:9200/_bulk [status:200 request:0.155s]
[2025-04-14T07:43:47.000+0000] {base.py:271} INFO - POST http://elasticsearch:9200/_bulk [status:200 request:0.151s]
[2025-04-14T07:43:47.140+0000] {base.py:271} INFO - POST http://elasticsearch:9200/_bulk [status:200 request:0.115s]
[2025-04-14T07:43:47.250+0000] {base.py:271} INFO - POST http://elasticsearch:9200/_bulk [status:200 request:0.087s]
[2025-04-14T07:43:47.348+0000] {base.py:271} INFO - POST http://elasticsearch:9200/_bulk [status:200 request:0.072s]
[2025-04-14T07:43:47.459+0000] {base.py:271} INFO - POST http://elasticsearch:9200/_bulk [status:200 request:0.089s]
[2025-04-14T07:43:47.587+0000] {base.py:271} INFO - POST http://elasticsearch:9200/_bulk [status:200 request:0.103s]
[2025-04-14T07:43:47.727+0000] {base.py:271} INFO - POST http://elasticsearch:9200/_bulk [status:200 request:0.108s]
[2025-04-14T07:43:47.843+0000] {base.py:271} INFO - POST http://elasticsearch:9200/_bulk [status:200 request:0.087s]
[2025-04-14T07:43:47.946+0000] {base.py:271} INFO - POST http://elasticsearch:9200/_bulk [status:200 request:0.082s]
[2025-04-14T07:43:48.062+0000] {base.py:271} INFO - POST http://elasticsearch:9200/_bulk [status:200 request:0.091s]
[2025-04-14T07:43:48.153+0000] {base.py:271} INFO - POST http://elasticsearch:9200/_bulk [status:200 request:0.068s]
[2025-04-14T07:43:48.239+0000] {base.py:271} INFO - POST http://elasticsearch:9200/_bulk [status:200 request:0.065s]
[2025-04-14T07:43:48.306+0000] {base.py:271} INFO - POST http://elasticsearch:9200/_bulk [status:200 request:0.045s]
[2025-04-14T07:43:48.380+0000] {base.py:271} INFO - POST http://elasticsearch:9200/_bulk [status:200 request:0.051s]
[2025-04-14T07:43:48.472+0000] {base.py:271} INFO - POST http://elasticsearch:9200/_bulk [status:200 request:0.072s]
[2025-04-14T07:43:48.547+0000] {base.py:271} INFO - POST http://elasticsearch:9200/_bulk [status:200 request:0.053s]
[2025-04-14T07:43:48.628+0000] {base.py:271} INFO - POST http://elasticsearch:9200/_bulk [status:200 request:0.057s]
[2025-04-14T07:43:48.734+0000] {base.py:271} INFO - POST http://elasticsearch:9200/_bulk [status:200 request:0.084s]
[2025-04-14T07:43:48.816+0000] {base.py:271} INFO - POST http://elasticsearch:9200/_bulk [status:200 request:0.060s]
[2025-04-14T07:43:48.892+0000] {base.py:271} INFO - POST http://elasticsearch:9200/_bulk [status:200 request:0.046s]
[2025-04-14T07:43:48.979+0000] {base.py:271} INFO - POST http://elasticsearch:9200/_bulk [status:200 request:0.062s]
[2025-04-14T07:43:49.058+0000] {base.py:271} INFO - POST http://elasticsearch:9200/_bulk [status:200 request:0.056s]
[2025-04-14T07:43:49.135+0000] {base.py:271} INFO - POST http://elasticsearch:9200/_bulk [status:200 request:0.052s]
[2025-04-14T07:43:49.207+0000] {base.py:271} INFO - POST http://elasticsearch:9200/_bulk [status:200 request:0.048s]
[2025-04-14T07:43:49.296+0000] {base.py:271} INFO - POST http://elasticsearch:9200/_bulk [status:200 request:0.062s]
[2025-04-14T07:43:49.393+0000] {base.py:271} INFO - POST http://elasticsearch:9200/_bulk [status:200 request:0.071s]
[2025-04-14T07:43:49.476+0000] {base.py:271} INFO - POST http://elasticsearch:9200/_bulk [status:200 request:0.057s]
[2025-04-14T07:43:49.567+0000] {base.py:271} INFO - POST http://elasticsearch:9200/_bulk [status:200 request:0.066s]
[2025-04-14T07:43:49.644+0000] {base.py:271} INFO - POST http://elasticsearch:9200/_bulk [status:200 request:0.053s]
[2025-04-14T07:43:49.719+0000] {base.py:271} INFO - POST http://elasticsearch:9200/_bulk [status:200 request:0.051s]
[2025-04-14T07:43:49.797+0000] {base.py:271} INFO - POST http://elasticsearch:9200/_bulk [status:200 request:0.056s]
[2025-04-14T07:43:49.903+0000] {base.py:271} INFO - POST http://elasticsearch:9200/_bulk [status:200 request:0.080s]
[2025-04-14T07:43:50.035+0000] {base.py:271} INFO - POST http://elasticsearch:9200/_bulk [status:200 request:0.093s]
[2025-04-14T07:43:50.176+0000] {base.py:271} INFO - POST http://elasticsearch:9200/_bulk [status:200 request:0.100s]
[2025-04-14T07:43:50.285+0000] {base.py:271} INFO - POST http://elasticsearch:9200/_bulk [status:200 request:0.075s]
[2025-04-14T07:43:50.531+0000] {base.py:271} INFO - POST http://elasticsearch:9200/_bulk [status:200 request:0.197s]
[2025-04-14T07:43:50.645+0000] {base.py:271} INFO - POST http://elasticsearch:9200/_bulk [status:200 request:0.080s]
[2025-04-14T07:43:50.747+0000] {base.py:271} INFO - POST http://elasticsearch:9200/_bulk [status:200 request:0.070s]
[2025-04-14T07:43:50.848+0000] {base.py:271} INFO - POST http://elasticsearch:9200/_bulk [status:200 request:0.070s]
[2025-04-14T07:43:50.949+0000] {base.py:271} INFO - POST http://elasticsearch:9200/_bulk [status:200 request:0.064s]
[2025-04-14T07:43:51.082+0000] {base.py:271} INFO - POST http://elasticsearch:9200/_bulk [status:200 request:0.099s]
[2025-04-14T07:43:51.219+0000] {base.py:271} INFO - POST http://elasticsearch:9200/_bulk [status:200 request:0.089s]
[2025-04-14T07:43:51.329+0000] {base.py:271} INFO - POST http://elasticsearch:9200/_bulk [status:200 request:0.074s]
[2025-04-14T07:43:51.429+0000] {base.py:271} INFO - POST http://elasticsearch:9200/_bulk [status:200 request:0.070s]
[2025-04-14T07:43:51.543+0000] {base.py:271} INFO - POST http://elasticsearch:9200/_bulk [status:200 request:0.084s]
[2025-04-14T07:43:51.644+0000] {base.py:271} INFO - POST http://elasticsearch:9200/_bulk [status:200 request:0.071s]
[2025-04-14T07:43:51.746+0000] {base.py:271} INFO - POST http://elasticsearch:9200/_bulk [status:200 request:0.070s]
[2025-04-14T07:43:51.832+0000] {base.py:271} INFO - POST http://elasticsearch:9200/_bulk [status:200 request:0.059s]
[2025-04-14T07:43:51.923+0000] {base.py:271} INFO - POST http://elasticsearch:9200/_bulk [status:200 request:0.063s]
[2025-04-14T07:43:52.007+0000] {base.py:271} INFO - POST http://elasticsearch:9200/_bulk [status:200 request:0.057s]
[2025-04-14T07:43:52.088+0000] {base.py:271} INFO - POST http://elasticsearch:9200/_bulk [status:200 request:0.056s]
[2025-04-14T07:43:52.193+0000] {base.py:271} INFO - POST http://elasticsearch:9200/_bulk [status:200 request:0.077s]
[2025-04-14T07:43:52.280+0000] {base.py:271} INFO - POST http://elasticsearch:9200/_bulk [status:200 request:0.059s]
[2025-04-14T07:43:52.377+0000] {base.py:271} INFO - POST http://elasticsearch:9200/_bulk [status:200 request:0.064s]
[2025-04-14T07:43:52.455+0000] {base.py:271} INFO - POST http://elasticsearch:9200/_bulk [status:200 request:0.053s]
[2025-04-14T07:43:52.534+0000] {base.py:271} INFO - POST http://elasticsearch:9200/_bulk [status:200 request:0.053s]
[2025-04-14T07:43:52.611+0000] {base.py:271} INFO - POST http://elasticsearch:9200/_bulk [status:200 request:0.055s]
[2025-04-14T07:43:52.699+0000] {base.py:271} INFO - POST http://elasticsearch:9200/_bulk [status:200 request:0.065s]
[2025-04-14T07:43:52.786+0000] {base.py:271} INFO - POST http://elasticsearch:9200/_bulk [status:200 request:0.065s]
[2025-04-14T07:43:52.866+0000] {base.py:271} INFO - POST http://elasticsearch:9200/_bulk [status:200 request:0.053s]
[2025-04-14T07:43:52.945+0000] {base.py:271} INFO - POST http://elasticsearch:9200/_bulk [status:200 request:0.055s]
[2025-04-14T07:43:53.018+0000] {base.py:271} INFO - POST http://elasticsearch:9200/_bulk [status:200 request:0.050s]
[2025-04-14T07:43:53.225+0000] {base.py:271} INFO - POST http://elasticsearch:9200/_bulk [status:200 request:0.050s]
[2025-04-14T07:43:53.301+0000] {base.py:271} INFO - POST http://elasticsearch:9200/_bulk [status:200 request:0.051s]
[2025-04-14T07:43:53.381+0000] {base.py:271} INFO - POST http://elasticsearch:9200/_bulk [status:200 request:0.055s]
[2025-04-14T07:43:53.460+0000] {base.py:271} INFO - POST http://elasticsearch:9200/_bulk [status:200 request:0.057s]
[2025-04-14T07:43:53.548+0000] {base.py:271} INFO - POST http://elasticsearch:9200/_bulk [status:200 request:0.059s]
[2025-04-14T07:43:53.629+0000] {base.py:271} INFO - POST http://elasticsearch:9200/_bulk [status:200 request:0.052s]
[2025-04-14T07:43:53.704+0000] {base.py:271} INFO - POST http://elasticsearch:9200/_bulk [status:200 request:0.051s]
[2025-04-14T07:43:53.789+0000] {base.py:271} INFO - POST http://elasticsearch:9200/_bulk [status:200 request:0.060s]
[2025-04-14T07:43:53.861+0000] {base.py:271} INFO - POST http://elasticsearch:9200/_bulk [status:200 request:0.049s]
[2025-04-14T07:43:53.955+0000] {base.py:271} INFO - POST http://elasticsearch:9200/_bulk [status:200 request:0.063s]
[2025-04-14T07:43:54.087+0000] {base.py:271} INFO - POST http://elasticsearch:9200/_bulk [status:200 request:0.101s]
[2025-04-14T07:43:54.208+0000] {base.py:271} INFO - POST http://elasticsearch:9200/_bulk [status:200 request:0.092s]
[2025-04-14T07:43:54.322+0000] {base.py:271} INFO - POST http://elasticsearch:9200/_bulk [status:200 request:0.082s]
[2025-04-14T07:43:54.413+0000] {base.py:271} INFO - POST http://elasticsearch:9200/_bulk [status:200 request:0.062s]
[2025-04-14T07:43:54.559+0000] {base.py:271} INFO - POST http://elasticsearch:9200/_bulk [status:200 request:0.102s]
[2025-04-14T07:43:54.733+0000] {base.py:271} INFO - POST http://elasticsearch:9200/_bulk [status:200 request:0.138s]
[2025-04-14T07:43:54.980+0000] {base.py:271} INFO - POST http://elasticsearch:9200/_bulk [status:200 request:0.217s]
[2025-04-14T07:43:55.065+0000] {base.py:271} INFO - POST http://elasticsearch:9200/_bulk [status:200 request:0.058s]
[2025-04-14T07:43:55.160+0000] {base.py:271} INFO - POST http://elasticsearch:9200/_bulk [status:200 request:0.063s]
[2025-04-14T07:43:55.255+0000] {base.py:271} INFO - POST http://elasticsearch:9200/_bulk [status:200 request:0.067s]
[2025-04-14T07:43:55.339+0000] {base.py:271} INFO - POST http://elasticsearch:9200/_bulk [status:200 request:0.058s]
[2025-04-14T07:43:55.421+0000] {base.py:271} INFO - POST http://elasticsearch:9200/_bulk [status:200 request:0.055s]
[2025-04-14T07:43:55.510+0000] {base.py:271} INFO - POST http://elasticsearch:9200/_bulk [status:200 request:0.060s]
[2025-04-14T07:43:55.588+0000] {base.py:271} INFO - POST http://elasticsearch:9200/_bulk [status:200 request:0.053s]
[2025-04-14T07:43:55.665+0000] {base.py:271} INFO - POST http://elasticsearch:9200/_bulk [status:200 request:0.053s]
[2025-04-14T07:43:55.743+0000] {base.py:271} INFO - POST http://elasticsearch:9200/_bulk [status:200 request:0.053s]
[2025-04-14T07:43:55.822+0000] {base.py:271} INFO - POST http://elasticsearch:9200/_bulk [status:200 request:0.054s]
[2025-04-14T07:43:55.903+0000] {base.py:271} INFO - POST http://elasticsearch:9200/_bulk [status:200 request:0.058s]
[2025-04-14T07:43:55.974+0000] {base.py:271} INFO - POST http://elasticsearch:9200/_bulk [status:200 request:0.047s]
[2025-04-14T07:43:56.043+0000] {base.py:271} INFO - POST http://elasticsearch:9200/_bulk [status:200 request:0.049s]
[2025-04-14T07:43:56.109+0000] {base.py:271} INFO - POST http://elasticsearch:9200/_bulk [status:200 request:0.044s]
[2025-04-14T07:43:56.173+0000] {base.py:271} INFO - POST http://elasticsearch:9200/_bulk [status:200 request:0.041s]
[2025-04-14T07:43:56.233+0000] {base.py:271} INFO - POST http://elasticsearch:9200/_bulk [status:200 request:0.041s]
[2025-04-14T07:43:56.313+0000] {base.py:271} INFO - POST http://elasticsearch:9200/_bulk [status:200 request:0.057s]
[2025-04-14T07:43:56.399+0000] {base.py:271} INFO - POST http://elasticsearch:9200/_bulk [status:200 request:0.057s]
[2025-04-14T07:43:56.464+0000] {base.py:271} INFO - POST http://elasticsearch:9200/_bulk [status:200 request:0.045s]
[2025-04-14T07:43:56.536+0000] {base.py:271} INFO - POST http://elasticsearch:9200/_bulk [status:200 request:0.051s]
[2025-04-14T07:43:56.604+0000] {base.py:271} INFO - POST http://elasticsearch:9200/_bulk [status:200 request:0.046s]
[2025-04-14T07:43:56.679+0000] {base.py:271} INFO - POST http://elasticsearch:9200/_bulk [status:200 request:0.054s]
[2025-04-14T07:43:56.749+0000] {base.py:271} INFO - POST http://elasticsearch:9200/_bulk [status:200 request:0.049s]
[2025-04-14T07:43:56.837+0000] {base.py:271} INFO - POST http://elasticsearch:9200/_bulk [status:200 request:0.064s]
[2025-04-14T07:43:56.937+0000] {base.py:271} INFO - POST http://elasticsearch:9200/_bulk [status:200 request:0.066s]
[2025-04-14T07:43:57.027+0000] {base.py:271} INFO - POST http://elasticsearch:9200/_bulk [status:200 request:0.051s]
[2025-04-14T07:43:57.111+0000] {base.py:271} INFO - POST http://elasticsearch:9200/_bulk [status:200 request:0.059s]
[2025-04-14T07:43:57.198+0000] {base.py:271} INFO - POST http://elasticsearch:9200/_bulk [status:200 request:0.059s]
[2025-04-14T07:43:57.282+0000] {base.py:271} INFO - POST http://elasticsearch:9200/_bulk [status:200 request:0.058s]
[2025-04-14T07:43:57.383+0000] {base.py:271} INFO - POST http://elasticsearch:9200/_bulk [status:200 request:0.064s]
[2025-04-14T07:43:57.465+0000] {base.py:271} INFO - POST http://elasticsearch:9200/_bulk [status:200 request:0.057s]
[2025-04-14T07:43:57.543+0000] {base.py:271} INFO - POST http://elasticsearch:9200/_bulk [status:200 request:0.054s]
[2025-04-14T07:43:57.620+0000] {base.py:271} INFO - POST http://elasticsearch:9200/_bulk [status:200 request:0.053s]
[2025-04-14T07:43:57.694+0000] {base.py:271} INFO - POST http://elasticsearch:9200/_bulk [status:200 request:0.049s]
[2025-04-14T07:43:57.765+0000] {base.py:271} INFO - POST http://elasticsearch:9200/_bulk [status:200 request:0.048s]
[2025-04-14T07:43:57.835+0000] {base.py:271} INFO - POST http://elasticsearch:9200/_bulk [status:200 request:0.047s]
[2025-04-14T07:43:57.923+0000] {base.py:271} INFO - POST http://elasticsearch:9200/_bulk [status:200 request:0.066s]
[2025-04-14T07:43:57.987+0000] {base.py:271} INFO - POST http://elasticsearch:9200/_bulk [status:200 request:0.042s]
[2025-04-14T07:43:58.084+0000] {base.py:271} INFO - POST http://elasticsearch:9200/_bulk [status:200 request:0.066s]
[2025-04-14T07:43:58.182+0000] {base.py:271} INFO - POST http://elasticsearch:9200/_bulk [status:200 request:0.065s]
[2025-04-14T07:43:58.285+0000] {base.py:271} INFO - POST http://elasticsearch:9200/_bulk [status:200 request:0.068s]
[2025-04-14T07:43:58.379+0000] {base.py:271} INFO - POST http://elasticsearch:9200/_bulk [status:200 request:0.063s]
[2025-04-14T07:43:58.464+0000] {base.py:271} INFO - POST http://elasticsearch:9200/_bulk [status:200 request:0.056s]
[2025-04-14T07:43:58.549+0000] {base.py:271} INFO - POST http://elasticsearch:9200/_bulk [status:200 request:0.057s]
[2025-04-14T07:43:58.633+0000] {base.py:271} INFO - POST http://elasticsearch:9200/_bulk [status:200 request:0.057s]
[2025-04-14T07:43:58.719+0000] {base.py:271} INFO - POST http://elasticsearch:9200/_bulk [status:200 request:0.060s]
[2025-04-14T07:43:58.795+0000] {base.py:271} INFO - POST http://elasticsearch:9200/_bulk [status:200 request:0.050s]
[2025-04-14T07:43:58.876+0000] {base.py:271} INFO - POST http://elasticsearch:9200/_bulk [status:200 request:0.056s]
[2025-04-14T07:43:58.963+0000] {base.py:271} INFO - POST http://elasticsearch:9200/_bulk [status:200 request:0.062s]
[2025-04-14T07:43:59.057+0000] {base.py:271} INFO - POST http://elasticsearch:9200/_bulk [status:200 request:0.067s]
[2025-04-14T07:43:59.148+0000] {base.py:271} INFO - POST http://elasticsearch:9200/_bulk [status:200 request:0.060s]
[2025-04-14T07:43:59.246+0000] {base.py:271} INFO - POST http://elasticsearch:9200/_bulk [status:200 request:0.060s]
[2025-04-14T07:43:59.330+0000] {base.py:271} INFO - POST http://elasticsearch:9200/_bulk [status:200 request:0.057s]
[2025-04-14T07:43:59.410+0000] {base.py:271} INFO - POST http://elasticsearch:9200/_bulk [status:200 request:0.052s]
[2025-04-14T07:43:59.490+0000] {base.py:271} INFO - POST http://elasticsearch:9200/_bulk [status:200 request:0.056s]
[2025-04-14T07:43:59.586+0000] {base.py:271} INFO - POST http://elasticsearch:9200/_bulk [status:200 request:0.070s]
[2025-04-14T07:43:59.675+0000] {base.py:271} INFO - POST http://elasticsearch:9200/_bulk [status:200 request:0.063s]
[2025-04-14T07:43:59.771+0000] {base.py:271} INFO - POST http://elasticsearch:9200/_bulk [status:200 request:0.072s]
[2025-04-14T07:43:59.860+0000] {base.py:271} INFO - POST http://elasticsearch:9200/_bulk [status:200 request:0.066s]
[2025-04-14T07:43:59.940+0000] {base.py:271} INFO - POST http://elasticsearch:9200/_bulk [status:200 request:0.056s]
[2025-04-14T07:44:00.015+0000] {base.py:271} INFO - POST http://elasticsearch:9200/_bulk [status:200 request:0.051s]
[2025-04-14T07:44:00.085+0000] {base.py:271} INFO - POST http://elasticsearch:9200/_bulk [status:200 request:0.047s]
[2025-04-14T07:44:00.154+0000] {base.py:271} INFO - POST http://elasticsearch:9200/_bulk [status:200 request:0.045s]
[2025-04-14T07:44:00.218+0000] {base.py:271} INFO - POST http://elasticsearch:9200/_bulk [status:200 request:0.043s]
[2025-04-14T07:44:00.278+0000] {base.py:271} INFO - POST http://elasticsearch:9200/_bulk [status:200 request:0.041s]
[2025-04-14T07:44:00.355+0000] {base.py:271} INFO - POST http://elasticsearch:9200/_bulk [status:200 request:0.055s]
[2025-04-14T07:44:00.421+0000] {base.py:271} INFO - POST http://elasticsearch:9200/_bulk [status:200 request:0.043s]
[2025-04-14T07:44:00.487+0000] {base.py:271} INFO - POST http://elasticsearch:9200/_bulk [status:200 request:0.045s]
[2025-04-14T07:44:00.556+0000] {base.py:271} INFO - POST http://elasticsearch:9200/_bulk [status:200 request:0.045s]
[2025-04-14T07:44:00.622+0000] {base.py:271} INFO - POST http://elasticsearch:9200/_bulk [status:200 request:0.046s]
[2025-04-14T07:44:00.693+0000] {base.py:271} INFO - POST http://elasticsearch:9200/_bulk [status:200 request:0.049s]
[2025-04-14T07:44:00.761+0000] {base.py:271} INFO - POST http://elasticsearch:9200/_bulk [status:200 request:0.045s]
[2025-04-14T07:44:00.828+0000] {base.py:271} INFO - POST http://elasticsearch:9200/_bulk [status:200 request:0.046s]
[2025-04-14T07:44:00.891+0000] {base.py:271} INFO - POST http://elasticsearch:9200/_bulk [status:200 request:0.043s]
[2025-04-14T07:44:00.954+0000] {base.py:271} INFO - POST http://elasticsearch:9200/_bulk [status:200 request:0.041s]
[2025-04-14T07:44:01.021+0000] {base.py:271} INFO - POST http://elasticsearch:9200/_bulk [status:200 request:0.046s]
[2025-04-14T07:44:01.085+0000] {base.py:271} INFO - POST http://elasticsearch:9200/_bulk [status:200 request:0.043s]
[2025-04-14T07:44:01.149+0000] {base.py:271} INFO - POST http://elasticsearch:9200/_bulk [status:200 request:0.042s]
[2025-04-14T07:44:01.212+0000] {base.py:271} INFO - POST http://elasticsearch:9200/_bulk [status:200 request:0.043s]
[2025-04-14T07:44:01.287+0000] {base.py:271} INFO - POST http://elasticsearch:9200/_bulk [status:200 request:0.054s]
[2025-04-14T07:44:01.373+0000] {base.py:271} INFO - POST http://elasticsearch:9200/_bulk [status:200 request:0.063s]
[2025-04-14T07:44:01.377+0000] {logging_mixin.py:115} INFO - 117481 documents indexed to Elasticsearch 'table_m3'.
[2025-04-14T07:44:01.477+0000] {python.py:173} INFO - Done. Returned value was: None
[2025-04-14T07:44:01.537+0000] {taskinstance.py:1412} INFO - Marking task as SUCCESS. dag_id=M3_GA_pipeline, task_id=post_to_elasticsearch, execution_date=20250414T074240, start_date=20250414T074306, end_date=20250414T074401
[2025-04-14T07:44:01.608+0000] {local_task_job.py:156} INFO - Task exited with return code 0
[2025-04-14T07:44:01.688+0000] {local_task_job.py:279} INFO - 0 downstream tasks scheduled from follow-on schedule check
