[2025-04-14T07:32:21.483+0000] {taskinstance.py:1171} INFO - Dependencies all met for <TaskInstance: M3_GA_pipeline.data_cleaning manual__2025-04-14T07:32:08.176885+00:00 [queued]>
[2025-04-14T07:32:21.502+0000] {taskinstance.py:1171} INFO - Dependencies all met for <TaskInstance: M3_GA_pipeline.data_cleaning manual__2025-04-14T07:32:08.176885+00:00 [queued]>
[2025-04-14T07:32:21.502+0000] {taskinstance.py:1368} INFO - 
--------------------------------------------------------------------------------
[2025-04-14T07:32:21.503+0000] {taskinstance.py:1369} INFO - Starting attempt 1 of 1
[2025-04-14T07:32:21.503+0000] {taskinstance.py:1370} INFO - 
--------------------------------------------------------------------------------
[2025-04-14T07:32:21.531+0000] {taskinstance.py:1389} INFO - Executing <Task(PythonOperator): data_cleaning> on 2025-04-14 07:32:08.176885+00:00
[2025-04-14T07:32:21.541+0000] {standard_task_runner.py:52} INFO - Started process 1522 to run task
[2025-04-14T07:32:21.547+0000] {standard_task_runner.py:79} INFO - Running: ['***', 'tasks', 'run', 'M3_GA_pipeline', 'data_cleaning', 'manual__2025-04-14T07:32:08.176885+00:00', '--job-id', '51', '--raw', '--subdir', 'DAGS_FOLDER/P2M3_galuh_alifani_DAG.py', '--cfg-path', '/tmp/tmp815ointf', '--error-file', '/tmp/tmpmhp2uejc']
[2025-04-14T07:32:21.550+0000] {standard_task_runner.py:80} INFO - Job 51: Subtask data_cleaning
[2025-04-14T07:32:21.777+0000] {task_command.py:371} INFO - Running <TaskInstance: M3_GA_pipeline.data_cleaning manual__2025-04-14T07:32:08.176885+00:00 [running]> on host b652548eb1f7
[2025-04-14T07:32:22.019+0000] {taskinstance.py:1583} INFO - Exporting the following env vars:
AIRFLOW_CTX_DAG_OWNER=Galuh
AIRFLOW_CTX_DAG_ID=M3_GA_pipeline
AIRFLOW_CTX_TASK_ID=data_cleaning
AIRFLOW_CTX_EXECUTION_DATE=2025-04-14T07:32:08.176885+00:00
AIRFLOW_CTX_TRY_NUMBER=1
AIRFLOW_CTX_DAG_RUN_ID=manual__2025-04-14T07:32:08.176885+00:00
[2025-04-14T07:32:35.897+0000] {logging_mixin.py:115} INFO - data has been cleaned
[2025-04-14T07:32:36.083+0000] {python.py:173} INFO - Done. Returned value was: None
[2025-04-14T07:32:36.127+0000] {taskinstance.py:1412} INFO - Marking task as SUCCESS. dag_id=M3_GA_pipeline, task_id=data_cleaning, execution_date=20250414T073208, start_date=20250414T073221, end_date=20250414T073236
[2025-04-14T07:32:36.215+0000] {local_task_job.py:156} INFO - Task exited with return code 0
[2025-04-14T07:32:36.468+0000] {local_task_job.py:279} INFO - 0 downstream tasks scheduled from follow-on schedule check
