[2025-04-14T07:25:44.585+0000] {taskinstance.py:1171} INFO - Dependencies all met for <TaskInstance: M3_GA_pipeline.fetch_from_postgresql manual__2025-04-14T07:25:40.783711+00:00 [queued]>
[2025-04-14T07:25:44.629+0000] {taskinstance.py:1171} INFO - Dependencies all met for <TaskInstance: M3_GA_pipeline.fetch_from_postgresql manual__2025-04-14T07:25:40.783711+00:00 [queued]>
[2025-04-14T07:25:44.630+0000] {taskinstance.py:1368} INFO - 
--------------------------------------------------------------------------------
[2025-04-14T07:25:44.631+0000] {taskinstance.py:1369} INFO - Starting attempt 1 of 1
[2025-04-14T07:25:44.633+0000] {taskinstance.py:1370} INFO - 
--------------------------------------------------------------------------------
[2025-04-14T07:25:44.775+0000] {taskinstance.py:1389} INFO - Executing <Task(PythonOperator): fetch_from_postgresql> on 2025-04-14 07:25:40.783711+00:00
[2025-04-14T07:25:44.804+0000] {standard_task_runner.py:52} INFO - Started process 1374 to run task
[2025-04-14T07:25:44.824+0000] {standard_task_runner.py:79} INFO - Running: ['***', 'tasks', 'run', 'M3_GA_pipeline', 'fetch_from_postgresql', 'manual__2025-04-14T07:25:40.783711+00:00', '--job-id', '47', '--raw', '--subdir', 'DAGS_FOLDER/P2M3_galuh_alifani_DAG.py', '--cfg-path', '/tmp/tmpw0b_mm8u', '--error-file', '/tmp/tmp1bwaimf1']
[2025-04-14T07:25:44.829+0000] {standard_task_runner.py:80} INFO - Job 47: Subtask fetch_from_postgresql
[2025-04-14T07:25:45.408+0000] {task_command.py:371} INFO - Running <TaskInstance: M3_GA_pipeline.fetch_from_postgresql manual__2025-04-14T07:25:40.783711+00:00 [running]> on host b652548eb1f7
[2025-04-14T07:25:45.706+0000] {taskinstance.py:1583} INFO - Exporting the following env vars:
AIRFLOW_CTX_DAG_OWNER=Galuh
AIRFLOW_CTX_DAG_ID=M3_GA_pipeline
AIRFLOW_CTX_TASK_ID=fetch_from_postgresql
AIRFLOW_CTX_EXECUTION_DATE=2025-04-14T07:25:40.783711+00:00
AIRFLOW_CTX_TRY_NUMBER=1
AIRFLOW_CTX_DAG_RUN_ID=manual__2025-04-14T07:25:40.783711+00:00
[2025-04-14T07:25:49.862+0000] {logging_mixin.py:115} INFO - data has been loaded
[2025-04-14T07:25:49.958+0000] {python.py:173} INFO - Done. Returned value was: None
[2025-04-14T07:25:49.998+0000] {taskinstance.py:1412} INFO - Marking task as SUCCESS. dag_id=M3_GA_pipeline, task_id=fetch_from_postgresql, execution_date=20250414T072540, start_date=20250414T072544, end_date=20250414T072549
[2025-04-14T07:25:50.047+0000] {local_task_job.py:156} INFO - Task exited with return code 0
[2025-04-14T07:25:50.154+0000] {local_task_job.py:279} INFO - 1 downstream tasks scheduled from follow-on schedule check
