[2025-04-13T08:46:14.285+0000] {taskinstance.py:1171} INFO - Dependencies all met for <TaskInstance: M3_GA_pipeline.post_to_elasticsearch manual__2025-04-13T08:45:17.704667+00:00 [queued]>
[2025-04-13T08:46:14.318+0000] {taskinstance.py:1171} INFO - Dependencies all met for <TaskInstance: M3_GA_pipeline.post_to_elasticsearch manual__2025-04-13T08:45:17.704667+00:00 [queued]>
[2025-04-13T08:46:14.319+0000] {taskinstance.py:1368} INFO - 
--------------------------------------------------------------------------------
[2025-04-13T08:46:14.320+0000] {taskinstance.py:1369} INFO - Starting attempt 1 of 1
[2025-04-13T08:46:14.320+0000] {taskinstance.py:1370} INFO - 
--------------------------------------------------------------------------------
[2025-04-13T08:46:14.379+0000] {taskinstance.py:1389} INFO - Executing <Task(PythonOperator): post_to_elasticsearch> on 2025-04-13 08:45:17.704667+00:00
[2025-04-13T08:46:14.393+0000] {standard_task_runner.py:52} INFO - Started process 1729 to run task
[2025-04-13T08:46:14.402+0000] {standard_task_runner.py:79} INFO - Running: ['***', 'tasks', 'run', 'M3_GA_pipeline', 'post_to_elasticsearch', 'manual__2025-04-13T08:45:17.704667+00:00', '--job-id', '28', '--raw', '--subdir', 'DAGS_FOLDER/P2M3_galuh_alifani_DAG.py', '--cfg-path', '/tmp/tmp4bsxljv_', '--error-file', '/tmp/tmpss21cq89']
[2025-04-13T08:46:14.406+0000] {standard_task_runner.py:80} INFO - Job 28: Subtask post_to_elasticsearch
[2025-04-13T08:46:15.141+0000] {task_command.py:371} INFO - Running <TaskInstance: M3_GA_pipeline.post_to_elasticsearch manual__2025-04-13T08:45:17.704667+00:00 [running]> on host a0a67293f3f1
[2025-04-13T08:46:16.054+0000] {taskinstance.py:1583} INFO - Exporting the following env vars:
AIRFLOW_CTX_DAG_OWNER=Galuh
AIRFLOW_CTX_DAG_ID=M3_GA_pipeline
AIRFLOW_CTX_TASK_ID=post_to_elasticsearch
AIRFLOW_CTX_EXECUTION_DATE=2025-04-13T08:45:17.704667+00:00
AIRFLOW_CTX_TRY_NUMBER=1
AIRFLOW_CTX_DAG_RUN_ID=manual__2025-04-13T08:45:17.704667+00:00
[2025-04-13T08:46:40.013+0000] {base.py:271} INFO - POST http://elasticsearch:9200/_bulk [status:200 request:1.886s]
[2025-04-13T08:46:40.566+0000] {base.py:271} INFO - POST http://elasticsearch:9200/_bulk [status:200 request:0.513s]
[2025-04-13T08:46:41.262+0000] {base.py:271} INFO - POST http://elasticsearch:9200/_bulk [status:200 request:0.596s]
[2025-04-13T08:46:41.744+0000] {base.py:271} INFO - POST http://elasticsearch:9200/_bulk [status:200 request:0.395s]
[2025-04-13T08:46:42.170+0000] {base.py:271} INFO - POST http://elasticsearch:9200/_bulk [status:200 request:0.322s]
[2025-04-13T08:46:42.464+0000] {base.py:271} INFO - POST http://elasticsearch:9200/_bulk [status:200 request:0.256s]
[2025-04-13T08:46:43.049+0000] {base.py:271} INFO - POST http://elasticsearch:9200/_bulk [status:200 request:0.529s]
[2025-04-13T08:46:43.557+0000] {base.py:271} INFO - POST http://elasticsearch:9200/_bulk [status:200 request:0.373s]
[2025-04-13T08:46:44.053+0000] {base.py:271} INFO - POST http://elasticsearch:9200/_bulk [status:200 request:0.406s]
[2025-04-13T08:46:44.652+0000] {base.py:271} INFO - POST http://elasticsearch:9200/_bulk [status:200 request:0.554s]
[2025-04-13T08:46:45.221+0000] {base.py:271} INFO - POST http://elasticsearch:9200/_bulk [status:200 request:0.453s]
[2025-04-13T08:46:45.553+0000] {base.py:271} INFO - POST http://elasticsearch:9200/_bulk [status:200 request:0.294s]
[2025-04-13T08:46:46.013+0000] {base.py:271} INFO - POST http://elasticsearch:9200/_bulk [status:200 request:0.363s]
[2025-04-13T08:46:46.420+0000] {base.py:271} INFO - POST http://elasticsearch:9200/_bulk [status:200 request:0.343s]
[2025-04-13T08:46:46.703+0000] {base.py:271} INFO - POST http://elasticsearch:9200/_bulk [status:200 request:0.236s]
[2025-04-13T08:46:47.311+0000] {base.py:271} INFO - POST http://elasticsearch:9200/_bulk [status:200 request:0.369s]
[2025-04-13T08:46:48.040+0000] {base.py:271} INFO - POST http://elasticsearch:9200/_bulk [status:200 request:0.647s]
[2025-04-13T08:46:48.814+0000] {base.py:271} INFO - POST http://elasticsearch:9200/_bulk [status:200 request:0.667s]
[2025-04-13T08:46:49.138+0000] {base.py:271} INFO - POST http://elasticsearch:9200/_bulk [status:200 request:0.263s]
[2025-04-13T08:46:49.485+0000] {base.py:271} INFO - POST http://elasticsearch:9200/_bulk [status:200 request:0.296s]
[2025-04-13T08:46:49.856+0000] {base.py:271} INFO - POST http://elasticsearch:9200/_bulk [status:200 request:0.323s]
[2025-04-13T08:46:50.559+0000] {base.py:271} INFO - POST http://elasticsearch:9200/_bulk [status:200 request:0.623s]
[2025-04-13T08:46:50.823+0000] {base.py:271} INFO - POST http://elasticsearch:9200/_bulk [status:200 request:0.186s]
[2025-04-13T08:46:51.217+0000] {base.py:271} INFO - POST http://elasticsearch:9200/_bulk [status:200 request:0.341s]
[2025-04-13T08:46:51.472+0000] {base.py:271} INFO - POST http://elasticsearch:9200/_bulk [status:200 request:0.195s]
[2025-04-13T08:46:52.019+0000] {base.py:271} INFO - POST http://elasticsearch:9200/_bulk [status:200 request:0.506s]
[2025-04-13T08:46:52.595+0000] {base.py:271} INFO - POST http://elasticsearch:9200/_bulk [status:200 request:0.488s]
[2025-04-13T08:46:53.105+0000] {base.py:271} INFO - POST http://elasticsearch:9200/_bulk [status:200 request:0.413s]
[2025-04-13T08:46:53.371+0000] {base.py:271} INFO - POST http://elasticsearch:9200/_bulk [status:200 request:0.241s]
[2025-04-13T08:46:53.554+0000] {base.py:271} INFO - POST http://elasticsearch:9200/_bulk [status:200 request:0.158s]
[2025-04-13T08:46:53.807+0000] {base.py:271} INFO - POST http://elasticsearch:9200/_bulk [status:200 request:0.198s]
[2025-04-13T08:46:54.379+0000] {base.py:271} INFO - POST http://elasticsearch:9200/_bulk [status:200 request:0.528s]
[2025-04-13T08:46:55.100+0000] {base.py:271} INFO - POST http://elasticsearch:9200/_bulk [status:200 request:0.593s]
[2025-04-13T08:46:55.721+0000] {base.py:271} INFO - POST http://elasticsearch:9200/_bulk [status:200 request:0.538s]
[2025-04-13T08:46:56.385+0000] {base.py:271} INFO - POST http://elasticsearch:9200/_bulk [status:200 request:0.502s]
[2025-04-13T08:46:56.858+0000] {base.py:271} INFO - POST http://elasticsearch:9200/_bulk [status:200 request:0.368s]
[2025-04-13T08:46:57.158+0000] {base.py:271} INFO - POST http://elasticsearch:9200/_bulk [status:200 request:0.201s]
[2025-04-13T08:46:57.743+0000] {base.py:271} INFO - POST http://elasticsearch:9200/_bulk [status:200 request:0.503s]
[2025-04-13T08:46:58.125+0000] {base.py:271} INFO - POST http://elasticsearch:9200/_bulk [status:200 request:0.261s]
[2025-04-13T08:46:58.570+0000] {base.py:271} INFO - POST http://elasticsearch:9200/_bulk [status:200 request:0.334s]
[2025-04-13T08:46:58.913+0000] {base.py:271} INFO - POST http://elasticsearch:9200/_bulk [status:200 request:0.287s]
[2025-04-13T08:46:59.139+0000] {base.py:271} INFO - POST http://elasticsearch:9200/_bulk [status:200 request:0.181s]
[2025-04-13T08:46:59.566+0000] {base.py:271} INFO - POST http://elasticsearch:9200/_bulk [status:200 request:0.331s]
[2025-04-13T08:46:59.916+0000] {base.py:271} INFO - POST http://elasticsearch:9200/_bulk [status:200 request:0.244s]
[2025-04-13T08:47:00.095+0000] {base.py:271} INFO - POST http://elasticsearch:9200/_bulk [status:200 request:0.149s]
[2025-04-13T08:47:00.395+0000] {base.py:271} INFO - POST http://elasticsearch:9200/_bulk [status:200 request:0.267s]
[2025-04-13T08:47:00.893+0000] {base.py:271} INFO - POST http://elasticsearch:9200/_bulk [status:200 request:0.392s]
[2025-04-13T08:47:01.038+0000] {base.py:271} INFO - POST http://elasticsearch:9200/_bulk [status:200 request:0.115s]
[2025-04-13T08:47:01.210+0000] {base.py:271} INFO - POST http://elasticsearch:9200/_bulk [status:200 request:0.131s]
[2025-04-13T08:47:01.308+0000] {base.py:271} INFO - POST http://elasticsearch:9200/_bulk [status:200 request:0.067s]
[2025-04-13T08:47:01.581+0000] {base.py:271} INFO - POST http://elasticsearch:9200/_bulk [status:200 request:0.213s]
[2025-04-13T08:47:01.961+0000] {base.py:271} INFO - POST http://elasticsearch:9200/_bulk [status:200 request:0.313s]
[2025-04-13T08:47:02.384+0000] {base.py:271} INFO - POST http://elasticsearch:9200/_bulk [status:200 request:0.393s]
[2025-04-13T08:47:02.720+0000] {base.py:271} INFO - POST http://elasticsearch:9200/_bulk [status:200 request:0.254s]
[2025-04-13T08:47:03.550+0000] {base.py:271} INFO - POST http://elasticsearch:9200/_bulk [status:200 request:0.741s]
[2025-04-13T08:47:03.969+0000] {base.py:271} INFO - POST http://elasticsearch:9200/_bulk [status:200 request:0.375s]
[2025-04-13T08:47:04.255+0000] {base.py:271} INFO - POST http://elasticsearch:9200/_bulk [status:200 request:0.226s]
[2025-04-13T08:47:04.785+0000] {base.py:271} INFO - POST http://elasticsearch:9200/_bulk [status:200 request:0.498s]
[2025-04-13T08:47:05.470+0000] {base.py:271} INFO - POST http://elasticsearch:9200/_bulk [status:200 request:0.630s]
[2025-04-13T08:47:06.000+0000] {base.py:271} INFO - POST http://elasticsearch:9200/_bulk [status:200 request:0.489s]
[2025-04-13T08:47:06.596+0000] {base.py:271} INFO - POST http://elasticsearch:9200/_bulk [status:200 request:0.552s]
[2025-04-13T08:47:06.975+0000] {base.py:271} INFO - POST http://elasticsearch:9200/_bulk [status:200 request:0.265s]
[2025-04-13T08:47:07.262+0000] {base.py:271} INFO - POST http://elasticsearch:9200/_bulk [status:200 request:0.233s]
[2025-04-13T08:47:07.614+0000] {base.py:271} INFO - POST http://elasticsearch:9200/_bulk [status:200 request:0.311s]
[2025-04-13T08:47:07.966+0000] {base.py:271} INFO - POST http://elasticsearch:9200/_bulk [status:200 request:0.295s]
[2025-04-13T08:47:08.608+0000] {base.py:271} INFO - POST http://elasticsearch:9200/_bulk [status:200 request:0.554s]
[2025-04-13T08:47:08.830+0000] {base.py:271} INFO - POST http://elasticsearch:9200/_bulk [status:200 request:0.155s]
[2025-04-13T08:47:08.960+0000] {base.py:271} INFO - POST http://elasticsearch:9200/_bulk [status:200 request:0.094s]
[2025-04-13T08:47:09.453+0000] {base.py:271} INFO - POST http://elasticsearch:9200/_bulk [status:200 request:0.431s]
[2025-04-13T08:47:10.041+0000] {base.py:271} INFO - POST http://elasticsearch:9200/_bulk [status:200 request:0.533s]
[2025-04-13T08:47:10.750+0000] {base.py:271} INFO - POST http://elasticsearch:9200/_bulk [status:200 request:0.652s]
[2025-04-13T08:47:11.138+0000] {base.py:271} INFO - POST http://elasticsearch:9200/_bulk [status:200 request:0.271s]
[2025-04-13T08:47:11.520+0000] {base.py:271} INFO - POST http://elasticsearch:9200/_bulk [status:200 request:0.339s]
[2025-04-13T08:47:12.041+0000] {base.py:271} INFO - POST http://elasticsearch:9200/_bulk [status:200 request:0.454s]
[2025-04-13T08:47:12.318+0000] {base.py:271} INFO - POST http://elasticsearch:9200/_bulk [status:200 request:0.188s]
[2025-04-13T08:47:12.532+0000] {base.py:271} INFO - POST http://elasticsearch:9200/_bulk [status:200 request:0.102s]
[2025-04-13T08:47:12.750+0000] {base.py:271} INFO - POST http://elasticsearch:9200/_bulk [status:200 request:0.190s]
[2025-04-13T08:47:13.190+0000] {base.py:271} INFO - POST http://elasticsearch:9200/_bulk [status:200 request:0.329s]
[2025-04-13T08:47:13.771+0000] {base.py:271} INFO - POST http://elasticsearch:9200/_bulk [status:200 request:0.445s]
[2025-04-13T08:47:14.133+0000] {base.py:271} INFO - POST http://elasticsearch:9200/_bulk [status:200 request:0.264s]
[2025-04-13T08:47:14.428+0000] {base.py:271} INFO - POST http://elasticsearch:9200/_bulk [status:200 request:0.218s]
[2025-04-13T08:47:14.804+0000] {base.py:271} INFO - POST http://elasticsearch:9200/_bulk [status:200 request:0.326s]
[2025-04-13T08:47:15.151+0000] {base.py:271} INFO - POST http://elasticsearch:9200/_bulk [status:200 request:0.289s]
[2025-04-13T08:47:15.729+0000] {base.py:271} INFO - POST http://elasticsearch:9200/_bulk [status:200 request:0.512s]
[2025-04-13T08:47:16.149+0000] {base.py:271} INFO - POST http://elasticsearch:9200/_bulk [status:200 request:0.292s]
[2025-04-13T08:47:16.688+0000] {base.py:271} INFO - POST http://elasticsearch:9200/_bulk [status:200 request:0.489s]
[2025-04-13T08:47:17.039+0000] {base.py:271} INFO - POST http://elasticsearch:9200/_bulk [status:200 request:0.262s]
[2025-04-13T08:47:17.615+0000] {base.py:271} INFO - POST http://elasticsearch:9200/_bulk [status:200 request:0.478s]
[2025-04-13T08:47:17.895+0000] {base.py:271} INFO - POST http://elasticsearch:9200/_bulk [status:200 request:0.206s]
[2025-04-13T08:47:18.062+0000] {base.py:271} INFO - POST http://elasticsearch:9200/_bulk [status:200 request:0.138s]
[2025-04-13T08:47:18.315+0000] {base.py:271} INFO - POST http://elasticsearch:9200/_bulk [status:200 request:0.209s]
[2025-04-13T08:47:19.043+0000] {base.py:271} INFO - POST http://elasticsearch:9200/_bulk [status:200 request:0.584s]
[2025-04-13T08:47:19.665+0000] {base.py:271} INFO - POST http://elasticsearch:9200/_bulk [status:200 request:0.557s]
[2025-04-13T08:47:20.113+0000] {base.py:271} INFO - POST http://elasticsearch:9200/_bulk [status:200 request:0.380s]
[2025-04-13T08:47:20.605+0000] {base.py:271} INFO - POST http://elasticsearch:9200/_bulk [status:200 request:0.416s]
[2025-04-13T08:47:20.818+0000] {base.py:271} INFO - POST http://elasticsearch:9200/_bulk [status:200 request:0.172s]
[2025-04-13T08:47:21.287+0000] {base.py:271} INFO - POST http://elasticsearch:9200/_bulk [status:200 request:0.388s]
[2025-04-13T08:47:21.500+0000] {base.py:271} INFO - POST http://elasticsearch:9200/_bulk [status:200 request:0.175s]
[2025-04-13T08:47:21.907+0000] {base.py:271} INFO - POST http://elasticsearch:9200/_bulk [status:200 request:0.356s]
[2025-04-13T08:47:22.258+0000] {base.py:271} INFO - POST http://elasticsearch:9200/_bulk [status:200 request:0.287s]
[2025-04-13T08:47:22.553+0000] {base.py:271} INFO - POST http://elasticsearch:9200/_bulk [status:200 request:0.248s]
[2025-04-13T08:47:22.768+0000] {base.py:271} INFO - POST http://elasticsearch:9200/_bulk [status:200 request:0.183s]
[2025-04-13T08:47:23.076+0000] {base.py:271} INFO - POST http://elasticsearch:9200/_bulk [status:200 request:0.239s]
[2025-04-13T08:47:23.338+0000] {base.py:271} INFO - POST http://elasticsearch:9200/_bulk [status:200 request:0.199s]
[2025-04-13T08:47:23.667+0000] {base.py:271} INFO - POST http://elasticsearch:9200/_bulk [status:200 request:0.289s]
[2025-04-13T08:47:23.840+0000] {base.py:271} INFO - POST http://elasticsearch:9200/_bulk [status:200 request:0.120s]
[2025-04-13T08:47:24.046+0000] {base.py:271} INFO - POST http://elasticsearch:9200/_bulk [status:200 request:0.155s]
[2025-04-13T08:47:24.430+0000] {base.py:271} INFO - POST http://elasticsearch:9200/_bulk [status:200 request:0.329s]
[2025-04-13T08:47:24.783+0000] {base.py:271} INFO - POST http://elasticsearch:9200/_bulk [status:200 request:0.232s]
[2025-04-13T08:47:25.202+0000] {base.py:271} INFO - POST http://elasticsearch:9200/_bulk [status:200 request:0.380s]
[2025-04-13T08:47:25.728+0000] {base.py:271} INFO - POST http://elasticsearch:9200/_bulk [status:200 request:0.418s]
[2025-04-13T08:47:25.937+0000] {base.py:271} INFO - POST http://elasticsearch:9200/_bulk [status:200 request:0.124s]
[2025-04-13T08:47:26.528+0000] {base.py:271} INFO - POST http://elasticsearch:9200/_bulk [status:200 request:0.486s]
[2025-04-13T08:47:26.849+0000] {base.py:271} INFO - POST http://elasticsearch:9200/_bulk [status:200 request:0.239s]
[2025-04-13T08:47:26.987+0000] {base.py:271} INFO - POST http://elasticsearch:9200/_bulk [status:200 request:0.101s]
[2025-04-13T08:47:27.105+0000] {base.py:271} INFO - POST http://elasticsearch:9200/_bulk [status:200 request:0.086s]
[2025-04-13T08:47:27.287+0000] {base.py:271} INFO - POST http://elasticsearch:9200/_bulk [status:200 request:0.154s]
[2025-04-13T08:47:27.517+0000] {base.py:271} INFO - POST http://elasticsearch:9200/_bulk [status:200 request:0.169s]
[2025-04-13T08:47:27.787+0000] {base.py:271} INFO - POST http://elasticsearch:9200/_bulk [status:200 request:0.189s]
[2025-04-13T08:47:28.236+0000] {base.py:271} INFO - POST http://elasticsearch:9200/_bulk [status:200 request:0.316s]
[2025-04-13T08:47:28.726+0000] {base.py:271} INFO - POST http://elasticsearch:9200/_bulk [status:200 request:0.372s]
[2025-04-13T08:47:29.000+0000] {base.py:271} INFO - POST http://elasticsearch:9200/_bulk [status:200 request:0.155s]
[2025-04-13T08:47:29.156+0000] {base.py:271} INFO - POST http://elasticsearch:9200/_bulk [status:200 request:0.117s]
[2025-04-13T08:47:29.502+0000] {base.py:271} INFO - POST http://elasticsearch:9200/_bulk [status:200 request:0.312s]
[2025-04-13T08:47:30.068+0000] {base.py:271} INFO - POST http://elasticsearch:9200/_bulk [status:200 request:0.484s]
[2025-04-13T08:47:30.494+0000] {base.py:271} INFO - POST http://elasticsearch:9200/_bulk [status:200 request:0.323s]
[2025-04-13T08:47:30.716+0000] {base.py:271} INFO - POST http://elasticsearch:9200/_bulk [status:200 request:0.149s]
[2025-04-13T08:47:30.899+0000] {base.py:271} INFO - POST http://elasticsearch:9200/_bulk [status:200 request:0.117s]
[2025-04-13T08:47:31.044+0000] {base.py:271} INFO - POST http://elasticsearch:9200/_bulk [status:200 request:0.106s]
[2025-04-13T08:47:31.253+0000] {base.py:271} INFO - POST http://elasticsearch:9200/_bulk [status:200 request:0.170s]
[2025-04-13T08:47:31.508+0000] {base.py:271} INFO - POST http://elasticsearch:9200/_bulk [status:200 request:0.211s]
[2025-04-13T08:47:31.852+0000] {base.py:271} INFO - POST http://elasticsearch:9200/_bulk [status:200 request:0.310s]
[2025-04-13T08:47:32.537+0000] {base.py:271} INFO - POST http://elasticsearch:9200/_bulk [status:200 request:0.606s]
[2025-04-13T08:47:32.863+0000] {base.py:271} INFO - POST http://elasticsearch:9200/_bulk [status:200 request:0.238s]
[2025-04-13T08:47:33.128+0000] {base.py:271} INFO - POST http://elasticsearch:9200/_bulk [status:200 request:0.235s]
[2025-04-13T08:47:33.268+0000] {base.py:271} INFO - POST http://elasticsearch:9200/_bulk [status:200 request:0.096s]
[2025-04-13T08:47:33.501+0000] {base.py:271} INFO - POST http://elasticsearch:9200/_bulk [status:200 request:0.163s]
[2025-04-13T08:47:33.962+0000] {base.py:271} INFO - POST http://elasticsearch:9200/_bulk [status:200 request:0.378s]
[2025-04-13T08:47:34.216+0000] {base.py:271} INFO - POST http://elasticsearch:9200/_bulk [status:200 request:0.200s]
[2025-04-13T08:47:34.908+0000] {base.py:271} INFO - POST http://elasticsearch:9200/_bulk [status:200 request:0.606s]
[2025-04-13T08:47:35.294+0000] {base.py:271} INFO - POST http://elasticsearch:9200/_bulk [status:200 request:0.240s]
[2025-04-13T08:47:35.862+0000] {base.py:271} INFO - POST http://elasticsearch:9200/_bulk [status:200 request:0.513s]
[2025-04-13T08:47:36.098+0000] {base.py:271} INFO - POST http://elasticsearch:9200/_bulk [status:200 request:0.191s]
[2025-04-13T08:47:36.468+0000] {base.py:271} INFO - POST http://elasticsearch:9200/_bulk [status:200 request:0.226s]
[2025-04-13T08:47:36.766+0000] {base.py:271} INFO - POST http://elasticsearch:9200/_bulk [status:200 request:0.244s]
[2025-04-13T08:47:36.930+0000] {base.py:271} INFO - POST http://elasticsearch:9200/_bulk [status:200 request:0.118s]
[2025-04-13T08:47:37.167+0000] {base.py:271} INFO - POST http://elasticsearch:9200/_bulk [status:200 request:0.208s]
[2025-04-13T08:47:37.310+0000] {base.py:271} INFO - POST http://elasticsearch:9200/_bulk [status:200 request:0.106s]
[2025-04-13T08:47:37.614+0000] {base.py:271} INFO - POST http://elasticsearch:9200/_bulk [status:200 request:0.271s]
[2025-04-13T08:47:38.023+0000] {base.py:271} INFO - POST http://elasticsearch:9200/_bulk [status:200 request:0.344s]
[2025-04-13T08:47:38.281+0000] {base.py:271} INFO - POST http://elasticsearch:9200/_bulk [status:200 request:0.187s]
[2025-04-13T08:47:38.596+0000] {base.py:271} INFO - POST http://elasticsearch:9200/_bulk [status:200 request:0.270s]
[2025-04-13T08:47:38.820+0000] {base.py:271} INFO - POST http://elasticsearch:9200/_bulk [status:200 request:0.170s]
[2025-04-13T08:47:39.042+0000] {base.py:271} INFO - POST http://elasticsearch:9200/_bulk [status:200 request:0.149s]
[2025-04-13T08:47:39.359+0000] {base.py:271} INFO - POST http://elasticsearch:9200/_bulk [status:200 request:0.251s]
[2025-04-13T08:47:39.636+0000] {base.py:271} INFO - POST http://elasticsearch:9200/_bulk [status:200 request:0.202s]
[2025-04-13T08:47:39.906+0000] {base.py:271} INFO - POST http://elasticsearch:9200/_bulk [status:200 request:0.226s]
[2025-04-13T08:47:40.439+0000] {base.py:271} INFO - POST http://elasticsearch:9200/_bulk [status:200 request:0.495s]
[2025-04-13T08:47:40.926+0000] {base.py:271} INFO - POST http://elasticsearch:9200/_bulk [status:200 request:0.396s]
[2025-04-13T08:47:41.112+0000] {base.py:271} INFO - POST http://elasticsearch:9200/_bulk [status:200 request:0.157s]
[2025-04-13T08:47:41.391+0000] {base.py:271} INFO - POST http://elasticsearch:9200/_bulk [status:200 request:0.201s]
[2025-04-13T08:47:41.852+0000] {base.py:271} INFO - POST http://elasticsearch:9200/_bulk [status:200 request:0.363s]
[2025-04-13T08:47:41.995+0000] {base.py:271} INFO - POST http://elasticsearch:9200/_bulk [status:200 request:0.087s]
[2025-04-13T08:47:42.164+0000] {base.py:271} INFO - POST http://elasticsearch:9200/_bulk [status:200 request:0.127s]
[2025-04-13T08:47:42.535+0000] {base.py:271} INFO - POST http://elasticsearch:9200/_bulk [status:200 request:0.295s]
[2025-04-13T08:47:43.018+0000] {base.py:271} INFO - POST http://elasticsearch:9200/_bulk [status:200 request:0.392s]
[2025-04-13T08:47:43.152+0000] {base.py:271} INFO - POST http://elasticsearch:9200/_bulk [status:200 request:0.103s]
[2025-04-13T08:47:43.340+0000] {base.py:271} INFO - POST http://elasticsearch:9200/_bulk [status:200 request:0.147s]
[2025-04-13T08:47:43.626+0000] {base.py:271} INFO - POST http://elasticsearch:9200/_bulk [status:200 request:0.191s]
[2025-04-13T08:47:43.951+0000] {base.py:271} INFO - POST http://elasticsearch:9200/_bulk [status:200 request:0.237s]
[2025-04-13T08:47:44.269+0000] {base.py:271} INFO - POST http://elasticsearch:9200/_bulk [status:200 request:0.210s]
[2025-04-13T08:47:44.351+0000] {base.py:271} INFO - POST http://elasticsearch:9200/_bulk [status:200 request:0.046s]
[2025-04-13T08:47:44.353+0000] {logging_mixin.py:115} INFO - 85553 documents indexed to Elasticsearch 'table_m3'.
[2025-04-13T08:47:44.475+0000] {python.py:173} INFO - Done. Returned value was: None
[2025-04-13T08:47:44.568+0000] {taskinstance.py:1412} INFO - Marking task as SUCCESS. dag_id=M3_GA_pipeline, task_id=post_to_elasticsearch, execution_date=20250413T084517, start_date=20250413T084614, end_date=20250413T084744
[2025-04-13T08:47:44.687+0000] {local_task_job.py:156} INFO - Task exited with return code 0
[2025-04-13T08:47:44.898+0000] {local_task_job.py:279} INFO - 0 downstream tasks scheduled from follow-on schedule check
