[2025-04-13T08:45:24.052+0000] {taskinstance.py:1171} INFO - Dependencies all met for <TaskInstance: M3_GA_pipeline.fetch_from_postgresql manual__2025-04-13T08:45:17.704667+00:00 [queued]>
[2025-04-13T08:45:24.079+0000] {taskinstance.py:1171} INFO - Dependencies all met for <TaskInstance: M3_GA_pipeline.fetch_from_postgresql manual__2025-04-13T08:45:17.704667+00:00 [queued]>
[2025-04-13T08:45:24.081+0000] {taskinstance.py:1368} INFO - 
--------------------------------------------------------------------------------
[2025-04-13T08:45:24.083+0000] {taskinstance.py:1369} INFO - Starting attempt 1 of 1
[2025-04-13T08:45:24.084+0000] {taskinstance.py:1370} INFO - 
--------------------------------------------------------------------------------
[2025-04-13T08:45:24.220+0000] {taskinstance.py:1389} INFO - Executing <Task(PythonOperator): fetch_from_postgresql> on 2025-04-13 08:45:17.704667+00:00
[2025-04-13T08:45:24.257+0000] {standard_task_runner.py:52} INFO - Started process 1717 to run task
[2025-04-13T08:45:24.277+0000] {standard_task_runner.py:79} INFO - Running: ['***', 'tasks', 'run', 'M3_GA_pipeline', 'fetch_from_postgresql', 'manual__2025-04-13T08:45:17.704667+00:00', '--job-id', '26', '--raw', '--subdir', 'DAGS_FOLDER/P2M3_galuh_alifani_DAG.py', '--cfg-path', '/tmp/tmptd8i0k7a', '--error-file', '/tmp/tmpxuyrmrpk']
[2025-04-13T08:45:24.285+0000] {standard_task_runner.py:80} INFO - Job 26: Subtask fetch_from_postgresql
[2025-04-13T08:45:24.915+0000] {task_command.py:371} INFO - Running <TaskInstance: M3_GA_pipeline.fetch_from_postgresql manual__2025-04-13T08:45:17.704667+00:00 [running]> on host a0a67293f3f1
[2025-04-13T08:45:25.199+0000] {taskinstance.py:1583} INFO - Exporting the following env vars:
AIRFLOW_CTX_DAG_OWNER=Galuh
AIRFLOW_CTX_DAG_ID=M3_GA_pipeline
AIRFLOW_CTX_TASK_ID=fetch_from_postgresql
AIRFLOW_CTX_EXECUTION_DATE=2025-04-13T08:45:17.704667+00:00
AIRFLOW_CTX_TRY_NUMBER=1
AIRFLOW_CTX_DAG_RUN_ID=manual__2025-04-13T08:45:17.704667+00:00
[2025-04-13T08:45:35.028+0000] {logging_mixin.py:115} INFO - data has been loaded
[2025-04-13T08:45:35.126+0000] {python.py:173} INFO - Done. Returned value was: None
[2025-04-13T08:45:35.232+0000] {taskinstance.py:1412} INFO - Marking task as SUCCESS. dag_id=M3_GA_pipeline, task_id=fetch_from_postgresql, execution_date=20250413T084517, start_date=20250413T084524, end_date=20250413T084535
[2025-04-13T08:45:35.322+0000] {local_task_job.py:156} INFO - Task exited with return code 0
[2025-04-13T08:45:35.792+0000] {local_task_job.py:279} INFO - 1 downstream tasks scheduled from follow-on schedule check
