[2025-04-13T07:02:33.878+0000] {taskinstance.py:1171} INFO - Dependencies all met for <TaskInstance: M3_GA_pipeline.fetch_from_postgresql manual__2025-04-13T07:02:32.004516+00:00 [queued]>
[2025-04-13T07:02:33.895+0000] {taskinstance.py:1171} INFO - Dependencies all met for <TaskInstance: M3_GA_pipeline.fetch_from_postgresql manual__2025-04-13T07:02:32.004516+00:00 [queued]>
[2025-04-13T07:02:33.895+0000] {taskinstance.py:1368} INFO - 
--------------------------------------------------------------------------------
[2025-04-13T07:02:33.896+0000] {taskinstance.py:1369} INFO - Starting attempt 1 of 1
[2025-04-13T07:02:33.896+0000] {taskinstance.py:1370} INFO - 
--------------------------------------------------------------------------------
[2025-04-13T07:02:33.919+0000] {taskinstance.py:1389} INFO - Executing <Task(PythonOperator): fetch_from_postgresql> on 2025-04-13 07:02:32.004516+00:00
[2025-04-13T07:02:33.926+0000] {standard_task_runner.py:52} INFO - Started process 502 to run task
[2025-04-13T07:02:33.929+0000] {standard_task_runner.py:79} INFO - Running: ['***', 'tasks', 'run', 'M3_GA_pipeline', 'fetch_from_postgresql', 'manual__2025-04-13T07:02:32.004516+00:00', '--job-id', '23', '--raw', '--subdir', 'DAGS_FOLDER/P2M3_galuh_alifani_DAG.py', '--cfg-path', '/tmp/tmpqznaulba', '--error-file', '/tmp/tmp55d3bol1']
[2025-04-13T07:02:33.931+0000] {standard_task_runner.py:80} INFO - Job 23: Subtask fetch_from_postgresql
[2025-04-13T07:02:34.075+0000] {task_command.py:371} INFO - Running <TaskInstance: M3_GA_pipeline.fetch_from_postgresql manual__2025-04-13T07:02:32.004516+00:00 [running]> on host a0a67293f3f1
[2025-04-13T07:02:34.212+0000] {taskinstance.py:1583} INFO - Exporting the following env vars:
AIRFLOW_CTX_DAG_OWNER=Galuh
AIRFLOW_CTX_DAG_ID=M3_GA_pipeline
AIRFLOW_CTX_TASK_ID=fetch_from_postgresql
AIRFLOW_CTX_EXECUTION_DATE=2025-04-13T07:02:32.004516+00:00
AIRFLOW_CTX_TRY_NUMBER=1
AIRFLOW_CTX_DAG_RUN_ID=manual__2025-04-13T07:02:32.004516+00:00
[2025-04-13T07:02:37.625+0000] {logging_mixin.py:115} INFO - data has been loaded
[2025-04-13T07:02:37.690+0000] {python.py:173} INFO - Done. Returned value was: None
[2025-04-13T07:02:37.722+0000] {taskinstance.py:1412} INFO - Marking task as SUCCESS. dag_id=M3_GA_pipeline, task_id=fetch_from_postgresql, execution_date=20250413T070232, start_date=20250413T070233, end_date=20250413T070237
[2025-04-13T07:02:37.796+0000] {local_task_job.py:156} INFO - Task exited with return code 0
[2025-04-13T07:02:37.932+0000] {local_task_job.py:279} INFO - 0 downstream tasks scheduled from follow-on schedule check
