[2025-04-14T07:14:08.862+0000] {taskinstance.py:1171} INFO - Dependencies all met for <TaskInstance: M3_GA_pipeline.fetch_from_postgresql manual__2025-04-14T07:14:06.676266+00:00 [queued]>
[2025-04-14T07:14:08.885+0000] {taskinstance.py:1171} INFO - Dependencies all met for <TaskInstance: M3_GA_pipeline.fetch_from_postgresql manual__2025-04-14T07:14:06.676266+00:00 [queued]>
[2025-04-14T07:14:08.886+0000] {taskinstance.py:1368} INFO - 
--------------------------------------------------------------------------------
[2025-04-14T07:14:08.887+0000] {taskinstance.py:1369} INFO - Starting attempt 1 of 1
[2025-04-14T07:14:08.887+0000] {taskinstance.py:1370} INFO - 
--------------------------------------------------------------------------------
[2025-04-14T07:14:08.934+0000] {taskinstance.py:1389} INFO - Executing <Task(PythonOperator): fetch_from_postgresql> on 2025-04-14 07:14:06.676266+00:00
[2025-04-14T07:14:08.948+0000] {standard_task_runner.py:52} INFO - Started process 1184 to run task
[2025-04-14T07:14:08.955+0000] {standard_task_runner.py:79} INFO - Running: ['***', 'tasks', 'run', 'M3_GA_pipeline', 'fetch_from_postgresql', 'manual__2025-04-14T07:14:06.676266+00:00', '--job-id', '44', '--raw', '--subdir', 'DAGS_FOLDER/P2M3_galuh_alifani_DAG.py', '--cfg-path', '/tmp/tmpdox_1enb', '--error-file', '/tmp/tmp48cvu54e']
[2025-04-14T07:14:08.968+0000] {standard_task_runner.py:80} INFO - Job 44: Subtask fetch_from_postgresql
[2025-04-14T07:14:09.582+0000] {task_command.py:371} INFO - Running <TaskInstance: M3_GA_pipeline.fetch_from_postgresql manual__2025-04-14T07:14:06.676266+00:00 [running]> on host b652548eb1f7
[2025-04-14T07:14:10.057+0000] {taskinstance.py:1583} INFO - Exporting the following env vars:
AIRFLOW_CTX_DAG_OWNER=Galuh
AIRFLOW_CTX_DAG_ID=M3_GA_pipeline
AIRFLOW_CTX_TASK_ID=fetch_from_postgresql
AIRFLOW_CTX_EXECUTION_DATE=2025-04-14T07:14:06.676266+00:00
AIRFLOW_CTX_TRY_NUMBER=1
AIRFLOW_CTX_DAG_RUN_ID=manual__2025-04-14T07:14:06.676266+00:00
[2025-04-14T07:14:14.102+0000] {logging_mixin.py:115} INFO - data has been loaded
[2025-04-14T07:14:14.184+0000] {python.py:173} INFO - Done. Returned value was: None
[2025-04-14T07:14:14.225+0000] {taskinstance.py:1412} INFO - Marking task as SUCCESS. dag_id=M3_GA_pipeline, task_id=fetch_from_postgresql, execution_date=20250414T071406, start_date=20250414T071408, end_date=20250414T071414
[2025-04-14T07:14:14.278+0000] {local_task_job.py:156} INFO - Task exited with return code 0
[2025-04-14T07:14:14.367+0000] {local_task_job.py:279} INFO - 1 downstream tasks scheduled from follow-on schedule check
